[2025-03-24 21:29:39] [INFO] TestCases - test test
[2025-03-24 21:55:10] [ERROR] Base - There was an error opening the url Cannot invoke "org.openqa.selenium.WebDriver.get(String)" because "utils.Base.driver" is null
[2025-03-24 21:55:23] [ERROR] Base - There was an error opening the url Cannot invoke "org.openqa.selenium.WebDriver.get(String)" because "utils.Base.driver" is null
[2025-03-24 21:55:50] [INFO] Base - Default browser has been selected - Chrome
[2025-03-24 21:55:50] [ERROR] Base - There was an error opening the url invalid argument
  (Session info: chrome=131.0.6778.205)
Build info: version: '4.29.0', revision: '5fc1ec94cb'
System info: os.name: 'Windows 11', os.arch: 'amd64', os.version: '10.0', java.version: '21.0.6'
Driver info: org.openqa.selenium.chrome.ChromeDriver
Command: [45d9429af2202ed7d6dbfd37ae472724, get {url="https://www.zigwheels.com/"}]
Capabilities {acceptInsecureCerts: false, browserName: chrome, browserVersion: 131.0.6778.205, chrome: {chromedriverVersion: 131.0.6778.264 (2d05e315153..., userDataDir: C:\Users\2391448\AppData\Lo...}, fedcm:accounts: true, goog:chromeOptions: {debuggerAddress: localhost:62526}, networkConnectionEnabled: false, pageLoadStrategy: normal, platformName: windows, proxy: Proxy(), se:cdp: ws://localhost:62526/devtoo..., se:cdpVersion: 131.0.6778.205, setWindowRect: true, strictFileInteractability: false, timeouts: {implicit: 0, pageLoad: 300000, script: 30000}, unhandledPromptBehavior: dismiss and notify, webauthn:extension:credBlob: true, webauthn:extension:largeBlob: true, webauthn:extension:minPinLength: true, webauthn:extension:prf: true, webauthn:virtualAuthenticators: true}
Session ID: 45d9429af2202ed7d6dbfd37ae472724
[2025-03-24 22:00:41] [INFO] Base - Default browser has been selected - Chrome
[2025-03-24 22:00:41] [ERROR] Base - There was an error opening the url invalid argument
  (Session info: chrome=131.0.6778.205)
Build info: version: '4.29.0', revision: '5fc1ec94cb'
System info: os.name: 'Windows 11', os.arch: 'amd64', os.version: '10.0', java.version: '21.0.6'
Driver info: org.openqa.selenium.chrome.ChromeDriver
Command: [52cc28eb063fca207fb4388f3639ef3d, get {url="https://www.zigwheels.com/"}]
Capabilities {acceptInsecureCerts: false, browserName: chrome, browserVersion: 131.0.6778.205, chrome: {chromedriverVersion: 131.0.6778.264 (2d05e315153..., userDataDir: C:\Users\2391448\AppData\Lo...}, fedcm:accounts: true, goog:chromeOptions: {debuggerAddress: localhost:62736}, networkConnectionEnabled: false, pageLoadStrategy: normal, platformName: windows, proxy: Proxy(), se:cdp: ws://localhost:62736/devtoo..., se:cdpVersion: 131.0.6778.205, setWindowRect: true, strictFileInteractability: false, timeouts: {implicit: 0, pageLoad: 300000, script: 30000}, unhandledPromptBehavior: dismiss and notify, webauthn:extension:credBlob: true, webauthn:extension:largeBlob: true, webauthn:extension:minPinLength: true, webauthn:extension:prf: true, webauthn:virtualAuthenticators: true}
Session ID: 52cc28eb063fca207fb4388f3639ef3d
[2025-03-24 22:01:31] [INFO] Base - Default browser has been selected - Chrome
[2025-03-24 22:01:31] [ERROR] Base - There was an error opening the url invalid argument
  (Session info: chrome=131.0.6778.205)
Build info: version: '4.29.0', revision: '5fc1ec94cb'
System info: os.name: 'Windows 11', os.arch: 'amd64', os.version: '10.0', java.version: '21.0.6'
Driver info: org.openqa.selenium.chrome.ChromeDriver
Command: [4941c6a2565fd8472b1d114f327cf1e8, get {url="https://www.zigwheels.com/"}]
Capabilities {acceptInsecureCerts: false, browserName: chrome, browserVersion: 131.0.6778.205, chrome: {chromedriverVersion: 131.0.6778.264 (2d05e315153..., userDataDir: C:\Users\2391448\AppData\Lo...}, fedcm:accounts: true, goog:chromeOptions: {debuggerAddress: localhost:62787}, networkConnectionEnabled: false, pageLoadStrategy: normal, platformName: windows, proxy: Proxy(), se:cdp: ws://localhost:62787/devtoo..., se:cdpVersion: 131.0.6778.205, setWindowRect: true, strictFileInteractability: false, timeouts: {implicit: 0, pageLoad: 300000, script: 30000}, unhandledPromptBehavior: dismiss and notify, webauthn:extension:credBlob: true, webauthn:extension:largeBlob: true, webauthn:extension:minPinLength: true, webauthn:extension:prf: true, webauthn:virtualAuthenticators: true}
Session ID: 4941c6a2565fd8472b1d114f327cf1e8
[2025-03-24 22:08:55] [INFO] Base - Default browser has been selected - Chrome
[2025-03-24 22:08:55] [ERROR] Base - There was an error opening the url invalid argument
  (Session info: chrome=131.0.6778.205)
Build info: version: '4.29.0', revision: '5fc1ec94cb'
System info: os.name: 'Windows 11', os.arch: 'amd64', os.version: '10.0', java.version: '21.0.6'
Driver info: org.openqa.selenium.chrome.ChromeDriver
Command: [bc28f9df9d70883f7939725d6686b0e1, get {url="https://www.zigwheels.com/"}]
Capabilities {acceptInsecureCerts: false, browserName: chrome, browserVersion: 131.0.6778.205, chrome: {chromedriverVersion: 131.0.6778.264 (2d05e315153..., userDataDir: C:\Users\2391448\AppData\Lo...}, fedcm:accounts: true, goog:chromeOptions: {debuggerAddress: localhost:63124}, networkConnectionEnabled: false, pageLoadStrategy: normal, platformName: windows, proxy: Proxy(), se:cdp: ws://localhost:63124/devtoo..., se:cdpVersion: 131.0.6778.205, setWindowRect: true, strictFileInteractability: false, timeouts: {implicit: 0, pageLoad: 300000, script: 30000}, unhandledPromptBehavior: dismiss and notify, webauthn:extension:credBlob: true, webauthn:extension:largeBlob: true, webauthn:extension:minPinLength: true, webauthn:extension:prf: true, webauthn:virtualAuthenticators: true}
Session ID: bc28f9df9d70883f7939725d6686b0e1
[2025-03-24 22:16:21] [INFO] Base - Default browser has been selected - Chrome
[2025-03-24 22:16:21] [ERROR] Base - There was an error opening the url invalid argument
  (Session info: chrome=131.0.6778.205)
Build info: version: '4.29.0', revision: '5fc1ec94cb'
System info: os.name: 'Windows 11', os.arch: 'amd64', os.version: '10.0', java.version: '21.0.6'
Driver info: org.openqa.selenium.chrome.ChromeDriver
Command: [875a36253afb23fe9e6c623b591a2b97, get {url="https://www.zigwheels.com/"}]
Capabilities {acceptInsecureCerts: false, browserName: chrome, browserVersion: 131.0.6778.205, chrome: {chromedriverVersion: 131.0.6778.264 (2d05e315153..., userDataDir: C:\Users\2391448\AppData\Lo...}, fedcm:accounts: true, goog:chromeOptions: {debuggerAddress: localhost:63502}, networkConnectionEnabled: false, pageLoadStrategy: normal, platformName: windows, proxy: Proxy(), se:cdp: ws://localhost:63502/devtoo..., se:cdpVersion: 131.0.6778.205, setWindowRect: true, strictFileInteractability: false, timeouts: {implicit: 0, pageLoad: 300000, script: 30000}, unhandledPromptBehavior: dismiss and notify, webauthn:extension:credBlob: true, webauthn:extension:largeBlob: true, webauthn:extension:minPinLength: true, webauthn:extension:prf: true, webauthn:virtualAuthenticators: true}
Session ID: 875a36253afb23fe9e6c623b591a2b97
[2025-03-24 22:17:42] [INFO] Base - Default browser has been selected - Chrome
[2025-03-24 22:17:42] [ERROR] Base - There was an error opening the url invalid argument
  (Session info: chrome=131.0.6778.205)
Build info: version: '4.29.0', revision: '5fc1ec94cb'
System info: os.name: 'Windows 11', os.arch: 'amd64', os.version: '10.0', java.version: '21.0.6'
Driver info: org.openqa.selenium.chrome.ChromeDriver
Command: [2dc37ad5454d6f8bc189c7285e707ce4, get {url="https://www.zigwheels.com/"}]
Capabilities {acceptInsecureCerts: false, browserName: chrome, browserVersion: 131.0.6778.205, chrome: {chromedriverVersion: 131.0.6778.264 (2d05e315153..., userDataDir: C:\Users\2391448\AppData\Lo...}, fedcm:accounts: true, goog:chromeOptions: {debuggerAddress: localhost:63738}, networkConnectionEnabled: false, pageLoadStrategy: normal, platformName: windows, proxy: Proxy(), se:cdp: ws://localhost:63738/devtoo..., se:cdpVersion: 131.0.6778.205, setWindowRect: true, strictFileInteractability: false, timeouts: {implicit: 0, pageLoad: 300000, script: 30000}, unhandledPromptBehavior: dismiss and notify, webauthn:extension:credBlob: true, webauthn:extension:largeBlob: true, webauthn:extension:minPinLength: true, webauthn:extension:prf: true, webauthn:virtualAuthenticators: true}
Session ID: 2dc37ad5454d6f8bc189c7285e707ce4
[2025-03-24 22:31:50] [INFO] Base - Default browser has been selected - Chrome
[2025-03-24 22:31:50] [ERROR] Base - There was an error opening the url invalid argument
  (Session info: chrome=131.0.6778.205)
Build info: version: '4.29.0', revision: '5fc1ec94cb'
System info: os.name: 'Windows 11', os.arch: 'amd64', os.version: '10.0', java.version: '21.0.6'
Driver info: org.openqa.selenium.chrome.ChromeDriver
Command: [7c69e44fb66f8b5a92004f7e589cddfc, get {url="https://www.zigwheels.com/"}]
Capabilities {acceptInsecureCerts: false, browserName: chrome, browserVersion: 131.0.6778.205, chrome: {chromedriverVersion: 131.0.6778.264 (2d05e315153..., userDataDir: C:\Users\2391448\AppData\Lo...}, fedcm:accounts: true, goog:chromeOptions: {debuggerAddress: localhost:64326}, networkConnectionEnabled: false, pageLoadStrategy: normal, platformName: windows, proxy: Proxy(), se:cdp: ws://localhost:64326/devtoo..., se:cdpVersion: 131.0.6778.205, setWindowRect: true, strictFileInteractability: false, timeouts: {implicit: 0, pageLoad: 300000, script: 30000}, unhandledPromptBehavior: dismiss and notify, webauthn:extension:credBlob: true, webauthn:extension:largeBlob: true, webauthn:extension:minPinLength: true, webauthn:extension:prf: true, webauthn:virtualAuthenticators: true}
Session ID: 7c69e44fb66f8b5a92004f7e589cddfc
[2025-03-24 22:45:16] [INFO] Base - Default browser has been selected - Chrome
[2025-03-24 22:45:16] [ERROR] Base - There was an error opening the url invalid argument
  (Session info: chrome=131.0.6778.205)
Build info: version: '4.29.0', revision: '5fc1ec94cb'
System info: os.name: 'Windows 11', os.arch: 'amd64', os.version: '10.0', java.version: '21.0.6'
Driver info: org.openqa.selenium.chrome.ChromeDriver
Command: [a509a5245f83ba1974d33a28f6e4466a, get {url="https://www.zigwheels.com/"}]
Capabilities {acceptInsecureCerts: false, browserName: chrome, browserVersion: 131.0.6778.205, chrome: {chromedriverVersion: 131.0.6778.264 (2d05e315153..., userDataDir: C:\Users\2391448\AppData\Lo...}, fedcm:accounts: true, goog:chromeOptions: {debuggerAddress: localhost:50340}, networkConnectionEnabled: false, pageLoadStrategy: normal, platformName: windows, proxy: Proxy(), se:cdp: ws://localhost:50340/devtoo..., se:cdpVersion: 131.0.6778.205, setWindowRect: true, strictFileInteractability: false, timeouts: {implicit: 0, pageLoad: 300000, script: 30000}, unhandledPromptBehavior: dismiss and notify, webauthn:extension:credBlob: true, webauthn:extension:largeBlob: true, webauthn:extension:minPinLength: true, webauthn:extension:prf: true, webauthn:virtualAuthenticators: true}
Session ID: a509a5245f83ba1974d33a28f6e4466a
[2025-03-24 22:45:26] [INFO] Base - Default browser has been selected - Chrome
[2025-03-24 22:45:26] [ERROR] Base - There was an error opening the url invalid argument
  (Session info: chrome=131.0.6778.205)
Build info: version: '4.29.0', revision: '5fc1ec94cb'
System info: os.name: 'Windows 11', os.arch: 'amd64', os.version: '10.0', java.version: '21.0.6'
Driver info: org.openqa.selenium.chrome.ChromeDriver
Command: [4d326631393609e25f02d46a554796e7, get {url="https://www.zigwheels.com/"}]
Capabilities {acceptInsecureCerts: false, browserName: chrome, browserVersion: 131.0.6778.205, chrome: {chromedriverVersion: 131.0.6778.264 (2d05e315153..., userDataDir: C:\Users\2391448\AppData\Lo...}, fedcm:accounts: true, goog:chromeOptions: {debuggerAddress: localhost:50365}, networkConnectionEnabled: false, pageLoadStrategy: normal, platformName: windows, proxy: Proxy(), se:cdp: ws://localhost:50365/devtoo..., se:cdpVersion: 131.0.6778.205, setWindowRect: true, strictFileInteractability: false, timeouts: {implicit: 0, pageLoad: 300000, script: 30000}, unhandledPromptBehavior: dismiss and notify, webauthn:extension:credBlob: true, webauthn:extension:largeBlob: true, webauthn:extension:minPinLength: true, webauthn:extension:prf: true, webauthn:virtualAuthenticators: true}
Session ID: 4d326631393609e25f02d46a554796e7
[2025-03-24 22:45:36] [INFO] Base - Default browser has been selected - Chrome
[2025-03-24 22:45:36] [ERROR] Base - There was an error opening the url invalid argument
  (Session info: chrome=131.0.6778.205)
Build info: version: '4.29.0', revision: '5fc1ec94cb'
System info: os.name: 'Windows 11', os.arch: 'amd64', os.version: '10.0', java.version: '21.0.6'
Driver info: org.openqa.selenium.chrome.ChromeDriver
Command: [f9ccf64e5baf30fa63cf373cb3e4bcdd, get {url="https://www.zigwheels.com/"}]
Capabilities {acceptInsecureCerts: false, browserName: chrome, browserVersion: 131.0.6778.205, chrome: {chromedriverVersion: 131.0.6778.264 (2d05e315153..., userDataDir: C:\Users\2391448\AppData\Lo...}, fedcm:accounts: true, goog:chromeOptions: {debuggerAddress: localhost:50388}, networkConnectionEnabled: false, pageLoadStrategy: normal, platformName: windows, proxy: Proxy(), se:cdp: ws://localhost:50388/devtoo..., se:cdpVersion: 131.0.6778.205, setWindowRect: true, strictFileInteractability: false, timeouts: {implicit: 0, pageLoad: 300000, script: 30000}, unhandledPromptBehavior: dismiss and notify, webauthn:extension:credBlob: true, webauthn:extension:largeBlob: true, webauthn:extension:minPinLength: true, webauthn:extension:prf: true, webauthn:virtualAuthenticators: true}
Session ID: f9ccf64e5baf30fa63cf373cb3e4bcdd
[2025-03-24 22:51:48] [INFO] Base - Default browser has been selected - Chrome
[2025-03-24 22:51:48] [ERROR] Base - There was an error opening the url invalid argument
  (Session info: chrome=131.0.6778.205)
Build info: version: '4.29.0', revision: '5fc1ec94cb'
System info: os.name: 'Windows 11', os.arch: 'amd64', os.version: '10.0', java.version: '21.0.6'
Driver info: org.openqa.selenium.chrome.ChromeDriver
Command: [9c74ba55ce16f73e0fa0e7ee28719451, get {url="https://www.zigwheels.com/"}]
Capabilities {acceptInsecureCerts: false, browserName: chrome, browserVersion: 131.0.6778.205, chrome: {chromedriverVersion: 131.0.6778.264 (2d05e315153..., userDataDir: C:\Users\2391448\AppData\Lo...}, fedcm:accounts: true, goog:chromeOptions: {debuggerAddress: localhost:50811}, networkConnectionEnabled: false, pageLoadStrategy: normal, platformName: windows, proxy: Proxy(), se:cdp: ws://localhost:50811/devtoo..., se:cdpVersion: 131.0.6778.205, setWindowRect: true, strictFileInteractability: false, timeouts: {implicit: 0, pageLoad: 300000, script: 30000}, unhandledPromptBehavior: dismiss and notify, webauthn:extension:credBlob: true, webauthn:extension:largeBlob: true, webauthn:extension:minPinLength: true, webauthn:extension:prf: true, webauthn:virtualAuthenticators: true}
Session ID: 9c74ba55ce16f73e0fa0e7ee28719451
[2025-03-24 22:51:48] [ERROR] Base - Error while verifying ZigWheels logo: no such element: Unable to locate element: {"method":"css selector","selector":"img[alt='Home']"}
  (Session info: chrome=131.0.6778.205)
For documentation on this error, please visit: https://www.selenium.dev/documentation/webdriver/troubleshooting/errors#no-such-element-exception
Build info: version: '4.29.0', revision: '5fc1ec94cb'
System info: os.name: 'Windows 11', os.arch: 'amd64', os.version: '10.0', java.version: '21.0.6'
Driver info: org.openqa.selenium.chrome.ChromeDriver
Command: [9c74ba55ce16f73e0fa0e7ee28719451, findElement {value=img[alt='Home'], using=css selector}]
Capabilities {acceptInsecureCerts: false, browserName: chrome, browserVersion: 131.0.6778.205, chrome: {chromedriverVersion: 131.0.6778.264 (2d05e315153..., userDataDir: C:\Users\2391448\AppData\Lo...}, fedcm:accounts: true, goog:chromeOptions: {debuggerAddress: localhost:50811}, networkConnectionEnabled: false, pageLoadStrategy: normal, platformName: windows, proxy: Proxy(), se:cdp: ws://localhost:50811/devtoo..., se:cdpVersion: 131.0.6778.205, setWindowRect: true, strictFileInteractability: false, timeouts: {implicit: 0, pageLoad: 300000, script: 30000}, unhandledPromptBehavior: dismiss and notify, webauthn:extension:credBlob: true, webauthn:extension:largeBlob: true, webauthn:extension:minPinLength: true, webauthn:extension:prf: true, webauthn:virtualAuthenticators: true}
Session ID: 9c74ba55ce16f73e0fa0e7ee28719451
[2025-03-24 22:52:37] [INFO] Base - Default browser has been selected - Chrome
[2025-03-24 22:52:37] [ERROR] Base - There was an error opening the url invalid argument
  (Session info: chrome=131.0.6778.205)
Build info: version: '4.29.0', revision: '5fc1ec94cb'
System info: os.name: 'Windows 11', os.arch: 'amd64', os.version: '10.0', java.version: '21.0.6'
Driver info: org.openqa.selenium.chrome.ChromeDriver
Command: [60238d0daeda2b6694893232b5aac019, get {url="https://www.zigwheels.com/"}]
Capabilities {acceptInsecureCerts: false, browserName: chrome, browserVersion: 131.0.6778.205, chrome: {chromedriverVersion: 131.0.6778.264 (2d05e315153..., userDataDir: C:\Users\2391448\AppData\Lo...}, fedcm:accounts: true, goog:chromeOptions: {debuggerAddress: localhost:50884}, networkConnectionEnabled: false, pageLoadStrategy: normal, platformName: windows, proxy: Proxy(), se:cdp: ws://localhost:50884/devtoo..., se:cdpVersion: 131.0.6778.205, setWindowRect: true, strictFileInteractability: false, timeouts: {implicit: 0, pageLoad: 300000, script: 30000}, unhandledPromptBehavior: dismiss and notify, webauthn:extension:credBlob: true, webauthn:extension:largeBlob: true, webauthn:extension:minPinLength: true, webauthn:extension:prf: true, webauthn:virtualAuthenticators: true}
Session ID: 60238d0daeda2b6694893232b5aac019
[2025-03-24 22:52:37] [ERROR] Base - Error while verifying ZigWheels logo: no such element: Unable to locate element: {"method":"css selector","selector":"img[alt='Home']"}
  (Session info: chrome=131.0.6778.205)
For documentation on this error, please visit: https://www.selenium.dev/documentation/webdriver/troubleshooting/errors#no-such-element-exception
Build info: version: '4.29.0', revision: '5fc1ec94cb'
System info: os.name: 'Windows 11', os.arch: 'amd64', os.version: '10.0', java.version: '21.0.6'
Driver info: org.openqa.selenium.chrome.ChromeDriver
Command: [60238d0daeda2b6694893232b5aac019, findElement {value=img[alt='Home'], using=css selector}]
Capabilities {acceptInsecureCerts: false, browserName: chrome, browserVersion: 131.0.6778.205, chrome: {chromedriverVersion: 131.0.6778.264 (2d05e315153..., userDataDir: C:\Users\2391448\AppData\Lo...}, fedcm:accounts: true, goog:chromeOptions: {debuggerAddress: localhost:50884}, networkConnectionEnabled: false, pageLoadStrategy: normal, platformName: windows, proxy: Proxy(), se:cdp: ws://localhost:50884/devtoo..., se:cdpVersion: 131.0.6778.205, setWindowRect: true, strictFileInteractability: false, timeouts: {implicit: 0, pageLoad: 300000, script: 30000}, unhandledPromptBehavior: dismiss and notify, webauthn:extension:credBlob: true, webauthn:extension:largeBlob: true, webauthn:extension:minPinLength: true, webauthn:extension:prf: true, webauthn:virtualAuthenticators: true}
Session ID: 60238d0daeda2b6694893232b5aac019
[2025-03-24 22:54:15] [INFO] Base - Default browser has been selected - Chrome
[2025-03-24 22:54:15] [ERROR] Base - There was an error opening the url invalid argument
  (Session info: chrome=131.0.6778.205)
Build info: version: '4.29.0', revision: '5fc1ec94cb'
System info: os.name: 'Windows 11', os.arch: 'amd64', os.version: '10.0', java.version: '21.0.6'
Driver info: org.openqa.selenium.chrome.ChromeDriver
Command: [0425c190cadddd547fda3867090bfa14, get {url="https://www.zigwheels.com/"}]
Capabilities {acceptInsecureCerts: false, browserName: chrome, browserVersion: 131.0.6778.205, chrome: {chromedriverVersion: 131.0.6778.264 (2d05e315153..., userDataDir: C:\Users\2391448\AppData\Lo...}, fedcm:accounts: true, goog:chromeOptions: {debuggerAddress: localhost:50996}, networkConnectionEnabled: false, pageLoadStrategy: normal, platformName: windows, proxy: Proxy(), se:cdp: ws://localhost:50996/devtoo..., se:cdpVersion: 131.0.6778.205, setWindowRect: true, strictFileInteractability: false, timeouts: {implicit: 0, pageLoad: 300000, script: 30000}, unhandledPromptBehavior: dismiss and notify, webauthn:extension:credBlob: true, webauthn:extension:largeBlob: true, webauthn:extension:minPinLength: true, webauthn:extension:prf: true, webauthn:virtualAuthenticators: true}
Session ID: 0425c190cadddd547fda3867090bfa14
[2025-03-24 22:54:15] [ERROR] Base - Error while verifying ZigWheels logo: no such element: Unable to locate element: {"method":"css selector","selector":"img[alt='Home']"}
  (Session info: chrome=131.0.6778.205)
For documentation on this error, please visit: https://www.selenium.dev/documentation/webdriver/troubleshooting/errors#no-such-element-exception
Build info: version: '4.29.0', revision: '5fc1ec94cb'
System info: os.name: 'Windows 11', os.arch: 'amd64', os.version: '10.0', java.version: '21.0.6'
Driver info: org.openqa.selenium.chrome.ChromeDriver
Command: [0425c190cadddd547fda3867090bfa14, findElement {using=css selector, value=img[alt='Home']}]
Capabilities {acceptInsecureCerts: false, browserName: chrome, browserVersion: 131.0.6778.205, chrome: {chromedriverVersion: 131.0.6778.264 (2d05e315153..., userDataDir: C:\Users\2391448\AppData\Lo...}, fedcm:accounts: true, goog:chromeOptions: {debuggerAddress: localhost:50996}, networkConnectionEnabled: false, pageLoadStrategy: normal, platformName: windows, proxy: Proxy(), se:cdp: ws://localhost:50996/devtoo..., se:cdpVersion: 131.0.6778.205, setWindowRect: true, strictFileInteractability: false, timeouts: {implicit: 0, pageLoad: 300000, script: 30000}, unhandledPromptBehavior: dismiss and notify, webauthn:extension:credBlob: true, webauthn:extension:largeBlob: true, webauthn:extension:minPinLength: true, webauthn:extension:prf: true, webauthn:virtualAuthenticators: true}
Session ID: 0425c190cadddd547fda3867090bfa14
[2025-03-24 22:55:40] [INFO] Base - Default browser has been selected - Chrome
[2025-03-24 22:55:40] [ERROR] Base - There was an error opening the url invalid argument
  (Session info: chrome=131.0.6778.205)
Build info: version: '4.29.0', revision: '5fc1ec94cb'
System info: os.name: 'Windows 11', os.arch: 'amd64', os.version: '10.0', java.version: '21.0.6'
Driver info: org.openqa.selenium.chrome.ChromeDriver
Command: [cff0af8dd5269411dd4fd421d187939a, get {url="https://www.zigwheels.com/"}]
Capabilities {acceptInsecureCerts: false, browserName: chrome, browserVersion: 131.0.6778.205, chrome: {chromedriverVersion: 131.0.6778.264 (2d05e315153..., userDataDir: C:\Users\2391448\AppData\Lo...}, fedcm:accounts: true, goog:chromeOptions: {debuggerAddress: localhost:51121}, networkConnectionEnabled: false, pageLoadStrategy: normal, platformName: windows, proxy: Proxy(), se:cdp: ws://localhost:51121/devtoo..., se:cdpVersion: 131.0.6778.205, setWindowRect: true, strictFileInteractability: false, timeouts: {implicit: 0, pageLoad: 300000, script: 30000}, unhandledPromptBehavior: dismiss and notify, webauthn:extension:credBlob: true, webauthn:extension:largeBlob: true, webauthn:extension:minPinLength: true, webauthn:extension:prf: true, webauthn:virtualAuthenticators: true}
Session ID: cff0af8dd5269411dd4fd421d187939a
[2025-03-24 22:55:40] [ERROR] Base - Error while verifying ZigWheels logo: no such element: Unable to locate element: {"method":"css selector","selector":"img[alt='Home']"}
  (Session info: chrome=131.0.6778.205)
For documentation on this error, please visit: https://www.selenium.dev/documentation/webdriver/troubleshooting/errors#no-such-element-exception
Build info: version: '4.29.0', revision: '5fc1ec94cb'
System info: os.name: 'Windows 11', os.arch: 'amd64', os.version: '10.0', java.version: '21.0.6'
Driver info: org.openqa.selenium.chrome.ChromeDriver
Command: [cff0af8dd5269411dd4fd421d187939a, findElement {value=img[alt='Home'], using=css selector}]
Capabilities {acceptInsecureCerts: false, browserName: chrome, browserVersion: 131.0.6778.205, chrome: {chromedriverVersion: 131.0.6778.264 (2d05e315153..., userDataDir: C:\Users\2391448\AppData\Lo...}, fedcm:accounts: true, goog:chromeOptions: {debuggerAddress: localhost:51121}, networkConnectionEnabled: false, pageLoadStrategy: normal, platformName: windows, proxy: Proxy(), se:cdp: ws://localhost:51121/devtoo..., se:cdpVersion: 131.0.6778.205, setWindowRect: true, strictFileInteractability: false, timeouts: {implicit: 0, pageLoad: 300000, script: 30000}, unhandledPromptBehavior: dismiss and notify, webauthn:extension:credBlob: true, webauthn:extension:largeBlob: true, webauthn:extension:minPinLength: true, webauthn:extension:prf: true, webauthn:virtualAuthenticators: true}
Session ID: cff0af8dd5269411dd4fd421d187939a
[2025-03-24 23:00:38] [INFO] Base - Default browser has been selected - Chrome
[2025-03-24 23:00:38] [ERROR] Base - There was an error opening the url invalid argument
  (Session info: chrome=131.0.6778.205)
Build info: version: '4.29.0', revision: '5fc1ec94cb'
System info: os.name: 'Windows 11', os.arch: 'amd64', os.version: '10.0', java.version: '21.0.6'
Driver info: org.openqa.selenium.chrome.ChromeDriver
Command: [4932431d86ef5ca1c62da015705f4ecd, get {url="https://www.zigwheels.com/"}]
Capabilities {acceptInsecureCerts: false, browserName: chrome, browserVersion: 131.0.6778.205, chrome: {chromedriverVersion: 131.0.6778.264 (2d05e315153..., userDataDir: C:\Users\2391448\AppData\Lo...}, fedcm:accounts: true, goog:chromeOptions: {debuggerAddress: localhost:51459}, networkConnectionEnabled: false, pageLoadStrategy: normal, platformName: windows, proxy: Proxy(), se:cdp: ws://localhost:51459/devtoo..., se:cdpVersion: 131.0.6778.205, setWindowRect: true, strictFileInteractability: false, timeouts: {implicit: 0, pageLoad: 300000, script: 30000}, unhandledPromptBehavior: dismiss and notify, webauthn:extension:credBlob: true, webauthn:extension:largeBlob: true, webauthn:extension:minPinLength: true, webauthn:extension:prf: true, webauthn:virtualAuthenticators: true}
Session ID: 4932431d86ef5ca1c62da015705f4ecd
[2025-03-24 23:00:38] [ERROR] Base - Error while verifying ZigWheels logo: no such element: Unable to locate element: {"method":"css selector","selector":"img[alt='Home']"}
  (Session info: chrome=131.0.6778.205)
For documentation on this error, please visit: https://www.selenium.dev/documentation/webdriver/troubleshooting/errors#no-such-element-exception
Build info: version: '4.29.0', revision: '5fc1ec94cb'
System info: os.name: 'Windows 11', os.arch: 'amd64', os.version: '10.0', java.version: '21.0.6'
Driver info: org.openqa.selenium.chrome.ChromeDriver
Command: [4932431d86ef5ca1c62da015705f4ecd, findElement {using=css selector, value=img[alt='Home']}]
Capabilities {acceptInsecureCerts: false, browserName: chrome, browserVersion: 131.0.6778.205, chrome: {chromedriverVersion: 131.0.6778.264 (2d05e315153..., userDataDir: C:\Users\2391448\AppData\Lo...}, fedcm:accounts: true, goog:chromeOptions: {debuggerAddress: localhost:51459}, networkConnectionEnabled: false, pageLoadStrategy: normal, platformName: windows, proxy: Proxy(), se:cdp: ws://localhost:51459/devtoo..., se:cdpVersion: 131.0.6778.205, setWindowRect: true, strictFileInteractability: false, timeouts: {implicit: 0, pageLoad: 300000, script: 30000}, unhandledPromptBehavior: dismiss and notify, webauthn:extension:credBlob: true, webauthn:extension:largeBlob: true, webauthn:extension:minPinLength: true, webauthn:extension:prf: true, webauthn:virtualAuthenticators: true}
Session ID: 4932431d86ef5ca1c62da015705f4ecd
[2025-03-24 23:02:07] [INFO] Base - ConfigFile path: C:\Users\2391448\IdeaProjects\ZigWheelsAutomationProject\src\test\resources\config.properties
[2025-03-24 23:02:18] [INFO] Base - Default browser has been selected - Chrome
[2025-03-24 23:02:18] [ERROR] Base - There was an error opening the url invalid argument
  (Session info: chrome=131.0.6778.205)
Build info: version: '4.29.0', revision: '5fc1ec94cb'
System info: os.name: 'Windows 11', os.arch: 'amd64', os.version: '10.0', java.version: '21.0.6'
Driver info: org.openqa.selenium.chrome.ChromeDriver
Command: [c3262b0a9a7eb6b34b744cfec6dc4d1e, get {url="https://www.zigwheels.com/"}]
Capabilities {acceptInsecureCerts: false, browserName: chrome, browserVersion: 131.0.6778.205, chrome: {chromedriverVersion: 131.0.6778.264 (2d05e315153..., userDataDir: C:\Users\2391448\AppData\Lo...}, fedcm:accounts: true, goog:chromeOptions: {debuggerAddress: localhost:51603}, networkConnectionEnabled: false, pageLoadStrategy: normal, platformName: windows, proxy: Proxy(), se:cdp: ws://localhost:51603/devtoo..., se:cdpVersion: 131.0.6778.205, setWindowRect: true, strictFileInteractability: false, timeouts: {implicit: 0, pageLoad: 300000, script: 30000}, unhandledPromptBehavior: dismiss and notify, webauthn:extension:credBlob: true, webauthn:extension:largeBlob: true, webauthn:extension:minPinLength: true, webauthn:extension:prf: true, webauthn:virtualAuthenticators: true}
Session ID: c3262b0a9a7eb6b34b744cfec6dc4d1e
[2025-03-24 23:02:18] [ERROR] Base - Error while verifying ZigWheels logo: no such element: Unable to locate element: {"method":"css selector","selector":"img[alt='Home']"}
  (Session info: chrome=131.0.6778.205)
For documentation on this error, please visit: https://www.selenium.dev/documentation/webdriver/troubleshooting/errors#no-such-element-exception
Build info: version: '4.29.0', revision: '5fc1ec94cb'
System info: os.name: 'Windows 11', os.arch: 'amd64', os.version: '10.0', java.version: '21.0.6'
Driver info: org.openqa.selenium.chrome.ChromeDriver
Command: [c3262b0a9a7eb6b34b744cfec6dc4d1e, findElement {value=img[alt='Home'], using=css selector}]
Capabilities {acceptInsecureCerts: false, browserName: chrome, browserVersion: 131.0.6778.205, chrome: {chromedriverVersion: 131.0.6778.264 (2d05e315153..., userDataDir: C:\Users\2391448\AppData\Lo...}, fedcm:accounts: true, goog:chromeOptions: {debuggerAddress: localhost:51603}, networkConnectionEnabled: false, pageLoadStrategy: normal, platformName: windows, proxy: Proxy(), se:cdp: ws://localhost:51603/devtoo..., se:cdpVersion: 131.0.6778.205, setWindowRect: true, strictFileInteractability: false, timeouts: {implicit: 0, pageLoad: 300000, script: 30000}, unhandledPromptBehavior: dismiss and notify, webauthn:extension:credBlob: true, webauthn:extension:largeBlob: true, webauthn:extension:minPinLength: true, webauthn:extension:prf: true, webauthn:virtualAuthenticators: true}
Session ID: c3262b0a9a7eb6b34b744cfec6dc4d1e
[2025-03-24 23:04:34] [INFO] Base - ConfigFile path: C:\Users\2391448\IdeaProjects\ZigWheelsAutomationProject\src\test\resources\config.properties
[2025-03-24 23:04:45] [INFO] Base - Default browser has been selected - Chrome
[2025-03-24 23:04:45] [INFO] Base - ConfigFile path: C:\Users\2391448\IdeaProjects\ZigWheelsAutomationProject\src\test\resources\config.properties
[2025-03-24 23:04:45] [ERROR] Base - There was an error opening the url invalid argument
  (Session info: chrome=131.0.6778.205)
Build info: version: '4.29.0', revision: '5fc1ec94cb'
System info: os.name: 'Windows 11', os.arch: 'amd64', os.version: '10.0', java.version: '21.0.6'
Driver info: org.openqa.selenium.chrome.ChromeDriver
Command: [a4513390af46b14ff6e50b3084dfefe0, get {url="https://www.zigwheels.com/"}]
Capabilities {acceptInsecureCerts: false, browserName: chrome, browserVersion: 131.0.6778.205, chrome: {chromedriverVersion: 131.0.6778.264 (2d05e315153..., userDataDir: C:\Users\2391448\AppData\Lo...}, fedcm:accounts: true, goog:chromeOptions: {debuggerAddress: localhost:51828}, networkConnectionEnabled: false, pageLoadStrategy: normal, platformName: windows, proxy: Proxy(), se:cdp: ws://localhost:51828/devtoo..., se:cdpVersion: 131.0.6778.205, setWindowRect: true, strictFileInteractability: false, timeouts: {implicit: 0, pageLoad: 300000, script: 30000}, unhandledPromptBehavior: dismiss and notify, webauthn:extension:credBlob: true, webauthn:extension:largeBlob: true, webauthn:extension:minPinLength: true, webauthn:extension:prf: true, webauthn:virtualAuthenticators: true}
Session ID: a4513390af46b14ff6e50b3084dfefe0
[2025-03-24 23:04:45] [ERROR] Base - Error while verifying ZigWheels logo: no such element: Unable to locate element: {"method":"css selector","selector":"img[alt='Home']"}
  (Session info: chrome=131.0.6778.205)
For documentation on this error, please visit: https://www.selenium.dev/documentation/webdriver/troubleshooting/errors#no-such-element-exception
Build info: version: '4.29.0', revision: '5fc1ec94cb'
System info: os.name: 'Windows 11', os.arch: 'amd64', os.version: '10.0', java.version: '21.0.6'
Driver info: org.openqa.selenium.chrome.ChromeDriver
Command: [a4513390af46b14ff6e50b3084dfefe0, findElement {value=img[alt='Home'], using=css selector}]
Capabilities {acceptInsecureCerts: false, browserName: chrome, browserVersion: 131.0.6778.205, chrome: {chromedriverVersion: 131.0.6778.264 (2d05e315153..., userDataDir: C:\Users\2391448\AppData\Lo...}, fedcm:accounts: true, goog:chromeOptions: {debuggerAddress: localhost:51828}, networkConnectionEnabled: false, pageLoadStrategy: normal, platformName: windows, proxy: Proxy(), se:cdp: ws://localhost:51828/devtoo..., se:cdpVersion: 131.0.6778.205, setWindowRect: true, strictFileInteractability: false, timeouts: {implicit: 0, pageLoad: 300000, script: 30000}, unhandledPromptBehavior: dismiss and notify, webauthn:extension:credBlob: true, webauthn:extension:largeBlob: true, webauthn:extension:minPinLength: true, webauthn:extension:prf: true, webauthn:virtualAuthenticators: true}
Session ID: a4513390af46b14ff6e50b3084dfefe0
[2025-03-24 23:06:04] [INFO] Base - ConfigFile path: C:\Users\2391448\IdeaProjects\ZigWheelsAutomationProject\src\test\resources\config.properties
[2025-03-24 23:06:14] [INFO] Base - Default browser has been selected - Chrome
[2025-03-24 23:06:14] [INFO] Base - ConfigFile path: C:\Users\2391448\IdeaProjects\ZigWheelsAutomationProject\src\test\resources\config.properties
[2025-03-24 23:06:14] [ERROR] Base - There was an error opening the url invalid argument
  (Session info: chrome=131.0.6778.205)
Build info: version: '4.29.0', revision: '5fc1ec94cb'
System info: os.name: 'Windows 11', os.arch: 'amd64', os.version: '10.0', java.version: '21.0.6'
Driver info: org.openqa.selenium.chrome.ChromeDriver
Command: [3f04d0c221bf5c1ece50c374ca43b308, get {url="https://www.zigwheels.com/"}]
Capabilities {acceptInsecureCerts: false, browserName: chrome, browserVersion: 131.0.6778.205, chrome: {chromedriverVersion: 131.0.6778.264 (2d05e315153..., userDataDir: C:\Users\2391448\AppData\Lo...}, fedcm:accounts: true, goog:chromeOptions: {debuggerAddress: localhost:51955}, networkConnectionEnabled: false, pageLoadStrategy: normal, platformName: windows, proxy: Proxy(), se:cdp: ws://localhost:51955/devtoo..., se:cdpVersion: 131.0.6778.205, setWindowRect: true, strictFileInteractability: false, timeouts: {implicit: 0, pageLoad: 300000, script: 30000}, unhandledPromptBehavior: dismiss and notify, webauthn:extension:credBlob: true, webauthn:extension:largeBlob: true, webauthn:extension:minPinLength: true, webauthn:extension:prf: true, webauthn:virtualAuthenticators: true}
Session ID: 3f04d0c221bf5c1ece50c374ca43b308
[2025-03-24 23:06:14] [ERROR] Base - Error while verifying ZigWheels logo: no such element: Unable to locate element: {"method":"css selector","selector":"img[alt='Home']"}
  (Session info: chrome=131.0.6778.205)
For documentation on this error, please visit: https://www.selenium.dev/documentation/webdriver/troubleshooting/errors#no-such-element-exception
Build info: version: '4.29.0', revision: '5fc1ec94cb'
System info: os.name: 'Windows 11', os.arch: 'amd64', os.version: '10.0', java.version: '21.0.6'
Driver info: org.openqa.selenium.chrome.ChromeDriver
Command: [3f04d0c221bf5c1ece50c374ca43b308, findElement {value=img[alt='Home'], using=css selector}]
Capabilities {acceptInsecureCerts: false, browserName: chrome, browserVersion: 131.0.6778.205, chrome: {chromedriverVersion: 131.0.6778.264 (2d05e315153..., userDataDir: C:\Users\2391448\AppData\Lo...}, fedcm:accounts: true, goog:chromeOptions: {debuggerAddress: localhost:51955}, networkConnectionEnabled: false, pageLoadStrategy: normal, platformName: windows, proxy: Proxy(), se:cdp: ws://localhost:51955/devtoo..., se:cdpVersion: 131.0.6778.205, setWindowRect: true, strictFileInteractability: false, timeouts: {implicit: 0, pageLoad: 300000, script: 30000}, unhandledPromptBehavior: dismiss and notify, webauthn:extension:credBlob: true, webauthn:extension:largeBlob: true, webauthn:extension:minPinLength: true, webauthn:extension:prf: true, webauthn:virtualAuthenticators: true}
Session ID: 3f04d0c221bf5c1ece50c374ca43b308
[2025-03-24 23:14:01] [INFO] Base - ConfigFile path: C:\Users\2391448\IdeaProjects\ZigWheelsAutomationProject\src\test\resources\config.properties
[2025-03-24 23:14:11] [INFO] Base - Default browser has been selected - Chrome
[2025-03-24 23:14:12] [ERROR] Base - There was an error opening the url invalid argument
  (Session info: chrome=131.0.6778.205)
Build info: version: '4.29.0', revision: '5fc1ec94cb'
System info: os.name: 'Windows 11', os.arch: 'amd64', os.version: '10.0', java.version: '21.0.6'
Driver info: org.openqa.selenium.chrome.ChromeDriver
Command: [d39aa04b63d39f8466a7a339ef8f7939, get {url="https://www.zigwheels.com/"}]
Capabilities {acceptInsecureCerts: false, browserName: chrome, browserVersion: 131.0.6778.205, chrome: {chromedriverVersion: 131.0.6778.264 (2d05e315153..., userDataDir: C:\Users\2391448\AppData\Lo...}, fedcm:accounts: true, goog:chromeOptions: {debuggerAddress: localhost:52457}, networkConnectionEnabled: false, pageLoadStrategy: normal, platformName: windows, proxy: Proxy(), se:cdp: ws://localhost:52457/devtoo..., se:cdpVersion: 131.0.6778.205, setWindowRect: true, strictFileInteractability: false, timeouts: {implicit: 0, pageLoad: 300000, script: 30000}, unhandledPromptBehavior: dismiss and notify, webauthn:extension:credBlob: true, webauthn:extension:largeBlob: true, webauthn:extension:minPinLength: true, webauthn:extension:prf: true, webauthn:virtualAuthenticators: true}
Session ID: d39aa04b63d39f8466a7a339ef8f7939
[2025-03-24 23:14:12] [ERROR] Base - Error while verifying ZigWheels logo: no such element: Unable to locate element: {"method":"css selector","selector":"img[alt='Home']"}
  (Session info: chrome=131.0.6778.205)
For documentation on this error, please visit: https://www.selenium.dev/documentation/webdriver/troubleshooting/errors#no-such-element-exception
Build info: version: '4.29.0', revision: '5fc1ec94cb'
System info: os.name: 'Windows 11', os.arch: 'amd64', os.version: '10.0', java.version: '21.0.6'
Driver info: org.openqa.selenium.chrome.ChromeDriver
Command: [d39aa04b63d39f8466a7a339ef8f7939, findElement {value=img[alt='Home'], using=css selector}]
Capabilities {acceptInsecureCerts: false, browserName: chrome, browserVersion: 131.0.6778.205, chrome: {chromedriverVersion: 131.0.6778.264 (2d05e315153..., userDataDir: C:\Users\2391448\AppData\Lo...}, fedcm:accounts: true, goog:chromeOptions: {debuggerAddress: localhost:52457}, networkConnectionEnabled: false, pageLoadStrategy: normal, platformName: windows, proxy: Proxy(), se:cdp: ws://localhost:52457/devtoo..., se:cdpVersion: 131.0.6778.205, setWindowRect: true, strictFileInteractability: false, timeouts: {implicit: 0, pageLoad: 300000, script: 30000}, unhandledPromptBehavior: dismiss and notify, webauthn:extension:credBlob: true, webauthn:extension:largeBlob: true, webauthn:extension:minPinLength: true, webauthn:extension:prf: true, webauthn:virtualAuthenticators: true}
Session ID: d39aa04b63d39f8466a7a339ef8f7939
[2025-03-24 23:14:47] [INFO] Base - ConfigFile path: C:\Users\2391448\IdeaProjects\ZigWheelsAutomationProject\src\test\resources\config.properties
[2025-03-24 23:14:58] [INFO] Base - Default browser has been selected - Chrome
[2025-03-24 23:14:58] [ERROR] Base - There was an error opening the url invalid argument
  (Session info: chrome=131.0.6778.205)
Build info: version: '4.29.0', revision: '5fc1ec94cb'
System info: os.name: 'Windows 11', os.arch: 'amd64', os.version: '10.0', java.version: '21.0.6'
Driver info: org.openqa.selenium.chrome.ChromeDriver
Command: [9bb890148692bcceafc4398db74a582d, get {url="https://www.zigwheels.com"}]
Capabilities {acceptInsecureCerts: false, browserName: chrome, browserVersion: 131.0.6778.205, chrome: {chromedriverVersion: 131.0.6778.264 (2d05e315153..., userDataDir: C:\Users\2391448\AppData\Lo...}, fedcm:accounts: true, goog:chromeOptions: {debuggerAddress: localhost:52529}, networkConnectionEnabled: false, pageLoadStrategy: normal, platformName: windows, proxy: Proxy(), se:cdp: ws://localhost:52529/devtoo..., se:cdpVersion: 131.0.6778.205, setWindowRect: true, strictFileInteractability: false, timeouts: {implicit: 0, pageLoad: 300000, script: 30000}, unhandledPromptBehavior: dismiss and notify, webauthn:extension:credBlob: true, webauthn:extension:largeBlob: true, webauthn:extension:minPinLength: true, webauthn:extension:prf: true, webauthn:virtualAuthenticators: true}
Session ID: 9bb890148692bcceafc4398db74a582d
[2025-03-24 23:14:58] [ERROR] Base - Error while verifying ZigWheels logo: no such element: Unable to locate element: {"method":"css selector","selector":"img[alt='Home']"}
  (Session info: chrome=131.0.6778.205)
For documentation on this error, please visit: https://www.selenium.dev/documentation/webdriver/troubleshooting/errors#no-such-element-exception
Build info: version: '4.29.0', revision: '5fc1ec94cb'
System info: os.name: 'Windows 11', os.arch: 'amd64', os.version: '10.0', java.version: '21.0.6'
Driver info: org.openqa.selenium.chrome.ChromeDriver
Command: [9bb890148692bcceafc4398db74a582d, findElement {using=css selector, value=img[alt='Home']}]
Capabilities {acceptInsecureCerts: false, browserName: chrome, browserVersion: 131.0.6778.205, chrome: {chromedriverVersion: 131.0.6778.264 (2d05e315153..., userDataDir: C:\Users\2391448\AppData\Lo...}, fedcm:accounts: true, goog:chromeOptions: {debuggerAddress: localhost:52529}, networkConnectionEnabled: false, pageLoadStrategy: normal, platformName: windows, proxy: Proxy(), se:cdp: ws://localhost:52529/devtoo..., se:cdpVersion: 131.0.6778.205, setWindowRect: true, strictFileInteractability: false, timeouts: {implicit: 0, pageLoad: 300000, script: 30000}, unhandledPromptBehavior: dismiss and notify, webauthn:extension:credBlob: true, webauthn:extension:largeBlob: true, webauthn:extension:minPinLength: true, webauthn:extension:prf: true, webauthn:virtualAuthenticators: true}
Session ID: 9bb890148692bcceafc4398db74a582d
[2025-03-24 23:15:42] [INFO] Base - ConfigFile path: C:\Users\2391448\IdeaProjects\ZigWheelsAutomationProject\src\test\resources\config.properties
[2025-03-24 23:15:53] [INFO] Base - Chrome has been selected
[2025-03-24 23:15:55] [INFO] Base - Opening https://www.zigwheels.com/
[2025-03-24 23:15:56] [INFO] Base - ZigWheels logo display status: true
[2025-03-25 21:19:53] [INFO] Base - ConfigFile path: C:\Users\2391448\IdeaProjects\ZigWheelsAutomationProject\src\test\resources\config.properties
[2025-03-25 21:20:03] [INFO] Base - Chrome has been selected
[2025-03-25 21:20:06] [INFO] Base - Opening https://www.zigwheels.com/
[2025-03-25 22:21:59] [INFO] Base - ConfigFile path: C:\Users\2391448\IdeaProjects\ZigWheelsAutomationProject\src\test\resources\config.properties
[2025-03-25 22:22:15] [INFO] Base - Chrome has been selected
[2025-03-25 22:22:17] [INFO] Base - Opening https://www.zigwheels.com/
[2025-03-25 22:25:49] [INFO] Base - ConfigFile path: C:\Users\2391448\IdeaProjects\ZigWheelsAutomationProject\src\test\resources\config.properties
[2025-03-25 22:26:03] [INFO] Base - Chrome has been selected
[2025-03-25 22:26:06] [INFO] Base - Opening https://www.zigwheels.com/
[2025-03-25 22:29:40] [INFO] Base - ConfigFile path: C:\Users\2391448\IdeaProjects\ZigWheelsAutomationProject\src\test\resources\config.properties
[2025-03-25 22:29:51] [INFO] Base - Chrome has been selected
[2025-03-25 22:29:54] [INFO] Base - Opening https://www.zigwheels.com/
[2025-03-25 22:33:21] [INFO] Base - ConfigFile path: C:\Users\2391448\IdeaProjects\ZigWheelsAutomationProject\src\test\resources\config.properties
[2025-03-25 22:33:27] [INFO] Base - ConfigFile path: C:\Users\2391448\IdeaProjects\ZigWheelsAutomationProject\src\test\resources\config.properties
[2025-03-25 22:33:40] [INFO] Base - Chrome has been selected
[2025-03-25 22:33:43] [INFO] Base - Opening https://www.zigwheels.com/
[2025-03-25 22:33:43] [INFO] Base - PageFactory initialised
[2025-03-25 22:33:47] [INFO] Base - Waiting 5 seconds for accept cookies button to display
[2025-03-25 22:33:47] [INFO] Base - accepted cookies
[2025-03-25 22:33:47] [INFO] Base - Waiting 5 seconds for banner image to load
[2025-03-25 22:33:47] [INFO] Base - The Banner image is present, navigated to home page successfully
[2025-03-25 22:38:34] [INFO] Base - Chrome has been selected
[2025-03-25 22:38:37] [INFO] Base - Opening https://www.zigwheels.com/
[2025-03-25 22:38:37] [INFO] Base - PageFactory initialised
[2025-03-25 22:38:40] [INFO] Base - Waiting 5 seconds for accept cookies button to display
[2025-03-25 22:38:40] [INFO] Base - accepted cookies
[2025-03-25 22:38:40] [INFO] Base - Waiting 5 seconds for banner image to load
[2025-03-25 22:38:40] [INFO] Base - The Banner image is present, navigated to home page successfully
[2025-03-25 22:47:49] [INFO] Base - Chrome has been selected
[2025-03-25 22:47:51] [INFO] Base - Opening https://www.zigwheels.com/
[2025-03-25 22:47:51] [INFO] Base - PageFactory initialised
[2025-03-25 22:47:54] [INFO] Base - Waiting 5 seconds for accept cookies button to display
[2025-03-25 22:47:54] [INFO] Base - accepted cookies
[2025-03-25 22:47:54] [INFO] Base - Waiting 5 seconds for banner image to load
[2025-03-25 22:47:54] [INFO] Base - The Banner image is present, navigated to home page successfully
[2025-03-25 22:59:38] [INFO] Base - Chrome has been selected
[2025-03-25 22:59:39] [ERROR] Base - There was an error opening the url invalid argument
  (Session info: chrome=131.0.6778.205)
Build info: version: '4.29.0', revision: '5fc1ec94cb'
System info: os.name: 'Windows 11', os.arch: 'amd64', os.version: '10.0', java.version: '21.0.6'
Driver info: org.openqa.selenium.chrome.ChromeDriver
Command: [3f622786f32a68a33f16c792895a197b, get {url=TestingSite}]
Capabilities {acceptInsecureCerts: false, browserName: chrome, browserVersion: 131.0.6778.205, chrome: {chromedriverVersion: 131.0.6778.264 (2d05e315153..., userDataDir: C:\Users\2391448\AppData\Lo...}, fedcm:accounts: true, goog:chromeOptions: {debuggerAddress: localhost:53194}, networkConnectionEnabled: false, pageLoadStrategy: normal, platformName: windows, proxy: Proxy(), se:cdp: ws://localhost:53194/devtoo..., se:cdpVersion: 131.0.6778.205, setWindowRect: true, strictFileInteractability: false, timeouts: {implicit: 0, pageLoad: 300000, script: 30000}, unhandledPromptBehavior: dismiss and notify, webauthn:extension:credBlob: true, webauthn:extension:largeBlob: true, webauthn:extension:minPinLength: true, webauthn:extension:prf: true, webauthn:virtualAuthenticators: true}
Session ID: 3f622786f32a68a33f16c792895a197b
[2025-03-25 23:03:28] [INFO] Base - Chrome has been selected
[2025-03-25 23:03:28] [ERROR] Base - There was an error opening the url invalid argument
  (Session info: chrome=131.0.6778.205)
Build info: version: '4.29.0', revision: '5fc1ec94cb'
System info: os.name: 'Windows 11', os.arch: 'amd64', os.version: '10.0', java.version: '21.0.6'
Driver info: org.openqa.selenium.chrome.ChromeDriver
Command: [c6fb6638ad74e16d1aa8362fc602f66b, get {url=TestingSite}]
Capabilities {acceptInsecureCerts: false, browserName: chrome, browserVersion: 131.0.6778.205, chrome: {chromedriverVersion: 131.0.6778.264 (2d05e315153..., userDataDir: C:\Users\2391448\AppData\Lo...}, fedcm:accounts: true, goog:chromeOptions: {debuggerAddress: localhost:53537}, networkConnectionEnabled: false, pageLoadStrategy: normal, platformName: windows, proxy: Proxy(), se:cdp: ws://localhost:53537/devtoo..., se:cdpVersion: 131.0.6778.205, setWindowRect: true, strictFileInteractability: false, timeouts: {implicit: 0, pageLoad: 300000, script: 30000}, unhandledPromptBehavior: dismiss and notify, webauthn:extension:credBlob: true, webauthn:extension:largeBlob: true, webauthn:extension:minPinLength: true, webauthn:extension:prf: true, webauthn:virtualAuthenticators: true}
Session ID: c6fb6638ad74e16d1aa8362fc602f66b
[2025-03-25 23:04:55] [INFO] Base - Chrome has been selected
[2025-03-25 23:04:57] [INFO] Base - Opening https://www.zigwheels.com/
[2025-03-25 23:09:44] [INFO] Base - Chrome has been selected
[2025-03-25 23:09:46] [INFO] Base - Opening https://www.zigwheels.com/
[2025-03-25 23:10:01] [INFO] Base - Chrome has been selected
[2025-03-25 23:10:01] [INFO] Base - PageFactory initialised
[2025-03-25 23:10:07] [ERROR] Base - Error occurred while trying to click accept cookies button: Expected condition failed: waiting for visibility of Proxy element for: DefaultElementLocator 'By.cssSelector: p.fc-button-label' (tried for 5 second(s) with 500 milliseconds interval)
[2025-03-25 23:10:12] [ERROR] Base - Banner image did not load, navigation to homepage unsuccessful: Expected condition failed: waiting for visibility of Proxy element for: DefaultElementLocator 'By.cssSelector: img.banner.mobileimage' (tried for 5 second(s) with 500 milliseconds interval)
[2025-03-25 23:14:53] [INFO] Base - Chrome has been selected
[2025-03-25 23:14:55] [INFO] Base - Opening https://www.zigwheels.com/
[2025-03-25 23:15:20] [INFO] Base - Chrome has been selected
[2025-03-25 23:15:20] [INFO] Base - PageFactory initialised
[2025-03-25 23:15:26] [ERROR] Base - Error occurred while trying to click accept cookies button: Expected condition failed: waiting for visibility of Proxy element for: DefaultElementLocator 'By.cssSelector: p.fc-button-label' (tried for 5 second(s) with 500 milliseconds interval)
[2025-03-25 23:15:31] [ERROR] Base - Banner image did not load, navigation to homepage unsuccessful: Expected condition failed: waiting for visibility of Proxy element for: DefaultElementLocator 'By.cssSelector: img.banner.mobileimage' (tried for 5 second(s) with 500 milliseconds interval)
[2025-03-25 23:16:47] [INFO] Base - PageFactory initialised
[2025-03-25 23:17:00] [INFO] Base - Chrome has been selected
[2025-03-25 23:17:03] [INFO] Base - Opening https://www.zigwheels.com/
[2025-03-25 23:17:03] [ERROR] Base - Error occurred while trying to click accept cookies button: Cannot invoke "org.openqa.selenium.SearchContext.findElement(org.openqa.selenium.By)" because "this.searchContext" is null
[2025-03-25 23:17:03] [ERROR] Base - Banner image did not load, navigation to homepage unsuccessful: Cannot invoke "org.openqa.selenium.SearchContext.findElement(org.openqa.selenium.By)" because "this.searchContext" is null
[2025-03-25 23:20:38] [INFO] Base - Chrome has been selected
[2025-03-25 23:20:41] [INFO] Base - Opening https://www.zigwheels.com/
[2025-03-25 23:20:41] [INFO] Base - PageFactory initialised
[2025-03-25 23:20:45] [INFO] Base - Waiting 5 seconds for accept cookies button to display
[2025-03-25 23:20:46] [INFO] Base - accepted cookies
[2025-03-25 23:20:46] [INFO] Base - Waiting 5 seconds for banner image to load
[2025-03-25 23:20:46] [INFO] Base - The Banner image is present, navigated to home page successfully
[2025-03-25 23:21:32] [INFO] Base - Chrome has been selected
[2025-03-25 23:21:35] [INFO] Base - Opening https://www.zigwheels.com/
[2025-03-25 23:21:35] [INFO] Base - PageFactory initialised
[2025-03-25 23:21:37] [INFO] Base - Waiting 5 seconds for accept cookies button to display
[2025-03-25 23:21:38] [INFO] Base - accepted cookies
[2025-03-25 23:21:38] [INFO] Base - Waiting 5 seconds for banner image to load
[2025-03-25 23:21:38] [INFO] Base - The Banner image is present, navigated to home page successfully
[2025-03-26 13:25:31] [INFO] Base - Chrome has been selected
[2025-03-26 13:25:34] [INFO] Base - Opening https://www.zigwheels.com/
[2025-03-26 13:25:35] [INFO] Base - PageFactory initialised
[2025-03-26 13:25:35] [INFO] Base - Pagefactory for Navigating to bikes page initialised
[2025-03-26 13:26:33] [INFO] Base - Chrome has been selected
[2025-03-26 13:26:35] [INFO] Base - Opening https://www.zigwheels.com/
[2025-03-26 13:26:36] [INFO] Base - PageFactory initialised
[2025-03-26 13:26:36] [INFO] Base - Pagefactory for Navigating to bikes page initialised
[2025-03-26 13:26:38] [INFO] Base - Waiting 5 seconds for accept cookies button to display
[2025-03-26 13:26:39] [INFO] Base - accepted cookies
[2025-03-26 13:38:46] [INFO] Base - Chrome has been selected
[2025-03-26 13:38:49] [INFO] Base - Opening https://www.zigwheels.com/
[2025-03-26 13:38:49] [INFO] Base - PageFactory initialised
[2025-03-26 13:38:49] [INFO] Base - Pagefactory for Navigating to bikes page initialised
[2025-03-26 13:38:52] [INFO] Base - Waiting 5 seconds for accept cookies button to display
[2025-03-26 13:38:52] [INFO] Base - accepted cookies
[2025-03-26 13:38:59] [INFO] Base - New bikes link pressed
[2025-03-26 13:38:59] [INFO] Base - Navigated to Upcoming bikes tab
[2025-03-26 13:39:01] [ERROR] Base - Error navigating to Bikes page: element click intercepted: Element is not clickable at point (457, 685)
  (Session info: chrome=131.0.6778.205)
Build info: version: '4.29.0', revision: '5fc1ec94cb'
System info: os.name: 'Windows 11', os.arch: 'amd64', os.version: '10.0', java.version: '21.0.6'
Driver info: org.openqa.selenium.chrome.ChromeDriver
Command: [91b849cadc4f2e75c782fb3136a8f4bd, clickElement {id=f.6B2A1A68E884D6B251082996E799382C.d.B9997DC278C08BF80439C7A252DA09B9.e.427}]
Capabilities {acceptInsecureCerts: false, browserName: chrome, browserVersion: 131.0.6778.205, chrome: {chromedriverVersion: 131.0.6778.264 (2d05e315153..., userDataDir: C:\Users\2391448\AppData\Lo...}, fedcm:accounts: true, goog:chromeOptions: {debuggerAddress: localhost:55882}, networkConnectionEnabled: false, pageLoadStrategy: normal, platformName: windows, proxy: Proxy(), se:cdp: ws://localhost:55882/devtoo..., se:cdpVersion: 131.0.6778.205, setWindowRect: true, strictFileInteractability: false, timeouts: {implicit: 0, pageLoad: 300000, script: 30000}, unhandledPromptBehavior: dismiss and notify, webauthn:extension:credBlob: true, webauthn:extension:largeBlob: true, webauthn:extension:minPinLength: true, webauthn:extension:prf: true, webauthn:virtualAuthenticators: true}
Element: [[ChromeDriver: chrome on windows (91b849cadc4f2e75c782fb3136a8f4bd)] -> css selector: a[href="/upcoming-bikes"]]
Session ID: 91b849cadc4f2e75c782fb3136a8f4bd
[2025-03-26 13:42:27] [INFO] Base - Chrome has been selected
[2025-03-26 13:42:31] [INFO] Base - Opening https://www.zigwheels.com/
[2025-03-26 13:42:31] [INFO] Base - PageFactory initialised
[2025-03-26 13:42:31] [INFO] Base - Pagefactory for Navigating to bikes page initialised
[2025-03-26 13:42:33] [INFO] Base - Waiting 5 seconds for accept cookies button to display
[2025-03-26 13:42:34] [INFO] Base - accepted cookies
[2025-03-26 13:42:37] [INFO] Base - New bikes link pressed
[2025-03-26 13:42:38] [INFO] Base - Navigated to Upcoming bikes tab
[2025-03-26 13:42:38] [ERROR] Base - Error navigating to Bikes page: javascript error: missing ) after argument list
  (Session info: chrome=131.0.6778.205)
Build info: version: '4.29.0', revision: '5fc1ec94cb'
System info: os.name: 'Windows 11', os.arch: 'amd64', os.version: '10.0', java.version: '21.0.6'
Driver info: org.openqa.selenium.chrome.ChromeDriver
Command: [62deed14184dccf7d1a4eba9aecfcb52, executeScript {args=[], script=window.scrollBy(0,100;}]
Capabilities {acceptInsecureCerts: false, browserName: chrome, browserVersion: 131.0.6778.205, chrome: {chromedriverVersion: 131.0.6778.264 (2d05e315153..., userDataDir: C:\Users\2391448\AppData\Lo...}, fedcm:accounts: true, goog:chromeOptions: {debuggerAddress: localhost:56325}, networkConnectionEnabled: false, pageLoadStrategy: normal, platformName: windows, proxy: Proxy(), se:cdp: ws://localhost:56325/devtoo..., se:cdpVersion: 131.0.6778.205, setWindowRect: true, strictFileInteractability: false, timeouts: {implicit: 0, pageLoad: 300000, script: 30000}, unhandledPromptBehavior: dismiss and notify, webauthn:extension:credBlob: true, webauthn:extension:largeBlob: true, webauthn:extension:minPinLength: true, webauthn:extension:prf: true, webauthn:virtualAuthenticators: true}
Session ID: 62deed14184dccf7d1a4eba9aecfcb52
[2025-03-26 13:43:44] [INFO] Base - Chrome has been selected
[2025-03-26 13:43:48] [INFO] Base - Opening https://www.zigwheels.com/
[2025-03-26 13:43:48] [INFO] Base - PageFactory initialised
[2025-03-26 13:43:48] [INFO] Base - Pagefactory for Navigating to bikes page initialised
[2025-03-26 13:43:51] [INFO] Base - Waiting 5 seconds for accept cookies button to display
[2025-03-26 13:43:52] [INFO] Base - accepted cookies
[2025-03-26 13:43:55] [INFO] Base - New bikes link pressed
[2025-03-26 13:43:58] [INFO] Base - Navigated to Upcoming bikes tab
[2025-03-26 13:44:00] [INFO] Base - All upcoming bikes link pressed
[2025-03-26 13:44:00] [INFO] Base - Upcoming Bikes page has fully loaded.
[2025-03-26 13:56:09] [INFO] Base - Chrome has been selected
[2025-03-26 13:56:12] [INFO] Base - Opening https://www.zigwheels.com/
[2025-03-26 13:56:12] [INFO] Base - PageFactory initialised
[2025-03-26 13:56:12] [INFO] Base - Pagefactory for Navigating to bikes page initialised
[2025-03-26 13:56:15] [INFO] Base - Waiting 5 seconds for accept cookies button to display
[2025-03-26 13:56:16] [INFO] Base - accepted cookies
[2025-03-26 13:56:19] [INFO] Base - New bikes link pressed
[2025-03-26 13:56:19] [INFO] Base - Navigated to Upcoming bikes tab
[2025-03-26 13:56:19] [INFO] Base - scrolled down by 200 pixels
[2025-03-26 13:56:21] [INFO] Base - All upcoming bikes link pressed
[2025-03-26 13:56:21] [INFO] Base - Upcoming Bikes page has fully loaded.
[2025-03-26 14:10:48] [INFO] Base - Chrome has been selected
[2025-03-26 14:10:51] [INFO] Base - Opening https://www.zigwheels.com/
[2025-03-26 14:10:51] [INFO] Base - PageFactory initialised
[2025-03-26 14:10:51] [INFO] Base - Pagefactory for Navigating to bikes page initialised
[2025-03-26 14:10:54] [INFO] Base - Waiting 5 seconds for accept cookies button to display
[2025-03-26 14:10:55] [INFO] Base - accepted cookies
[2025-03-26 14:10:58] [INFO] Base - New bikes link pressed
[2025-03-26 14:10:58] [INFO] Base - Navigated to Upcoming bikes tab
[2025-03-26 14:10:58] [INFO] Base - scrolled down by 200 pixels
[2025-03-26 14:11:01] [INFO] Base - All upcoming bikes link pressed
[2025-03-26 14:11:01] [INFO] Base - Upcoming Bikes page has fully loaded.
[2025-03-26 14:11:03] [INFO] Base - Filtered by Manufacturer: Honda
[2025-03-26 14:19:16] [INFO] Base - Chrome has been selected
[2025-03-26 14:19:20] [INFO] Base - Opening https://www.zigwheels.com/
[2025-03-26 14:19:20] [INFO] Base - PageFactory initialised
[2025-03-26 14:19:20] [INFO] Base - Pagefactory for Navigating to bikes page initialised
[2025-03-26 14:19:23] [INFO] Base - Waiting 5 seconds for accept cookies button to display
[2025-03-26 14:19:23] [INFO] Base - accepted cookies
[2025-03-26 14:19:31] [INFO] Base - New bikes link pressed
[2025-03-26 14:19:31] [INFO] Base - Navigated to Upcoming bikes tab
[2025-03-26 14:19:31] [INFO] Base - scrolled down by 200 pixels
[2025-03-26 14:19:33] [INFO] Base - All upcoming bikes link pressed
[2025-03-26 14:19:33] [INFO] Base - Upcoming Bikes page has fully loaded.
[2025-03-26 14:19:37] [INFO] Base - Filtered by Manufacturer: Honda
[2025-03-26 14:20:13] [INFO] Base - Chrome has been selected
[2025-03-26 14:20:16] [INFO] Base - Opening https://www.zigwheels.com/
[2025-03-26 14:20:16] [INFO] Base - PageFactory initialised
[2025-03-26 14:20:16] [INFO] Base - Pagefactory for Navigating to bikes page initialised
[2025-03-26 14:20:19] [INFO] Base - Waiting 5 seconds for accept cookies button to display
[2025-03-26 14:20:19] [INFO] Base - accepted cookies
[2025-03-26 14:20:24] [INFO] Base - New bikes link pressed
[2025-03-26 14:20:25] [INFO] Base - Navigated to Upcoming bikes tab
[2025-03-26 14:20:25] [INFO] Base - scrolled down by 200 pixels
[2025-03-26 14:27:46] [INFO] Base - Chrome has been selected
[2025-03-26 14:27:49] [INFO] Base - Opening https://www.zigwheels.com/
[2025-03-26 14:27:49] [INFO] Base - PageFactory initialised
[2025-03-26 14:27:49] [INFO] Base - Pagefactory for Navigating to bikes page initialised
[2025-03-26 14:27:52] [INFO] Base - Waiting 5 seconds for accept cookies button to display
[2025-03-26 14:27:53] [INFO] Base - accepted cookies
[2025-03-26 14:27:53] [INFO] Base - Waiting 5 seconds for banner image to load
[2025-03-26 14:27:53] [INFO] Base - The Banner image is present, navigated to home page successfully
[2025-03-26 14:30:36] [INFO] Base - Chrome has been selected
[2025-03-26 14:30:39] [INFO] Base - Opening https://www.zigwheels.com/
[2025-03-26 14:30:39] [INFO] Base - PageFactory initialised
[2025-03-26 14:30:39] [INFO] Base - Pagefactory for Navigating to bikes page initialised
[2025-03-26 14:30:43] [INFO] Base - Waiting 5 seconds for accept cookies button to display
[2025-03-26 14:30:43] [INFO] Base - accepted cookies
[2025-03-26 14:30:43] [INFO] Base - Waiting 5 seconds for banner image to load
[2025-03-26 14:30:43] [INFO] Base - The Banner image is present, navigated to home page successfully
[2025-03-26 14:46:36] [INFO] Base - Chrome has been selected
[2025-03-26 14:46:39] [INFO] Base - Opening https://www.zigwheels.com/
[2025-03-26 14:46:39] [INFO] Base - PageFactory initialised
[2025-03-26 14:46:39] [INFO] Base - Pagefactory for Navigating to bikes page initialised
[2025-03-26 14:46:42] [INFO] Base - Waiting 5 seconds for accept cookies button to display
[2025-03-26 14:46:42] [INFO] Base - accepted cookies
[2025-03-26 14:46:42] [INFO] Base - Waiting 5 seconds for banner image to load
[2025-03-26 14:46:42] [INFO] Base - The Banner image is present, navigated to home page successfully
[2025-03-26 14:52:01] [INFO] Base - Chrome has been selected
[2025-03-26 14:52:05] [INFO] Base - Opening https://www.zigwheels.com/
[2025-03-26 14:52:05] [INFO] Base - PageFactory initialised
[2025-03-26 14:52:05] [INFO] Base - Pagefactory for Navigating to bikes page initialised
[2025-03-26 14:52:08] [INFO] Base - Waiting 5 seconds for accept cookies button to display
[2025-03-26 14:52:08] [INFO] Base - accepted cookies
[2025-03-26 14:52:12] [INFO] Base - New bikes link pressed
[2025-03-26 14:52:12] [INFO] Base - Navigated to Upcoming bikes tab
[2025-03-26 14:52:13] [INFO] Base - scrolled down by 200 pixels
[2025-03-26 14:52:14] [INFO] Base - All upcoming bikes link pressed
[2025-03-26 14:52:14] [INFO] Base - Upcoming Bikes page has fully loaded.
[2025-03-26 14:52:15] [INFO] Base - Filtered by Manufacturer: Honda
[2025-03-27 10:02:09] [INFO] Base - Chrome has been selected
[2025-03-27 10:02:12] [INFO] Base - Opening https://www.zigwheels.com/
[2025-03-27 10:02:12] [INFO] Base - PageFactory initialised
[2025-03-27 10:02:12] [INFO] Base - Pagefactory for Navigating to bikes page initialised
[2025-03-27 10:05:34] [INFO] Base - Chrome has been selected
[2025-03-27 10:05:34] [INFO] Base - Opening https://www.zigwheels.com/
[2025-03-27 10:05:34] [INFO] Base - PageFactory initialised
[2025-03-27 10:05:34] [INFO] Base - Pagefactory for Navigating to bikes page initialised
[2025-03-27 10:05:35] [INFO] Base - Setting up Extent Reports on: C:\Users\2391448\IdeaProjects\ZigWheelsAutomationProject\src\test\resources\Reports\ 
[2025-03-27 10:05:35] [INFO] Base - Started test: Homepage Test
[2025-03-27 10:05:38] [INFO] Base - Waiting 5 seconds for accept cookies button to display
[2025-03-27 10:05:38] [INFO] Base - accepted cookies
[2025-03-27 10:05:39] [INFO] Base - Waiting 5 seconds for banner image to load
[2025-03-27 10:05:39] [INFO] Base - The Banner image is present, navigated to home page successfully
[2025-03-27 10:05:44] [INFO] Base - Extent reports flushed
[2025-03-27 10:10:16] [INFO] Base - Chrome has been selected
[2025-03-27 10:10:19] [INFO] Base - Opening https://www.zigwheels.com/
[2025-03-27 10:10:19] [INFO] Base - PageFactory initialised
[2025-03-27 10:10:19] [INFO] Base - Pagefactory for Navigating to bikes page initialised
[2025-03-27 10:10:19] [INFO] Base - Setting up Extent Reports on: C:\Users\2391448\IdeaProjects\ZigWheelsAutomationProject\src\test\resources\Reports\ 
[2025-03-27 10:10:19] [INFO] Base - Started test: Navigating to Bikes page Test
[2025-03-27 10:10:21] [INFO] Base - Waiting 5 seconds for accept cookies button to display
[2025-03-27 10:10:21] [INFO] Base - accepted cookies
[2025-03-27 10:10:22] [INFO] Base - New bikes link pressed
[2025-03-27 10:10:22] [INFO] Base - Navigated to Upcoming bikes tab
[2025-03-27 10:10:22] [INFO] Base - scrolled down by 200 pixels
[2025-03-27 10:10:24] [INFO] Base - Started test: Homepage Test
[2025-03-27 10:10:29] [ERROR] Base - Error occurred while trying to click accept cookies button: Expected condition failed: waiting for visibility of Proxy element for: DefaultElementLocator 'By.cssSelector: p.fc-button-label' (tried for 5 second(s) with 500 milliseconds interval)
[2025-03-27 10:10:39] [INFO] Base - Extent reports flushed
[2025-03-27 10:11:12] [INFO] Base - Chrome has been selected
[2025-03-27 10:11:14] [INFO] Base - Opening https://www.zigwheels.com/
[2025-03-27 10:11:14] [INFO] Base - PageFactory initialised
[2025-03-27 10:11:14] [INFO] Base - Pagefactory for Navigating to bikes page initialised
[2025-03-27 10:11:14] [INFO] Base - Setting up Extent Reports on: C:\Users\2391448\IdeaProjects\ZigWheelsAutomationProject\src\test\resources\Reports\ 
[2025-03-27 10:11:14] [INFO] Base - Started test: Homepage Test
[2025-03-27 10:11:16] [INFO] Base - Waiting 5 seconds for accept cookies button to display
[2025-03-27 10:11:16] [INFO] Base - accepted cookies
[2025-03-27 10:11:17] [INFO] Base - Waiting 5 seconds for banner image to load
[2025-03-27 10:11:17] [INFO] Base - The Banner image is present, navigated to home page successfully
[2025-03-27 10:11:19] [INFO] Base - Extent reports flushed
[2025-03-27 10:11:37] [INFO] Base - Chrome has been selected
[2025-03-27 10:11:38] [INFO] Base - Opening https://www.zigwheels.com/
[2025-03-27 10:11:38] [INFO] Base - PageFactory initialised
[2025-03-27 10:11:38] [INFO] Base - Pagefactory for Navigating to bikes page initialised
[2025-03-27 10:11:38] [INFO] Base - Setting up Extent Reports on: C:\Users\2391448\IdeaProjects\ZigWheelsAutomationProject\src\test\resources\Reports\ 
[2025-03-27 10:11:38] [INFO] Base - Started test: Navigating to Bikes page Test
[2025-03-27 10:11:43] [INFO] Base - Waiting 5 seconds for accept cookies button to display
[2025-03-27 10:11:43] [INFO] Base - accepted cookies
[2025-03-27 10:11:46] [INFO] Base - New bikes link pressed
[2025-03-27 10:11:47] [INFO] Base - Navigated to Upcoming bikes tab
[2025-03-27 10:11:47] [INFO] Base - scrolled down by 200 pixels
[2025-03-27 10:11:53] [INFO] Base - Extent reports flushed
[2025-03-27 10:12:57] [INFO] Base - Chrome has been selected
[2025-03-27 10:12:58] [INFO] Base - Opening https://www.zigwheels.com/
[2025-03-27 10:12:58] [INFO] Base - PageFactory initialised
[2025-03-27 10:12:58] [INFO] Base - Pagefactory for Navigating to bikes page initialised
[2025-03-27 10:12:59] [INFO] Base - Setting up Extent Reports on: C:\Users\2391448\IdeaProjects\ZigWheelsAutomationProject\src\test\resources\Reports\ 
[2025-03-27 10:12:59] [INFO] Base - Started test: Navigating to Bikes page Test
[2025-03-27 10:13:02] [INFO] Base - Waiting 5 seconds for accept cookies button to display
[2025-03-27 10:13:03] [INFO] Base - accepted cookies
[2025-03-27 10:13:05] [INFO] Base - New bikes link pressed
[2025-03-27 10:13:05] [INFO] Base - Navigated to Upcoming bikes tab
[2025-03-27 10:13:06] [INFO] Base - scrolled down by 200 pixels
[2025-03-27 10:13:07] [INFO] Base - All upcoming bikes link pressed
[2025-03-27 10:13:07] [INFO] Base - Upcoming Bikes page has fully loaded.
[2025-03-27 10:13:09] [INFO] Base - Filtered by Manufacturer: Honda
[2025-03-27 10:13:14] [INFO] Base - Extent reports flushed
[2025-03-27 10:29:49] [INFO] Base - Chrome has been selected
[2025-03-27 10:29:51] [INFO] Base - Opening https://www.zigwheels.com/
[2025-03-27 10:29:51] [INFO] Base - PageFactory initialised
[2025-03-27 10:29:51] [INFO] Base - Pagefactory for Navigating to bikes page initialised
[2025-03-27 10:29:51] [INFO] Base - Setting up Extent Reports on: C:\Users\2391448\IdeaProjects\ZigWheelsAutomationProject\src\test\resources\Reports\ 
[2025-03-27 10:29:51] [INFO] Base - Started test: Navigating to Bikes page Test
[2025-03-27 10:29:53] [INFO] Base - Waiting 5 seconds for accept cookies button to display
[2025-03-27 10:29:54] [INFO] Base - accepted cookies
[2025-03-27 10:29:54] [INFO] Base - New bikes link pressed
[2025-03-27 10:29:55] [INFO] Base - Navigated to Upcoming bikes tab
[2025-03-27 10:29:55] [INFO] Base - scrolled down by 200 pixels
[2025-03-27 10:30:07] [INFO] Base - Extent reports flushed
[2025-03-27 10:45:11] [INFO] Base - Chrome has been selected
[2025-03-27 10:45:14] [INFO] Base - Opening https://www.zigwheels.com/
[2025-03-27 10:45:14] [INFO] Base - PageFactory initialised
[2025-03-27 10:45:14] [INFO] Base - Pagefactory for Navigating to bikes page initialised
[2025-03-27 10:45:14] [INFO] Base - Setting up Extent Reports on: C:\Users\2391448\IdeaProjects\ZigWheelsAutomationProject\src\test\resources\Reports\ 
[2025-03-27 10:45:14] [INFO] Base - Started test: Navigating to Bikes page Test
[2025-03-27 10:45:16] [INFO] Base - Waiting 5 seconds for accept cookies button to display
[2025-03-27 10:45:16] [INFO] Base - accepted cookies
[2025-03-27 10:45:17] [INFO] Base - New bikes link pressed
[2025-03-27 10:45:17] [INFO] Base - Navigated to Upcoming bikes tab
[2025-03-27 10:45:17] [INFO] Base - scrolled down by 200 pixels
[2025-03-27 10:45:27] [INFO] Base - Extent reports flushed
[2025-03-27 10:47:57] [INFO] Base - Chrome has been selected
[2025-03-27 10:48:00] [INFO] Base - Opening https://www.zigwheels.com/
[2025-03-27 10:48:00] [INFO] Base - PageFactory initialised
[2025-03-27 10:48:00] [INFO] Base - Pagefactory for Navigating to bikes page initialised
[2025-03-27 10:48:00] [INFO] Base - Setting up Extent Reports on: C:\Users\2391448\IdeaProjects\ZigWheelsAutomationProject\src\test\resources\Reports\ 
[2025-03-27 10:48:00] [INFO] Base - Started test: Navigating to Bikes page Test
[2025-03-27 10:48:02] [INFO] Base - Waiting 5 seconds for accept cookies button to display
[2025-03-27 10:48:02] [INFO] Base - accepted cookies
[2025-03-27 10:48:04] [INFO] Base - New bikes link pressed
[2025-03-27 10:48:04] [INFO] Base - Waiting for 2 seconds for animations to load properly
[2025-03-27 10:48:04] [INFO] Base - Navigated to Upcoming bikes tab
[2025-03-27 10:48:04] [INFO] Base - scrolled down by 200 pixels
[2025-03-27 10:48:12] [INFO] Base - Extent reports flushed
[2025-03-27 10:48:50] [INFO] Base - Chrome has been selected
[2025-03-27 10:48:51] [INFO] Base - Opening https://www.zigwheels.com/
[2025-03-27 10:48:51] [INFO] Base - PageFactory initialised
[2025-03-27 10:48:51] [INFO] Base - Pagefactory for Navigating to bikes page initialised
[2025-03-27 10:48:51] [INFO] Base - Setting up Extent Reports on: C:\Users\2391448\IdeaProjects\ZigWheelsAutomationProject\src\test\resources\Reports\ 
[2025-03-27 10:48:51] [INFO] Base - Started test: Navigating to Bikes page Test
[2025-03-27 10:48:54] [INFO] Base - Waiting 5 seconds for accept cookies button to display
[2025-03-27 10:48:55] [INFO] Base - accepted cookies
[2025-03-27 10:48:56] [INFO] Base - New bikes link pressed
[2025-03-27 10:48:56] [INFO] Base - Navigated to Upcoming bikes tab
[2025-03-27 10:48:56] [INFO] Base - scrolled down by 200 pixels
[2025-03-27 10:49:02] [INFO] Base - Extent reports flushed
[2025-03-27 10:49:43] [INFO] Base - Chrome has been selected
[2025-03-27 10:49:45] [INFO] Base - Opening https://www.zigwheels.com/
[2025-03-27 10:49:45] [INFO] Base - PageFactory initialised
[2025-03-27 10:49:45] [INFO] Base - Pagefactory for Navigating to bikes page initialised
[2025-03-27 10:49:45] [INFO] Base - Setting up Extent Reports on: C:\Users\2391448\IdeaProjects\ZigWheelsAutomationProject\src\test\resources\Reports\ 
[2025-03-27 10:49:45] [INFO] Base - Started test: Navigating to Bikes page Test
[2025-03-27 10:49:47] [INFO] Base - Waiting 5 seconds for accept cookies button to display
[2025-03-27 10:49:47] [INFO] Base - accepted cookies
[2025-03-27 10:49:49] [INFO] Base - New bikes link pressed
[2025-03-27 10:49:49] [INFO] Base - Navigated to Upcoming bikes tab
[2025-03-27 10:49:49] [INFO] Base - scrolled down by 200 pixels
[2025-03-27 10:49:50] [INFO] Base - All upcoming bikes link pressed
[2025-03-27 10:49:50] [INFO] Base - Upcoming Bikes page has fully loaded.
[2025-03-27 10:49:51] [INFO] Base - Filtered by Manufacturer: Honda
[2025-03-27 10:49:57] [INFO] Base - Extent reports flushed
[2025-03-27 10:51:04] [INFO] Base - Chrome has been selected
[2025-03-27 10:51:06] [INFO] Base - Opening https://www.zigwheels.com/
[2025-03-27 10:51:06] [INFO] Base - PageFactory initialised
[2025-03-27 10:51:06] [INFO] Base - Pagefactory for Navigating to bikes page initialised
[2025-03-27 10:51:06] [INFO] Base - Setting up Extent Reports on: C:\Users\2391448\IdeaProjects\ZigWheelsAutomationProject\src\test\resources\Reports\ 
[2025-03-27 10:51:06] [INFO] Base - Started test: Navigating to Bikes page Test
[2025-03-27 10:51:08] [INFO] Base - Waiting 5 seconds for accept cookies button to display
[2025-03-27 10:51:09] [INFO] Base - accepted cookies
[2025-03-27 10:51:10] [INFO] Base - New bikes link pressed
[2025-03-27 10:51:10] [INFO] Base - Navigated to Upcoming bikes tab
[2025-03-27 10:51:10] [INFO] Base - scrolled down by 200 pixels
[2025-03-27 10:51:14] [INFO] Base - Extent reports flushed
[2025-03-27 10:51:33] [INFO] Base - Chrome has been selected
[2025-03-27 10:51:34] [INFO] Base - Opening https://www.zigwheels.com/
[2025-03-27 10:51:34] [INFO] Base - PageFactory initialised
[2025-03-27 10:51:34] [INFO] Base - Pagefactory for Navigating to bikes page initialised
[2025-03-27 10:51:35] [INFO] Base - Setting up Extent Reports on: C:\Users\2391448\IdeaProjects\ZigWheelsAutomationProject\src\test\resources\Reports\ 
[2025-03-27 10:51:35] [INFO] Base - Started test: Navigating to Bikes page Test
[2025-03-27 10:51:40] [INFO] Base - Waiting 5 seconds for accept cookies button to display
[2025-03-27 10:51:40] [INFO] Base - accepted cookies
[2025-03-27 10:51:43] [INFO] Base - New bikes link pressed
[2025-03-27 10:51:43] [INFO] Base - Navigated to Upcoming bikes tab
[2025-03-27 10:51:43] [INFO] Base - scrolled down by 200 pixels
[2025-03-27 10:51:49] [INFO] Base - Extent reports flushed
[2025-03-27 10:52:09] [INFO] Base - Chrome has been selected
[2025-03-27 10:52:11] [INFO] Base - Opening https://www.zigwheels.com/
[2025-03-27 10:52:11] [INFO] Base - PageFactory initialised
[2025-03-27 10:52:11] [INFO] Base - Pagefactory for Navigating to bikes page initialised
[2025-03-27 10:52:12] [INFO] Base - Setting up Extent Reports on: C:\Users\2391448\IdeaProjects\ZigWheelsAutomationProject\src\test\resources\Reports\ 
[2025-03-27 10:52:12] [INFO] Base - Started test: Navigating to Bikes page Test
[2025-03-27 10:52:14] [INFO] Base - Waiting 5 seconds for accept cookies button to display
[2025-03-27 10:52:14] [INFO] Base - accepted cookies
[2025-03-27 10:52:15] [INFO] Base - New bikes link pressed
[2025-03-27 10:52:15] [INFO] Base - Navigated to Upcoming bikes tab
[2025-03-27 10:52:15] [INFO] Base - scrolled down by 200 pixels
[2025-03-27 10:52:19] [INFO] Base - Extent reports flushed
[2025-03-27 10:52:44] [INFO] Base - Chrome has been selected
[2025-03-27 10:52:45] [INFO] Base - Opening https://www.zigwheels.com/
[2025-03-27 10:52:45] [INFO] Base - PageFactory initialised
[2025-03-27 10:52:45] [INFO] Base - Pagefactory for Navigating to bikes page initialised
[2025-03-27 10:52:45] [INFO] Base - Setting up Extent Reports on: C:\Users\2391448\IdeaProjects\ZigWheelsAutomationProject\src\test\resources\Reports\ 
[2025-03-27 10:52:45] [INFO] Base - Started test: Navigating to Bikes page Test
[2025-03-27 10:52:49] [INFO] Base - Waiting 5 seconds for accept cookies button to display
[2025-03-27 10:52:49] [INFO] Base - accepted cookies
[2025-03-27 10:52:50] [INFO] Base - New bikes link pressed
[2025-03-27 10:52:50] [INFO] Base - Navigated to Upcoming bikes tab
[2025-03-27 10:52:50] [INFO] Base - scrolled down by 200 pixels
[2025-03-27 11:10:32] [INFO] Base - Chrome has been selected
[2025-03-27 11:10:32] [INFO] Base - PageFactory initialised
[2025-03-27 11:10:32] [INFO] Base - Pagefactory for Navigating to bikes page initialised
[2025-03-27 11:10:32] [INFO] Base - Setting up Extent Reports on: C:\Users\2391448\IdeaProjects\ZigWheelsAutomationProject\src\test\resources\Reports\ 
[2025-03-27 11:10:32] [INFO] Base - Started test: Navigating to Bikes page Test
[2025-03-27 11:10:38] [ERROR] Base - Error occurred while trying to click accept cookies button: Expected condition failed: waiting for visibility of Proxy element for: DefaultElementLocator 'By.cssSelector: p.fc-button-label' (tried for 5 second(s) with 500 milliseconds interval)
[2025-03-27 11:10:40] [INFO] Base - Extent reports flushed
[2025-03-27 11:11:08] [INFO] Base - Chrome has been selected
[2025-03-27 11:11:09] [INFO] Base - PageFactory initialised
[2025-03-27 11:11:09] [INFO] Base - Pagefactory for Navigating to bikes page initialised
[2025-03-27 11:11:09] [INFO] Base - Setting up Extent Reports on: C:\Users\2391448\IdeaProjects\ZigWheelsAutomationProject\src\test\resources\Reports\ 
[2025-03-27 11:11:09] [INFO] Base - Started test: Navigating to Bikes page Test
[2025-03-27 11:11:14] [ERROR] Base - Error occurred while trying to click accept cookies button: Expected condition failed: waiting for visibility of Proxy element for: DefaultElementLocator 'By.cssSelector: p.fc-button-label' (tried for 5 second(s) with 500 milliseconds interval)
[2025-03-27 11:11:16] [INFO] Base - Extent reports flushed
[2025-03-27 11:11:36] [INFO] Base - Chrome has been selected
[2025-03-27 11:11:36] [INFO] Base - PageFactory initialised
[2025-03-27 11:11:36] [INFO] Base - Pagefactory for Navigating to bikes page initialised
[2025-03-27 11:11:36] [INFO] Base - Setting up Extent Reports on: C:\Users\2391448\IdeaProjects\ZigWheelsAutomationProject\src\test\resources\Reports\ 
[2025-03-27 11:11:36] [INFO] Base - Started test: Navigating to Bikes page Test
[2025-03-27 11:11:42] [ERROR] Base - Error occurred while trying to click accept cookies button: Expected condition failed: waiting for visibility of Proxy element for: DefaultElementLocator 'By.cssSelector: p.fc-button-label' (tried for 5 second(s) with 500 milliseconds interval)
[2025-03-27 11:11:44] [INFO] Base - Extent reports flushed
[2025-03-27 11:21:46] [INFO] Base - Chrome has been selected
[2025-03-27 11:21:46] [INFO] Base - PageFactory initialised
[2025-03-27 11:21:46] [INFO] Base - Pagefactory for Navigating to bikes page initialised
[2025-03-27 11:21:46] [INFO] Base - Started test: Homepage Test
[2025-03-27 11:21:52] [ERROR] Base - Error occurred while trying to click accept cookies button: Expected condition failed: waiting for visibility of Proxy element for: DefaultElementLocator 'By.cssSelector: p.fc-button-label' (tried for 5 second(s) with 500 milliseconds interval)
[2025-03-27 11:21:54] [INFO] Base - Extent reports flushed
[2025-03-27 11:22:19] [INFO] Base - Chrome has been selected
[2025-03-27 11:22:19] [INFO] Base - PageFactory initialised
[2025-03-27 11:22:19] [INFO] Base - Pagefactory for Navigating to bikes page initialised
[2025-03-27 11:22:20] [INFO] Base - Started test: Navigating to Bikes page Test
[2025-03-27 11:22:24] [INFO] Base - Extent reports flushed
[2025-03-27 11:23:08] [INFO] Base - Chrome has been selected
[2025-03-27 11:23:08] [INFO] Base - PageFactory initialised
[2025-03-27 11:23:08] [INFO] Base - Pagefactory for Navigating to bikes page initialised
[2025-03-27 11:23:08] [INFO] Base - Started test: Homepage Test
[2025-03-27 11:23:13] [ERROR] Base - Element not visible after waiting for 5 seconds
[2025-03-27 11:23:13] [ERROR] Base - Banner image did not load, navigation to homepage unsuccessful: Failed waiitng for element visibility
[2025-03-27 11:23:17] [INFO] Base - Extent reports flushed
[2025-03-27 11:23:50] [INFO] Base - Chrome has been selected
[2025-03-27 11:23:50] [INFO] Base - PageFactory initialised
[2025-03-27 11:23:50] [INFO] Base - Pagefactory for Navigating to bikes page initialised
[2025-03-27 11:23:50] [INFO] Base - Started test: Homepage Test
[2025-03-27 11:23:55] [ERROR] Base - Element not visible after waiting for 5 seconds
[2025-03-27 11:23:55] [ERROR] Base - Banner image did not load, navigation to homepage unsuccessful: Failed waiitng for element visibility
[2025-03-27 11:23:57] [INFO] Base - Extent reports flushed
[2025-03-27 11:24:37] [INFO] Base - Chrome has been selected
[2025-03-27 11:24:37] [INFO] Base - PageFactory initialised
[2025-03-27 11:24:37] [INFO] Base - Pagefactory for Navigating to bikes page initialised
[2025-03-27 11:24:37] [INFO] Base - Started test: Homepage Test
[2025-03-27 13:15:22] [ERROR] Base - Element not visible after waiting for 5 seconds
[2025-03-27 13:15:22] [ERROR] Base - Banner image did not load, navigation to homepage unsuccessful: Failed waiitng for element visibility
[2025-03-27 13:20:52] [INFO] Base - Chrome has been selected
[2025-03-27 13:20:52] [INFO] Base - PageFactory initialised
[2025-03-27 13:20:52] [INFO] Base - Pagefactory for Navigating to bikes page initialised
[2025-03-27 13:20:53] [INFO] Base - Started test: Homepage Test
[2025-03-27 13:20:58] [ERROR] Base - Element not visible after waiting for 5 seconds
[2025-03-27 13:20:58] [ERROR] Base - Banner image did not load, navigation to homepage unsuccessful: Failed waiitng for element visibility
[2025-03-27 13:21:02] [INFO] Base - Extent reports flushed
[2025-03-27 13:25:46] [INFO] Base - Chrome has been selected
[2025-03-27 13:25:46] [INFO] Base - PageFactory initialised
[2025-03-27 13:25:46] [INFO] Base - Pagefactory for Navigating to bikes page initialised
[2025-03-27 13:25:47] [INFO] Base - Started test: Homepage Test
[2025-03-27 13:25:52] [ERROR] Base - Element not visible after waiting for 5 seconds
[2025-03-27 13:25:52] [ERROR] Base - Banner image did not load, navigation to homepage unsuccessful: Failed waiitng for element visibility
[2025-03-27 13:25:56] [INFO] Base - Extent reports flushed
[2025-03-27 13:29:35] [INFO] Base - Chrome has been selected
[2025-03-27 13:29:35] [INFO] Base - PageFactory initialised
[2025-03-27 13:29:37] [INFO] Base - Pagefactory for Navigating to bikes page initialised
[2025-03-27 13:29:38] [INFO] Base - Started test: Homepage Test
[2025-03-27 13:29:39] [INFO] Base - Waiting 5 seconds for banner image to load
[2025-03-27 13:29:39] [INFO] Base - The Banner image is present, navigated to home page successfully
[2025-03-27 13:29:43] [INFO] Base - Extent reports flushed
[2025-03-27 13:30:35] [INFO] Base - Chrome has been selected
[2025-03-27 13:30:35] [INFO] Base - PageFactory initialised
[2025-03-27 13:30:37] [INFO] Base - Pagefactory for Navigating to bikes page initialised
[2025-03-27 13:30:37] [INFO] Base - Started test: Homepage Test
[2025-03-27 13:30:40] [INFO] Base - Waiting 5 seconds for accept cookies button to display
[2025-03-27 13:30:40] [INFO] Base - accepted cookies
[2025-03-27 13:30:40] [INFO] Base - Waiting 5 seconds for banner image to load
[2025-03-27 13:30:40] [INFO] Base - The Banner image is present, navigated to home page successfully
[2025-03-27 13:30:44] [INFO] Base - Extent reports flushed
[2025-03-27 13:31:03] [INFO] Base - Chrome has been selected
[2025-03-27 13:31:03] [INFO] Base - PageFactory initialised
[2025-03-27 13:31:05] [INFO] Base - Pagefactory for Navigating to bikes page initialised
[2025-03-27 13:31:05] [INFO] Base - Started test: Navigating to Bikes page Test
[2025-03-27 13:31:08] [INFO] Base - Waiting 5 seconds for accept cookies button to display
[2025-03-27 13:31:08] [INFO] Base - accepted cookies
[2025-03-27 13:31:11] [INFO] Base - New bikes link pressed
[2025-03-27 13:31:12] [INFO] Base - Navigated to Upcoming bikes tab
[2025-03-27 13:31:12] [INFO] Base - scrolled down by 800 pixels
[2025-03-27 13:31:14] [INFO] Base - All upcoming bikes link pressed
[2025-03-27 13:31:14] [INFO] Base - Upcoming Bikes page has fully loaded.
[2025-03-27 13:31:16] [INFO] Base - Filtered by Manufacturer: Honda
[2025-03-27 13:31:20] [INFO] Base - Extent reports flushed
[2025-03-27 13:36:17] [INFO] Base - Chrome has been selected
[2025-03-27 13:36:17] [INFO] Base - PageFactory initialised
[2025-03-27 13:36:19] [INFO] Base - Pagefactory for Navigating to bikes page initialised
[2025-03-27 13:36:19] [INFO] Base - Started test: Navigating to Bikes page Test
[2025-03-27 13:36:21] [INFO] Base - Waiting 5 seconds for accept cookies button to display
[2025-03-27 13:36:22] [INFO] Base - accepted cookies
[2025-03-27 13:36:25] [INFO] Base - New bikes link pressed
[2025-03-27 13:36:25] [INFO] Base - Navigated to Upcoming bikes tab
[2025-03-27 13:36:25] [INFO] Base - scrolled down by 800 pixels
[2025-03-27 13:36:26] [INFO] Base - All upcoming bikes link pressed
[2025-03-27 13:36:26] [INFO] Base - Upcoming Bikes page has fully loaded.
[2025-03-27 13:36:28] [INFO] Base - Filtered by Manufacturer: Honda
[2025-03-27 13:36:33] [INFO] Base - Extent reports flushed
[2025-03-27 13:45:36] [INFO] Base - Chrome has been selected
[2025-03-27 13:45:36] [INFO] Base - PageFactory initialised
[2025-03-27 13:45:39] [INFO] Base - Pagefactory for Navigating to bikes page initialised
[2025-03-27 13:45:39] [INFO] Base - Started test: Navigating to Bikes page Test
[2025-03-27 13:45:42] [INFO] Base - Waiting 5 seconds for accept cookies button to display
[2025-03-27 13:45:42] [INFO] Base - accepted cookies
[2025-03-27 13:45:45] [INFO] Base - New bikes link pressed
[2025-03-27 13:45:46] [INFO] Base - Navigated to Upcoming bikes tab
[2025-03-27 13:45:46] [INFO] Base - scrolled down by 800 pixels
[2025-03-27 13:45:47] [INFO] Base - All upcoming bikes link pressed
[2025-03-27 13:45:47] [INFO] Base - Upcoming Bikes page has fully loaded.
[2025-03-27 13:45:49] [INFO] Base - Filtered by Manufacturer: Honda
[2025-03-27 13:48:34] [INFO] Base - Test suite started: ZigWheelsAutomationProject
[2025-03-27 13:48:44] [INFO] Base - Chrome has been selected
[2025-03-27 13:48:44] [INFO] Base - PageFactory initialised
[2025-03-27 13:48:47] [INFO] Base - Pagefactory for Navigating to bikes page initialised
[2025-03-27 13:48:47] [INFO] Base - Started test: Navigating to Bikes page Test
[2025-03-27 13:48:53] [ERROR] Base - Error occurred while trying to click accept cookies button: Expected condition failed: waiting for visibility of Proxy element for: DefaultElementLocator 'By.cssSelector: p.fc-button-label' (tried for 5 second(s) with 500 milliseconds interval)
[2025-03-27 13:48:57] [INFO] Base - Test suite finished. Passed: 0, Failed: 1, Skipped: 0
[2025-03-27 13:49:17] [INFO] Base - Test suite started: ZigWheelsAutomationProject
[2025-03-27 13:49:28] [INFO] Base - Chrome has been selected
[2025-03-27 13:49:28] [INFO] Base - PageFactory initialised
[2025-03-27 13:49:30] [INFO] Base - Pagefactory for Navigating to bikes page initialised
[2025-03-27 13:49:30] [INFO] Base - Started test: Navigating to Bikes page Test
[2025-03-27 13:49:33] [INFO] Base - Waiting 5 seconds for accept cookies button to display
[2025-03-27 13:49:33] [INFO] Base - accepted cookies
[2025-03-27 13:49:35] [INFO] Base - New bikes link pressed
[2025-03-27 13:49:36] [INFO] Base - Navigated to Upcoming bikes tab
[2025-03-27 13:49:36] [INFO] Base - scrolled down by 800 pixels
[2025-03-27 13:49:38] [INFO] Base - All upcoming bikes link pressed
[2025-03-27 13:49:38] [INFO] Base - Upcoming Bikes page has fully loaded.
[2025-03-27 13:49:39] [INFO] Base - Filtered by Manufacturer: Honda
[2025-03-27 13:49:45] [INFO] Base - Test suite finished. Passed: 1, Failed: 0, Skipped: 0
[2025-03-27 13:50:56] [INFO] Base - Test suite started: ZigWheelsAutomationProject
[2025-03-27 13:51:07] [INFO] Base - Chrome has been selected
[2025-03-27 13:51:07] [INFO] Base - PageFactory initialised
[2025-03-27 13:51:08] [INFO] Base - Pagefactory for Navigating to bikes page initialised
[2025-03-27 13:51:13] [INFO] Base - Waiting 5 seconds for accept cookies button to display
[2025-03-27 13:51:14] [INFO] Base - accepted cookies
[2025-03-27 13:51:15] [INFO] Base - New bikes link pressed
[2025-03-27 13:51:15] [INFO] Base - Navigated to Upcoming bikes tab
[2025-03-27 13:51:16] [INFO] Base - scrolled down by 800 pixels
[2025-03-27 13:51:17] [INFO] Base - All upcoming bikes link pressed
[2025-03-27 13:51:17] [INFO] Base - Upcoming Bikes page has fully loaded.
[2025-03-27 13:51:19] [INFO] Base - Filtered by Manufacturer: Honda
[2025-03-27 13:51:25] [INFO] Base - Test suite finished. Passed: 0, Failed: 1, Skipped: 0
[2025-03-27 13:51:49] [INFO] Base - Test suite started: ZigWheelsAutomationProject
[2025-03-27 13:52:00] [INFO] Base - Chrome has been selected
[2025-03-27 13:52:00] [INFO] Base - PageFactory initialised
[2025-03-27 13:52:03] [INFO] Base - Pagefactory for Navigating to bikes page initialised
[2025-03-27 13:52:06] [INFO] Base - Waiting 5 seconds for accept cookies button to display
[2025-03-27 13:52:06] [INFO] Base - accepted cookies
[2025-03-27 13:52:10] [INFO] Base - New bikes link pressed
[2025-03-27 13:52:10] [INFO] Base - Navigated to Upcoming bikes tab
[2025-03-27 13:52:10] [INFO] Base - scrolled down by 800 pixels
[2025-03-27 13:52:12] [INFO] Base - All upcoming bikes link pressed
[2025-03-27 13:52:12] [INFO] Base - Upcoming Bikes page has fully loaded.
[2025-03-27 13:52:14] [INFO] Base - Filtered by Manufacturer: Honda
[2025-03-27 13:52:18] [INFO] Base - Test suite finished. Passed: 0, Failed: 1, Skipped: 0
[2025-03-27 13:55:32] [INFO] Base - Test suite started: ZigWheelsAutomationProject
[2025-03-27 13:55:43] [INFO] Base - Chrome has been selected
[2025-03-27 13:55:43] [INFO] Base - PageFactory initialised
[2025-03-27 13:55:44] [INFO] Base - Pagefactory for Navigating to bikes page initialised
[2025-03-27 13:55:44] [INFO] Base - Started test: Navigating to Bikes page Test
[2025-03-27 13:55:48] [INFO] Base - Waiting 5 seconds for accept cookies button to display
[2025-03-27 13:55:49] [INFO] Base - accepted cookies
[2025-03-27 13:55:50] [INFO] Base - New bikes link pressed
[2025-03-27 13:55:50] [INFO] Base - Navigated to Upcoming bikes tab
[2025-03-27 13:55:50] [INFO] Base - scrolled down by 800 pixels
[2025-03-27 13:55:52] [INFO] Base - All upcoming bikes link pressed
[2025-03-27 13:55:52] [INFO] Base - Upcoming Bikes page has fully loaded.
[2025-03-27 13:55:53] [INFO] Base - Filtered by Manufacturer: Honda
[2025-03-27 13:55:53] [INFO] Base - Test Passed: PASS: NavigatingToBikesPageTest
[2025-03-27 13:56:01] [INFO] Base - Test suite finished. Passed: 1, Failed: 0, Skipped: 0
[2025-03-27 14:23:37] [INFO] Base - Test suite started: ZigWheelsAutomationProject
[2025-03-27 14:23:49] [INFO] Base - Chrome has been selected
[2025-03-27 14:23:49] [INFO] Base - Pagefactory for Navigating to bikes page initialised
[2025-03-27 14:23:49] [INFO] Base - Started test: Navigating to Bikes page Test
[2025-03-27 14:23:49] [ERROR] Base - Test Failed: FAIL: NavigatingToBikesPageTest
[2025-03-27 14:23:51] [INFO] Base - Test suite finished. Passed: 0, Failed: 1, Skipped: 0
[2025-03-27 14:25:31] [INFO] Base - Test suite started: ZigWheelsAutomationProject
[2025-03-27 14:25:42] [INFO] Base - Chrome has been selected
[2025-03-27 14:25:42] [INFO] Base - Pagefactory for Navigating to bikes page initialised
[2025-03-27 14:25:44] [INFO] Base - Started test: Navigating to Bikes page Test
[2025-03-27 14:25:46] [INFO] Base - New bikes link pressed
[2025-03-27 14:25:47] [INFO] Base - Navigated to Upcoming bikes tab
[2025-03-27 14:25:47] [INFO] Base - scrolled down by 800 pixels
[2025-03-27 14:25:48] [INFO] Base - All upcoming bikes link pressed
[2025-03-27 14:25:48] [INFO] Base - Upcoming Bikes page has fully loaded.
[2025-03-27 14:25:50] [ERROR] Base - Test Failed: FAIL: NavigatingToBikesPageTest
[2025-03-27 14:25:54] [INFO] Base - Test suite finished. Passed: 0, Failed: 1, Skipped: 0
[2025-03-27 14:27:53] [INFO] Base - Test suite started: ZigWheelsAutomationProject
[2025-03-27 14:28:04] [INFO] Base - Chrome has been selected
[2025-03-27 14:28:04] [INFO] Base - PageFactory initialised
[2025-03-27 14:28:06] [INFO] Base - Pagefactory for Navigating to bikes page initialised
[2025-03-27 14:28:07] [INFO] Base - Started test: Navigating to Bikes page Test
[2025-03-27 14:28:10] [INFO] Base - Waiting 5 seconds for accept cookies button to display
[2025-03-27 14:28:11] [INFO] Base - accepted cookies
[2025-03-27 14:28:14] [INFO] Base - New bikes link pressed
[2025-03-27 14:28:14] [INFO] Base - Navigated to Upcoming bikes tab
[2025-03-27 14:28:14] [INFO] Base - scrolled down by 800 pixels
[2025-03-27 14:28:16] [INFO] Base - All upcoming bikes link pressed
[2025-03-27 14:28:16] [INFO] Base - Upcoming Bikes page has fully loaded.
[2025-03-27 14:28:17] [INFO] Base - Filtered by Manufacturer: Honda
[2025-03-27 14:28:17] [INFO] Base - Test Passed: PASS: NavigatingToBikesPageTest
[2025-03-27 14:28:22] [INFO] Base - Test suite finished. Passed: 1, Failed: 0, Skipped: 0
[2025-03-27 14:28:48] [INFO] Base - Test suite started: ZigWheelsAutomationProject
[2025-03-27 14:29:01] [INFO] Base - Chrome has been selected
[2025-03-27 14:29:01] [INFO] Base - PageFactory initialised
[2025-03-27 14:29:03] [INFO] Base - Started test: Homepage Test
[2025-03-27 14:29:06] [INFO] Base - Waiting 5 seconds for accept cookies button to display
[2025-03-27 14:29:06] [INFO] Base - accepted cookies
[2025-03-27 14:29:06] [INFO] Base - Waiting 5 seconds for banner image to load
[2025-03-27 14:29:06] [INFO] Base - The Banner image is present, navigated to home page successfully
[2025-03-27 14:29:07] [INFO] Base - Test Passed: PASS: homepageTest
[2025-03-27 14:29:10] [INFO] Base - Test suite finished. Passed: 1, Failed: 0, Skipped: 0
[2025-03-28 10:14:14] [INFO] Base - Test suite started: ZigWheelsAutomationProject
[2025-03-28 10:14:31] [INFO] Base - Chrome has been selected
[2025-03-28 10:14:31] [INFO] Base - PageFactory initialised
[2025-03-28 10:14:34] [INFO] Base - Pagefactory for Navigating to bikes page initialised
[2025-03-28 10:14:34] [INFO] Base - Started test: Navigating to Bikes page Test
[2025-03-28 10:14:38] [INFO] Base - Waiting 5 seconds for accept cookies button to display
[2025-03-28 10:14:38] [INFO] Base - accepted cookies
[2025-03-28 10:14:39] [INFO] Base - New bikes link pressed
[2025-03-28 10:14:40] [INFO] Base - Navigated to Upcoming bikes tab
[2025-03-28 10:14:40] [INFO] Base - scrolled down by 800 pixels
[2025-03-28 10:14:41] [INFO] Base - All upcoming bikes link pressed
[2025-03-28 10:14:41] [INFO] Base - Upcoming Bikes page has fully loaded.
[2025-03-28 10:14:43] [INFO] Base - Filtered by Manufacturer: Honda
[2025-03-28 10:14:44] [ERROR] Base - Test Failed: FAIL: NavigatingToBikesPageTest
[2025-03-28 10:14:51] [INFO] Base - Test suite finished. Passed: 0, Failed: 1, Skipped: 0
[2025-03-28 10:15:58] [INFO] Base - Test suite started: ZigWheelsAutomationProject
[2025-03-28 10:16:08] [INFO] Base - Chrome has been selected
[2025-03-28 10:16:08] [INFO] Base - PageFactory initialised
[2025-03-28 10:16:12] [INFO] Base - Pagefactory for Navigating to bikes page initialised
[2025-03-28 10:16:13] [INFO] Base - Started test: Navigating to Bikes page Test
[2025-03-28 10:16:16] [INFO] Base - Waiting 5 seconds for accept cookies button to display
[2025-03-28 10:16:17] [INFO] Base - accepted cookies
[2025-03-28 10:16:19] [INFO] Base - New bikes link pressed
[2025-03-28 10:16:20] [INFO] Base - Navigated to Upcoming bikes tab
[2025-03-28 10:16:20] [INFO] Base - scrolled down by 800 pixels
[2025-03-28 10:16:21] [INFO] Base - All upcoming bikes link pressed
[2025-03-28 10:16:21] [INFO] Base - Upcoming Bikes page has fully loaded.
[2025-03-28 10:16:23] [INFO] Base - Filtered by Manufacturer: Honda
[2025-03-28 10:16:25] [ERROR] Base - Test Failed: FAIL: NavigatingToBikesPageTest
[2025-03-28 10:16:31] [INFO] Base - Test suite finished. Passed: 0, Failed: 1, Skipped: 0
[2025-03-28 10:17:16] [INFO] Base - Test suite started: ZigWheelsAutomationProject
[2025-03-28 10:17:50] [INFO] Base - Test suite started: ZigWheelsAutomationProject
[2025-03-28 10:18:01] [INFO] Base - Chrome has been selected
[2025-03-28 10:18:01] [INFO] Base - PageFactory initialised
[2025-03-28 10:18:04] [INFO] Base - Pagefactory for Navigating to bikes page initialised
[2025-03-28 10:18:05] [INFO] Base - Started test: Navigating to Bikes page Test
[2025-03-28 10:18:08] [INFO] Base - Waiting 5 seconds for accept cookies button to display
[2025-03-28 10:18:08] [INFO] Base - accepted cookies
[2025-03-28 10:18:11] [INFO] Base - New bikes link pressed
[2025-03-28 10:18:11] [INFO] Base - Navigated to Upcoming bikes tab
[2025-03-28 10:18:11] [INFO] Base - scrolled down by 800 pixels
[2025-03-28 10:18:13] [INFO] Base - All upcoming bikes link pressed
[2025-03-28 10:18:13] [INFO] Base - Upcoming Bikes page has fully loaded.
[2025-03-28 10:18:14] [INFO] Base - Filtered by Manufacturer: Honda
[2025-03-28 10:18:16] [ERROR] Base - Test Failed: FAIL: NavigatingToBikesPageTest
[2025-03-28 10:18:23] [INFO] Base - Test suite finished. Passed: 0, Failed: 1, Skipped: 0
[2025-03-28 10:20:14] [INFO] Base - Test suite started: ZigWheelsAutomationProject
[2025-03-28 10:20:25] [INFO] Base - Chrome has been selected
[2025-03-28 10:20:25] [INFO] Base - PageFactory initialised
[2025-03-28 10:20:28] [INFO] Base - Pagefactory for Navigating to bikes page initialised
[2025-03-28 10:20:29] [INFO] Base - Started test: Navigating to Bikes page Test
[2025-03-28 10:20:32] [INFO] Base - Waiting 5 seconds for accept cookies button to display
[2025-03-28 10:20:33] [INFO] Base - accepted cookies
[2025-03-28 10:20:36] [INFO] Base - New bikes link pressed
[2025-03-28 10:20:36] [INFO] Base - Navigated to Upcoming bikes tab
[2025-03-28 10:20:36] [INFO] Base - scrolled down by 800 pixels
[2025-03-28 10:20:38] [INFO] Base - All upcoming bikes link pressed
[2025-03-28 10:20:38] [INFO] Base - Upcoming Bikes page has fully loaded.
[2025-03-28 10:20:39] [INFO] Base - Filtered by Manufacturer: Honda
[2025-03-28 10:20:42] [WARN] Base - Standard click intercepted. Falling back to JavaScript click.
org.openqa.selenium.ElementClickInterceptedException: element click intercepted: Element is not clickable at point (457, 1365)
  (Session info: chrome=134.0.6998.36)
Build info: version: '4.29.0', revision: '5fc1ec94cb'
System info: os.name: 'Windows 11', os.arch: 'amd64', os.version: '10.0', java.version: '21.0.6'
Driver info: org.openqa.selenium.chrome.ChromeDriver
Command: [ee364799da72bfe0daad524895b8d23f, clickElement {id=f.C0DA3B61913B78923F8C3AEAC6CC7D53.d.7042B768C131DF0DC4675DFA3E9F8E4D.e.554}]
Capabilities {acceptInsecureCerts: false, browserName: chrome, browserVersion: 134.0.6998.36, chrome: {chromedriverVersion: 134.0.6998.165 (fd886e2cb29..., userDataDir: C:\Users\2391448\AppData\Lo...}, fedcm:accounts: true, goog:chromeOptions: {debuggerAddress: localhost:53809}, networkConnectionEnabled: false, pageLoadStrategy: normal, platformName: windows, proxy: Proxy(), se:cdp: ws://localhost:53809/devtoo..., se:cdpVersion: 134.0.6998.36, setWindowRect: true, strictFileInteractability: false, timeouts: {implicit: 0, pageLoad: 300000, script: 30000}, unhandledPromptBehavior: dismiss and notify, webauthn:extension:credBlob: true, webauthn:extension:largeBlob: true, webauthn:extension:minPinLength: true, webauthn:extension:prf: true, webauthn:virtualAuthenticators: true}
Element: [[ChromeDriver: chrome on windows (ee364799da72bfe0daad524895b8d23f)] -> css selector: span[data-track-label='view-more-models-button']]
Session ID: ee364799da72bfe0daad524895b8d23f
	at java.base/jdk.internal.reflect.DirectConstructorHandleAccessor.newInstance(DirectConstructorHandleAccessor.java:62) ~[?:?]
	at java.base/java.lang.reflect.Constructor.newInstanceWithCaller(Constructor.java:502) ~[?:?]
	at java.base/java.lang.reflect.Constructor.newInstance(Constructor.java:486) ~[?:?]
	at org.openqa.selenium.remote.ErrorCodec.decode(ErrorCodec.java:167) ~[selenium-remote-driver-4.29.0.jar:?]
	at org.openqa.selenium.remote.codec.w3c.W3CHttpResponseCodec.decode(W3CHttpResponseCodec.java:138) ~[selenium-remote-driver-4.29.0.jar:?]
	at org.openqa.selenium.remote.codec.w3c.W3CHttpResponseCodec.decode(W3CHttpResponseCodec.java:50) ~[selenium-remote-driver-4.29.0.jar:?]
	at org.openqa.selenium.remote.HttpCommandExecutor.execute(HttpCommandExecutor.java:215) ~[selenium-remote-driver-4.29.0.jar:?]
	at org.openqa.selenium.remote.service.DriverCommandExecutor.invokeExecute(DriverCommandExecutor.java:216) ~[selenium-remote-driver-4.29.0.jar:?]
	at org.openqa.selenium.remote.service.DriverCommandExecutor.execute(DriverCommandExecutor.java:174) ~[selenium-remote-driver-4.29.0.jar:?]
	at org.openqa.selenium.remote.RemoteWebDriver.execute(RemoteWebDriver.java:545) ~[selenium-remote-driver-4.29.0.jar:?]
	at org.openqa.selenium.remote.RemoteWebElement.execute(RemoteWebElement.java:223) ~[selenium-remote-driver-4.29.0.jar:?]
	at org.openqa.selenium.remote.RemoteWebElement.click(RemoteWebElement.java:76) ~[selenium-remote-driver-4.29.0.jar:?]
	at java.base/jdk.internal.reflect.DirectMethodHandleAccessor.invoke(DirectMethodHandleAccessor.java:103) ~[?:?]
	at java.base/java.lang.reflect.Method.invoke(Method.java:580) ~[?:?]
	at org.openqa.selenium.support.pagefactory.internal.LocatingElementHandler.invoke(LocatingElementHandler.java:51) ~[selenium-support-4.29.0.jar:?]
	at jdk.proxy2/jdk.proxy2.$Proxy28.click(Unknown Source) ~[?:?]
	at pages.BikesPage.clickViewMoreBikes(BikesPage.java:77) ~[test-classes/:?]
	at pages.BikesPage.navigatingToBikesPage(BikesPage.java:91) ~[test-classes/:?]
	at org.example.tests.BikesPageTests.NavigatingToBikesPageTest(BikesPageTests.java:23) ~[test-classes/:?]
	at java.base/jdk.internal.reflect.DirectMethodHandleAccessor.invoke(DirectMethodHandleAccessor.java:103) ~[?:?]
	at java.base/java.lang.reflect.Method.invoke(Method.java:580) ~[?:?]
	at org.testng.internal.invokers.MethodInvocationHelper.invokeMethod(MethodInvocationHelper.java:141) ~[testng-7.11.0.jar:7.11.0]
	at org.testng.internal.invokers.TestInvoker.invokeMethod(TestInvoker.java:687) ~[testng-7.11.0.jar:7.11.0]
	at org.testng.internal.invokers.TestInvoker.invokeTestMethod(TestInvoker.java:230) ~[testng-7.11.0.jar:7.11.0]
	at org.testng.internal.invokers.MethodRunner.runInSequence(MethodRunner.java:63) ~[testng-7.11.0.jar:7.11.0]
	at org.testng.internal.invokers.TestInvoker$MethodInvocationAgent.invoke(TestInvoker.java:995) ~[testng-7.11.0.jar:7.11.0]
	at org.testng.internal.invokers.TestInvoker.invokeTestMethods(TestInvoker.java:203) ~[testng-7.11.0.jar:7.11.0]
	at org.testng.internal.invokers.TestMethodWorker.invokeTestMethods(TestMethodWorker.java:154) ~[testng-7.11.0.jar:7.11.0]
	at org.testng.internal.invokers.TestMethodWorker.run(TestMethodWorker.java:134) ~[testng-7.11.0.jar:7.11.0]
	at java.base/java.util.ArrayList.forEach(ArrayList.java:1596) [?:?]
	at org.testng.TestRunner.privateRun(TestRunner.java:741) [testng-7.11.0.jar:7.11.0]
	at org.testng.TestRunner.run(TestRunner.java:616) [testng-7.11.0.jar:7.11.0]
	at org.testng.SuiteRunner.runTest(SuiteRunner.java:421) [testng-7.11.0.jar:7.11.0]
	at org.testng.SuiteRunner.runSequentially(SuiteRunner.java:413) [testng-7.11.0.jar:7.11.0]
	at org.testng.SuiteRunner.privateRun(SuiteRunner.java:373) [testng-7.11.0.jar:7.11.0]
	at org.testng.SuiteRunner.run(SuiteRunner.java:312) [testng-7.11.0.jar:7.11.0]
	at org.testng.SuiteRunnerWorker.runSuite(SuiteRunnerWorker.java:52) [testng-7.11.0.jar:7.11.0]
	at org.testng.SuiteRunnerWorker.run(SuiteRunnerWorker.java:95) [testng-7.11.0.jar:7.11.0]
	at org.testng.TestNG.runSuitesSequentially(TestNG.java:1274) [testng-7.11.0.jar:7.11.0]
	at org.testng.TestNG.runSuitesLocally(TestNG.java:1208) [testng-7.11.0.jar:7.11.0]
	at org.testng.TestNG.runSuites(TestNG.java:1112) [testng-7.11.0.jar:7.11.0]
	at org.testng.TestNG.run(TestNG.java:1079) [testng-7.11.0.jar:7.11.0]
	at com.intellij.rt.testng.IDEARemoteTestNG.run(IDEARemoteTestNG.java:65) [testng-rt.jar:?]
	at com.intellij.rt.testng.RemoteTestNGStarter.main(RemoteTestNGStarter.java:105) [testng-rt.jar:?]
[2025-03-28 10:20:42] [INFO] Base - Test Passed: PASS: NavigatingToBikesPageTest
[2025-03-28 10:20:46] [INFO] Base - Test suite finished. Passed: 1, Failed: 0, Skipped: 0
[2025-03-28 10:22:26] [INFO] Base - Test suite started: ZigWheelsAutomationProject
[2025-03-28 10:22:34] [INFO] Base - Chrome has been selected
[2025-03-28 10:22:34] [INFO] Base - PageFactory initialised
[2025-03-28 10:22:38] [INFO] Base - Pagefactory for Navigating to bikes page initialised
[2025-03-28 10:22:39] [INFO] Base - Started test: Navigating to Bikes page Test
[2025-03-28 10:22:42] [INFO] Base - Waiting 5 seconds for accept cookies button to display
[2025-03-28 10:22:42] [INFO] Base - accepted cookies
[2025-03-28 10:22:44] [INFO] Base - New bikes link pressed
[2025-03-28 10:22:45] [INFO] Base - Navigated to Upcoming bikes tab
[2025-03-28 10:22:45] [INFO] Base - scrolled down by 800 pixels
[2025-03-28 10:22:47] [INFO] Base - All upcoming bikes link pressed
[2025-03-28 10:22:47] [INFO] Base - Upcoming Bikes page has fully loaded.
[2025-03-28 10:22:48] [INFO] Base - Filtered by Manufacturer: Honda
[2025-03-28 10:22:48] [ERROR] Base - Test Failed: FAIL: NavigatingToBikesPageTest
[2025-03-28 10:22:53] [INFO] Base - Test suite finished. Passed: 0, Failed: 1, Skipped: 0
[2025-03-28 10:29:36] [INFO] Base - Test suite started: ZigWheelsAutomationProject
[2025-03-28 10:29:47] [INFO] Base - Chrome has been selected
[2025-03-28 10:29:47] [INFO] Base - PageFactory initialised
[2025-03-28 10:29:49] [INFO] Base - Pagefactory for Navigating to bikes page initialised
[2025-03-28 10:29:51] [INFO] Base - Started test: Navigating to Bikes page Test
[2025-03-28 10:29:54] [INFO] Base - Waiting 5 seconds for accept cookies button to display
[2025-03-28 10:29:54] [INFO] Base - accepted cookies
[2025-03-28 10:29:58] [INFO] Base - New bikes link pressed
[2025-03-28 10:29:58] [INFO] Base - Navigated to Upcoming bikes tab
[2025-03-28 10:29:58] [INFO] Base - scrolled down by 800 pixels
[2025-03-28 10:30:00] [INFO] Base - All upcoming bikes link pressed
[2025-03-28 10:30:00] [INFO] Base - Upcoming Bikes page has fully loaded.
[2025-03-28 10:30:02] [INFO] Base - Filtered by Manufacturer: Honda
[2025-03-28 10:30:02] [ERROR] Base - Test Failed: FAIL: NavigatingToBikesPageTest
[2025-03-28 10:30:07] [INFO] Base - Test suite finished. Passed: 0, Failed: 1, Skipped: 0
[2025-03-28 10:33:19] [INFO] Base - Test suite started: ZigWheelsAutomationProject
[2025-03-28 10:33:30] [INFO] Base - Chrome has been selected
[2025-03-28 10:33:30] [INFO] Base - PageFactory initialised
[2025-03-28 10:33:32] [INFO] Base - Pagefactory for Navigating to bikes page initialised
[2025-03-28 10:33:35] [INFO] Base - Started test: Navigating to Bikes page Test
[2025-03-28 10:33:38] [INFO] Base - Waiting 5 seconds for accept cookies button to display
[2025-03-28 10:33:38] [INFO] Base - accepted cookies
[2025-03-28 10:33:41] [INFO] Base - New bikes link pressed
[2025-03-28 10:33:41] [INFO] Base - Navigated to Upcoming bikes tab
[2025-03-28 10:33:41] [INFO] Base - scrolled down by 800 pixels
[2025-03-28 10:33:43] [INFO] Base - All upcoming bikes link pressed
[2025-03-28 10:33:43] [INFO] Base - Upcoming Bikes page has fully loaded.
[2025-03-28 10:33:44] [INFO] Base - Filtered by Manufacturer: Honda
[2025-03-28 10:33:46] [WARN] Base - Standard click intercepted. Falling back to JavaScript click.
org.openqa.selenium.ElementClickInterceptedException: element click intercepted: Element is not clickable at point (457, 662)
  (Session info: chrome=134.0.6998.36)
Build info: version: '4.29.0', revision: '5fc1ec94cb'
System info: os.name: 'Windows 11', os.arch: 'amd64', os.version: '10.0', java.version: '21.0.6'
Driver info: org.openqa.selenium.chrome.ChromeDriver
Command: [9bbd77d64fdc5fd09f6e53677c717d11, clickElement {id=f.D9530321FC2BEC85B817E478EA28D719.d.F83C3622977609BDB8AFFD5364E52D0A.e.555}]
Capabilities {acceptInsecureCerts: false, browserName: chrome, browserVersion: 134.0.6998.36, chrome: {chromedriverVersion: 134.0.6998.165 (fd886e2cb29..., userDataDir: C:\Users\2391448\AppData\Lo...}, fedcm:accounts: true, goog:chromeOptions: {debuggerAddress: localhost:56438}, networkConnectionEnabled: false, pageLoadStrategy: normal, platformName: windows, proxy: Proxy(), se:cdp: ws://localhost:56438/devtoo..., se:cdpVersion: 134.0.6998.36, setWindowRect: true, strictFileInteractability: false, timeouts: {implicit: 0, pageLoad: 300000, script: 30000}, unhandledPromptBehavior: dismiss and notify, webauthn:extension:credBlob: true, webauthn:extension:largeBlob: true, webauthn:extension:minPinLength: true, webauthn:extension:prf: true, webauthn:virtualAuthenticators: true}
Element: [[ChromeDriver: chrome on windows (9bbd77d64fdc5fd09f6e53677c717d11)] -> xpath: //*[@id="modelList"]/li[16]/span]
Session ID: 9bbd77d64fdc5fd09f6e53677c717d11
	at java.base/jdk.internal.reflect.DirectConstructorHandleAccessor.newInstance(DirectConstructorHandleAccessor.java:62) ~[?:?]
	at java.base/java.lang.reflect.Constructor.newInstanceWithCaller(Constructor.java:502) ~[?:?]
	at java.base/java.lang.reflect.Constructor.newInstance(Constructor.java:486) ~[?:?]
	at org.openqa.selenium.remote.ErrorCodec.decode(ErrorCodec.java:167) ~[selenium-remote-driver-4.29.0.jar:?]
	at org.openqa.selenium.remote.codec.w3c.W3CHttpResponseCodec.decode(W3CHttpResponseCodec.java:138) ~[selenium-remote-driver-4.29.0.jar:?]
	at org.openqa.selenium.remote.codec.w3c.W3CHttpResponseCodec.decode(W3CHttpResponseCodec.java:50) ~[selenium-remote-driver-4.29.0.jar:?]
	at org.openqa.selenium.remote.HttpCommandExecutor.execute(HttpCommandExecutor.java:215) ~[selenium-remote-driver-4.29.0.jar:?]
	at org.openqa.selenium.remote.service.DriverCommandExecutor.invokeExecute(DriverCommandExecutor.java:216) ~[selenium-remote-driver-4.29.0.jar:?]
	at org.openqa.selenium.remote.service.DriverCommandExecutor.execute(DriverCommandExecutor.java:174) ~[selenium-remote-driver-4.29.0.jar:?]
	at org.openqa.selenium.remote.RemoteWebDriver.execute(RemoteWebDriver.java:545) ~[selenium-remote-driver-4.29.0.jar:?]
	at org.openqa.selenium.remote.RemoteWebElement.execute(RemoteWebElement.java:223) ~[selenium-remote-driver-4.29.0.jar:?]
	at org.openqa.selenium.remote.RemoteWebElement.click(RemoteWebElement.java:76) ~[selenium-remote-driver-4.29.0.jar:?]
	at java.base/jdk.internal.reflect.DirectMethodHandleAccessor.invoke(DirectMethodHandleAccessor.java:103) ~[?:?]
	at java.base/java.lang.reflect.Method.invoke(Method.java:580) ~[?:?]
	at org.openqa.selenium.support.pagefactory.internal.LocatingElementHandler.invoke(LocatingElementHandler.java:51) ~[selenium-support-4.29.0.jar:?]
	at jdk.proxy2/jdk.proxy2.$Proxy28.click(Unknown Source) ~[?:?]
	at pages.BikesPage.clickViewMoreBikes(BikesPage.java:73) ~[test-classes/:?]
	at pages.BikesPage.navigatingToBikesPage(BikesPage.java:88) ~[test-classes/:?]
	at org.example.tests.BikesPageTests.NavigatingToBikesPageTest(BikesPageTests.java:23) ~[test-classes/:?]
	at java.base/jdk.internal.reflect.DirectMethodHandleAccessor.invoke(DirectMethodHandleAccessor.java:103) ~[?:?]
	at java.base/java.lang.reflect.Method.invoke(Method.java:580) ~[?:?]
	at org.testng.internal.invokers.MethodInvocationHelper.invokeMethod(MethodInvocationHelper.java:141) ~[testng-7.11.0.jar:7.11.0]
	at org.testng.internal.invokers.TestInvoker.invokeMethod(TestInvoker.java:687) ~[testng-7.11.0.jar:7.11.0]
	at org.testng.internal.invokers.TestInvoker.invokeTestMethod(TestInvoker.java:230) ~[testng-7.11.0.jar:7.11.0]
	at org.testng.internal.invokers.MethodRunner.runInSequence(MethodRunner.java:63) ~[testng-7.11.0.jar:7.11.0]
	at org.testng.internal.invokers.TestInvoker$MethodInvocationAgent.invoke(TestInvoker.java:995) ~[testng-7.11.0.jar:7.11.0]
	at org.testng.internal.invokers.TestInvoker.invokeTestMethods(TestInvoker.java:203) ~[testng-7.11.0.jar:7.11.0]
	at org.testng.internal.invokers.TestMethodWorker.invokeTestMethods(TestMethodWorker.java:154) ~[testng-7.11.0.jar:7.11.0]
	at org.testng.internal.invokers.TestMethodWorker.run(TestMethodWorker.java:134) ~[testng-7.11.0.jar:7.11.0]
	at java.base/java.util.ArrayList.forEach(ArrayList.java:1596) [?:?]
	at org.testng.TestRunner.privateRun(TestRunner.java:741) [testng-7.11.0.jar:7.11.0]
	at org.testng.TestRunner.run(TestRunner.java:616) [testng-7.11.0.jar:7.11.0]
	at org.testng.SuiteRunner.runTest(SuiteRunner.java:421) [testng-7.11.0.jar:7.11.0]
	at org.testng.SuiteRunner.runSequentially(SuiteRunner.java:413) [testng-7.11.0.jar:7.11.0]
	at org.testng.SuiteRunner.privateRun(SuiteRunner.java:373) [testng-7.11.0.jar:7.11.0]
	at org.testng.SuiteRunner.run(SuiteRunner.java:312) [testng-7.11.0.jar:7.11.0]
	at org.testng.SuiteRunnerWorker.runSuite(SuiteRunnerWorker.java:52) [testng-7.11.0.jar:7.11.0]
	at org.testng.SuiteRunnerWorker.run(SuiteRunnerWorker.java:95) [testng-7.11.0.jar:7.11.0]
	at org.testng.TestNG.runSuitesSequentially(TestNG.java:1274) [testng-7.11.0.jar:7.11.0]
	at org.testng.TestNG.runSuitesLocally(TestNG.java:1208) [testng-7.11.0.jar:7.11.0]
	at org.testng.TestNG.runSuites(TestNG.java:1112) [testng-7.11.0.jar:7.11.0]
	at org.testng.TestNG.run(TestNG.java:1079) [testng-7.11.0.jar:7.11.0]
	at com.intellij.rt.testng.IDEARemoteTestNG.run(IDEARemoteTestNG.java:65) [testng-rt.jar:?]
	at com.intellij.rt.testng.RemoteTestNGStarter.main(RemoteTestNGStarter.java:105) [testng-rt.jar:?]
[2025-03-28 10:33:46] [INFO] Base - Test Passed: PASS: NavigatingToBikesPageTest
[2025-03-28 10:34:02] [INFO] Base - Test suite finished. Passed: 1, Failed: 0, Skipped: 0
[2025-03-28 10:35:30] [INFO] Base - Test suite started: ZigWheelsAutomationProject
[2025-03-28 10:35:42] [INFO] Base - Chrome has been selected
[2025-03-28 10:35:42] [INFO] Base - PageFactory initialised
[2025-03-28 10:35:45] [INFO] Base - Pagefactory for Navigating to bikes page initialised
[2025-03-28 10:35:47] [INFO] Base - Started test: Navigating to Bikes page Test
[2025-03-28 10:35:50] [INFO] Base - Waiting 5 seconds for accept cookies button to display
[2025-03-28 10:35:51] [INFO] Base - accepted cookies
[2025-03-28 10:35:53] [INFO] Base - New bikes link pressed
[2025-03-28 10:35:54] [INFO] Base - Navigated to Upcoming bikes tab
[2025-03-28 10:35:54] [INFO] Base - scrolled down by 800 pixels
[2025-03-28 10:35:55] [INFO] Base - All upcoming bikes link pressed
[2025-03-28 10:35:55] [INFO] Base - Upcoming Bikes page has fully loaded.
[2025-03-28 10:35:57] [INFO] Base - Filtered by Manufacturer: Honda
[2025-03-28 10:35:57] [INFO] Base - Waiting for 2 seconds for animations to load properly
[2025-03-28 10:35:59] [WARN] Base - Standard click intercepted. Falling back to JavaScript click.
org.openqa.selenium.ElementClickInterceptedException: element click intercepted: Element is not clickable at point (457, 1524)
  (Session info: chrome=134.0.6998.36)
Build info: version: '4.29.0', revision: '5fc1ec94cb'
System info: os.name: 'Windows 11', os.arch: 'amd64', os.version: '10.0', java.version: '21.0.6'
Driver info: org.openqa.selenium.chrome.ChromeDriver
Command: [d936570ef1c5676c998b3526fc815761, clickElement {id=f.B43650C90473E02C1C27D1CF1CAA2120.d.BF48BE21B06E9B78254240751AC45A1E.e.554}]
Capabilities {acceptInsecureCerts: false, browserName: chrome, browserVersion: 134.0.6998.36, chrome: {chromedriverVersion: 134.0.6998.165 (fd886e2cb29..., userDataDir: C:\Users\2391448\AppData\Lo...}, fedcm:accounts: true, goog:chromeOptions: {debuggerAddress: localhost:56686}, networkConnectionEnabled: false, pageLoadStrategy: normal, platformName: windows, proxy: Proxy(), se:cdp: ws://localhost:56686/devtoo..., se:cdpVersion: 134.0.6998.36, setWindowRect: true, strictFileInteractability: false, timeouts: {implicit: 0, pageLoad: 300000, script: 30000}, unhandledPromptBehavior: dismiss and notify, webauthn:extension:credBlob: true, webauthn:extension:largeBlob: true, webauthn:extension:minPinLength: true, webauthn:extension:prf: true, webauthn:virtualAuthenticators: true}
Element: [[ChromeDriver: chrome on windows (d936570ef1c5676c998b3526fc815761)] -> xpath: //*[@id="modelList"]/li[16]/span]
Session ID: d936570ef1c5676c998b3526fc815761
	at java.base/jdk.internal.reflect.DirectConstructorHandleAccessor.newInstance(DirectConstructorHandleAccessor.java:62) ~[?:?]
	at java.base/java.lang.reflect.Constructor.newInstanceWithCaller(Constructor.java:502) ~[?:?]
	at java.base/java.lang.reflect.Constructor.newInstance(Constructor.java:486) ~[?:?]
	at org.openqa.selenium.remote.ErrorCodec.decode(ErrorCodec.java:167) ~[selenium-remote-driver-4.29.0.jar:?]
	at org.openqa.selenium.remote.codec.w3c.W3CHttpResponseCodec.decode(W3CHttpResponseCodec.java:138) ~[selenium-remote-driver-4.29.0.jar:?]
	at org.openqa.selenium.remote.codec.w3c.W3CHttpResponseCodec.decode(W3CHttpResponseCodec.java:50) ~[selenium-remote-driver-4.29.0.jar:?]
	at org.openqa.selenium.remote.HttpCommandExecutor.execute(HttpCommandExecutor.java:215) ~[selenium-remote-driver-4.29.0.jar:?]
	at org.openqa.selenium.remote.service.DriverCommandExecutor.invokeExecute(DriverCommandExecutor.java:216) ~[selenium-remote-driver-4.29.0.jar:?]
	at org.openqa.selenium.remote.service.DriverCommandExecutor.execute(DriverCommandExecutor.java:174) ~[selenium-remote-driver-4.29.0.jar:?]
	at org.openqa.selenium.remote.RemoteWebDriver.execute(RemoteWebDriver.java:545) ~[selenium-remote-driver-4.29.0.jar:?]
	at org.openqa.selenium.remote.RemoteWebElement.execute(RemoteWebElement.java:223) ~[selenium-remote-driver-4.29.0.jar:?]
	at org.openqa.selenium.remote.RemoteWebElement.click(RemoteWebElement.java:76) ~[selenium-remote-driver-4.29.0.jar:?]
	at java.base/jdk.internal.reflect.DirectMethodHandleAccessor.invoke(DirectMethodHandleAccessor.java:103) ~[?:?]
	at java.base/java.lang.reflect.Method.invoke(Method.java:580) ~[?:?]
	at org.openqa.selenium.support.pagefactory.internal.LocatingElementHandler.invoke(LocatingElementHandler.java:51) ~[selenium-support-4.29.0.jar:?]
	at jdk.proxy2/jdk.proxy2.$Proxy28.click(Unknown Source) ~[?:?]
	at pages.BikesPage.clickViewMoreBikes(BikesPage.java:76) ~[test-classes/:?]
	at pages.BikesPage.navigatingToBikesPage(BikesPage.java:91) ~[test-classes/:?]
	at org.example.tests.BikesPageTests.NavigatingToBikesPageTest(BikesPageTests.java:23) ~[test-classes/:?]
	at java.base/jdk.internal.reflect.DirectMethodHandleAccessor.invoke(DirectMethodHandleAccessor.java:103) ~[?:?]
	at java.base/java.lang.reflect.Method.invoke(Method.java:580) ~[?:?]
	at org.testng.internal.invokers.MethodInvocationHelper.invokeMethod(MethodInvocationHelper.java:141) ~[testng-7.11.0.jar:7.11.0]
	at org.testng.internal.invokers.TestInvoker.invokeMethod(TestInvoker.java:687) ~[testng-7.11.0.jar:7.11.0]
	at org.testng.internal.invokers.TestInvoker.invokeTestMethod(TestInvoker.java:230) ~[testng-7.11.0.jar:7.11.0]
	at org.testng.internal.invokers.MethodRunner.runInSequence(MethodRunner.java:63) ~[testng-7.11.0.jar:7.11.0]
	at org.testng.internal.invokers.TestInvoker$MethodInvocationAgent.invoke(TestInvoker.java:995) ~[testng-7.11.0.jar:7.11.0]
	at org.testng.internal.invokers.TestInvoker.invokeTestMethods(TestInvoker.java:203) ~[testng-7.11.0.jar:7.11.0]
	at org.testng.internal.invokers.TestMethodWorker.invokeTestMethods(TestMethodWorker.java:154) ~[testng-7.11.0.jar:7.11.0]
	at org.testng.internal.invokers.TestMethodWorker.run(TestMethodWorker.java:134) ~[testng-7.11.0.jar:7.11.0]
	at java.base/java.util.ArrayList.forEach(ArrayList.java:1596) [?:?]
	at org.testng.TestRunner.privateRun(TestRunner.java:741) [testng-7.11.0.jar:7.11.0]
	at org.testng.TestRunner.run(TestRunner.java:616) [testng-7.11.0.jar:7.11.0]
	at org.testng.SuiteRunner.runTest(SuiteRunner.java:421) [testng-7.11.0.jar:7.11.0]
	at org.testng.SuiteRunner.runSequentially(SuiteRunner.java:413) [testng-7.11.0.jar:7.11.0]
	at org.testng.SuiteRunner.privateRun(SuiteRunner.java:373) [testng-7.11.0.jar:7.11.0]
	at org.testng.SuiteRunner.run(SuiteRunner.java:312) [testng-7.11.0.jar:7.11.0]
	at org.testng.SuiteRunnerWorker.runSuite(SuiteRunnerWorker.java:52) [testng-7.11.0.jar:7.11.0]
	at org.testng.SuiteRunnerWorker.run(SuiteRunnerWorker.java:95) [testng-7.11.0.jar:7.11.0]
	at org.testng.TestNG.runSuitesSequentially(TestNG.java:1274) [testng-7.11.0.jar:7.11.0]
	at org.testng.TestNG.runSuitesLocally(TestNG.java:1208) [testng-7.11.0.jar:7.11.0]
	at org.testng.TestNG.runSuites(TestNG.java:1112) [testng-7.11.0.jar:7.11.0]
	at org.testng.TestNG.run(TestNG.java:1079) [testng-7.11.0.jar:7.11.0]
	at com.intellij.rt.testng.IDEARemoteTestNG.run(IDEARemoteTestNG.java:65) [testng-rt.jar:?]
	at com.intellij.rt.testng.RemoteTestNGStarter.main(RemoteTestNGStarter.java:105) [testng-rt.jar:?]
[2025-03-28 10:35:59] [INFO] Base - Test Passed: PASS: NavigatingToBikesPageTest
[2025-03-28 10:36:05] [INFO] Base - Test suite finished. Passed: 1, Failed: 0, Skipped: 0
[2025-03-28 10:37:22] [INFO] Base - Test suite started: ZigWheelsAutomationProject
[2025-03-28 10:37:32] [INFO] Base - Chrome has been selected
[2025-03-28 10:37:33] [INFO] Base - PageFactory initialised
[2025-03-28 10:37:34] [INFO] Base - Pagefactory for Navigating to bikes page initialised
[2025-03-28 10:37:36] [INFO] Base - Started test: Navigating to Bikes page Test
[2025-03-28 10:37:39] [INFO] Base - Waiting 5 seconds for accept cookies button to display
[2025-03-28 10:37:40] [INFO] Base - accepted cookies
[2025-03-28 10:37:42] [INFO] Base - New bikes link pressed
[2025-03-28 10:37:42] [INFO] Base - Navigated to Upcoming bikes tab
[2025-03-28 10:37:43] [INFO] Base - scrolled down by 800 pixels
[2025-03-28 10:37:44] [INFO] Base - All upcoming bikes link pressed
[2025-03-28 10:37:44] [INFO] Base - Upcoming Bikes page has fully loaded.
[2025-03-28 10:37:46] [INFO] Base - Filtered by Manufacturer: Honda
[2025-03-28 10:37:46] [INFO] Base - Waiting for 2 seconds for animations to load properly
[2025-03-28 10:37:48] [WARN] Base - Standard click intercepted. Falling back to JavaScript click.
org.openqa.selenium.ElementClickInterceptedException: element click intercepted: Element is not clickable at point (457, 855)
  (Session info: chrome=134.0.6998.36)
Build info: version: '4.29.0', revision: '5fc1ec94cb'
System info: os.name: 'Windows 11', os.arch: 'amd64', os.version: '10.0', java.version: '21.0.6'
Driver info: org.openqa.selenium.chrome.ChromeDriver
Command: [6fd97c9a08c43c3548e7aa677582f7af, clickElement {id=f.27CB7DDEB558E05A8767A0D5406FB0CE.d.85C92DEB62D10FB639BBE67340E017E4.e.570}]
Capabilities {acceptInsecureCerts: false, browserName: chrome, browserVersion: 134.0.6998.36, chrome: {chromedriverVersion: 134.0.6998.165 (fd886e2cb29..., userDataDir: C:\Users\2391448\AppData\Lo...}, fedcm:accounts: true, goog:chromeOptions: {debuggerAddress: localhost:56941}, networkConnectionEnabled: false, pageLoadStrategy: normal, platformName: windows, proxy: Proxy(), se:cdp: ws://localhost:56941/devtoo..., se:cdpVersion: 134.0.6998.36, setWindowRect: true, strictFileInteractability: false, timeouts: {implicit: 0, pageLoad: 300000, script: 30000}, unhandledPromptBehavior: dismiss and notify, webauthn:extension:credBlob: true, webauthn:extension:largeBlob: true, webauthn:extension:minPinLength: true, webauthn:extension:prf: true, webauthn:virtualAuthenticators: true}
Element: [[ChromeDriver: chrome on windows (6fd97c9a08c43c3548e7aa677582f7af)] -> xpath: //*[@id="modelList"]/li[16]/span]
Session ID: 6fd97c9a08c43c3548e7aa677582f7af
	at java.base/jdk.internal.reflect.DirectConstructorHandleAccessor.newInstance(DirectConstructorHandleAccessor.java:62) ~[?:?]
	at java.base/java.lang.reflect.Constructor.newInstanceWithCaller(Constructor.java:502) ~[?:?]
	at java.base/java.lang.reflect.Constructor.newInstance(Constructor.java:486) ~[?:?]
	at org.openqa.selenium.remote.ErrorCodec.decode(ErrorCodec.java:167) ~[selenium-remote-driver-4.29.0.jar:?]
	at org.openqa.selenium.remote.codec.w3c.W3CHttpResponseCodec.decode(W3CHttpResponseCodec.java:138) ~[selenium-remote-driver-4.29.0.jar:?]
	at org.openqa.selenium.remote.codec.w3c.W3CHttpResponseCodec.decode(W3CHttpResponseCodec.java:50) ~[selenium-remote-driver-4.29.0.jar:?]
	at org.openqa.selenium.remote.HttpCommandExecutor.execute(HttpCommandExecutor.java:215) ~[selenium-remote-driver-4.29.0.jar:?]
	at org.openqa.selenium.remote.service.DriverCommandExecutor.invokeExecute(DriverCommandExecutor.java:216) ~[selenium-remote-driver-4.29.0.jar:?]
	at org.openqa.selenium.remote.service.DriverCommandExecutor.execute(DriverCommandExecutor.java:174) ~[selenium-remote-driver-4.29.0.jar:?]
	at org.openqa.selenium.remote.RemoteWebDriver.execute(RemoteWebDriver.java:545) ~[selenium-remote-driver-4.29.0.jar:?]
	at org.openqa.selenium.remote.RemoteWebElement.execute(RemoteWebElement.java:223) ~[selenium-remote-driver-4.29.0.jar:?]
	at org.openqa.selenium.remote.RemoteWebElement.click(RemoteWebElement.java:76) ~[selenium-remote-driver-4.29.0.jar:?]
	at java.base/jdk.internal.reflect.DirectMethodHandleAccessor.invoke(DirectMethodHandleAccessor.java:103) ~[?:?]
	at java.base/java.lang.reflect.Method.invoke(Method.java:580) ~[?:?]
	at org.openqa.selenium.support.pagefactory.internal.LocatingElementHandler.invoke(LocatingElementHandler.java:51) ~[selenium-support-4.29.0.jar:?]
	at jdk.proxy2/jdk.proxy2.$Proxy28.click(Unknown Source) ~[?:?]
	at pages.BikesPage.clickViewMoreBikes(BikesPage.java:77) ~[test-classes/:?]
	at pages.BikesPage.navigatingToBikesPage(BikesPage.java:96) ~[test-classes/:?]
	at org.example.tests.BikesPageTests.NavigatingToBikesPageTest(BikesPageTests.java:23) ~[test-classes/:?]
	at java.base/jdk.internal.reflect.DirectMethodHandleAccessor.invoke(DirectMethodHandleAccessor.java:103) ~[?:?]
	at java.base/java.lang.reflect.Method.invoke(Method.java:580) ~[?:?]
	at org.testng.internal.invokers.MethodInvocationHelper.invokeMethod(MethodInvocationHelper.java:141) ~[testng-7.11.0.jar:7.11.0]
	at org.testng.internal.invokers.TestInvoker.invokeMethod(TestInvoker.java:687) ~[testng-7.11.0.jar:7.11.0]
	at org.testng.internal.invokers.TestInvoker.invokeTestMethod(TestInvoker.java:230) ~[testng-7.11.0.jar:7.11.0]
	at org.testng.internal.invokers.MethodRunner.runInSequence(MethodRunner.java:63) ~[testng-7.11.0.jar:7.11.0]
	at org.testng.internal.invokers.TestInvoker$MethodInvocationAgent.invoke(TestInvoker.java:995) ~[testng-7.11.0.jar:7.11.0]
	at org.testng.internal.invokers.TestInvoker.invokeTestMethods(TestInvoker.java:203) ~[testng-7.11.0.jar:7.11.0]
	at org.testng.internal.invokers.TestMethodWorker.invokeTestMethods(TestMethodWorker.java:154) ~[testng-7.11.0.jar:7.11.0]
	at org.testng.internal.invokers.TestMethodWorker.run(TestMethodWorker.java:134) ~[testng-7.11.0.jar:7.11.0]
	at java.base/java.util.ArrayList.forEach(ArrayList.java:1596) [?:?]
	at org.testng.TestRunner.privateRun(TestRunner.java:741) [testng-7.11.0.jar:7.11.0]
	at org.testng.TestRunner.run(TestRunner.java:616) [testng-7.11.0.jar:7.11.0]
	at org.testng.SuiteRunner.runTest(SuiteRunner.java:421) [testng-7.11.0.jar:7.11.0]
	at org.testng.SuiteRunner.runSequentially(SuiteRunner.java:413) [testng-7.11.0.jar:7.11.0]
	at org.testng.SuiteRunner.privateRun(SuiteRunner.java:373) [testng-7.11.0.jar:7.11.0]
	at org.testng.SuiteRunner.run(SuiteRunner.java:312) [testng-7.11.0.jar:7.11.0]
	at org.testng.SuiteRunnerWorker.runSuite(SuiteRunnerWorker.java:52) [testng-7.11.0.jar:7.11.0]
	at org.testng.SuiteRunnerWorker.run(SuiteRunnerWorker.java:95) [testng-7.11.0.jar:7.11.0]
	at org.testng.TestNG.runSuitesSequentially(TestNG.java:1274) [testng-7.11.0.jar:7.11.0]
	at org.testng.TestNG.runSuitesLocally(TestNG.java:1208) [testng-7.11.0.jar:7.11.0]
	at org.testng.TestNG.runSuites(TestNG.java:1112) [testng-7.11.0.jar:7.11.0]
	at org.testng.TestNG.run(TestNG.java:1079) [testng-7.11.0.jar:7.11.0]
	at com.intellij.rt.testng.IDEARemoteTestNG.run(IDEARemoteTestNG.java:65) [testng-rt.jar:?]
	at com.intellij.rt.testng.RemoteTestNGStarter.main(RemoteTestNGStarter.java:105) [testng-rt.jar:?]
[2025-03-28 10:37:48] [INFO] Base - Test Passed: PASS: NavigatingToBikesPageTest
[2025-03-28 10:37:52] [INFO] Base - Test suite finished. Passed: 1, Failed: 0, Skipped: 0
[2025-03-28 10:39:57] [INFO] Base - Test suite started: ZigWheelsAutomationProject
[2025-03-28 10:40:06] [INFO] Base - Chrome has been selected
[2025-03-28 10:40:06] [INFO] Base - PageFactory initialised
[2025-03-28 10:40:10] [INFO] Base - Pagefactory for Navigating to bikes page initialised
[2025-03-28 10:40:12] [INFO] Base - Started test: Navigating to Bikes page Test
[2025-03-28 10:40:14] [INFO] Base - Waiting 5 seconds for accept cookies button to display
[2025-03-28 10:40:15] [INFO] Base - accepted cookies
[2025-03-28 10:40:16] [INFO] Base - New bikes link pressed
[2025-03-28 10:40:18] [INFO] Base - Navigated to Upcoming bikes tab
[2025-03-28 10:40:18] [INFO] Base - scrolled down by 800 pixels
[2025-03-28 10:40:19] [INFO] Base - All upcoming bikes link pressed
[2025-03-28 10:40:19] [INFO] Base - Upcoming Bikes page has fully loaded.
[2025-03-28 10:40:21] [INFO] Base - Filtered by Manufacturer: Honda
[2025-03-28 10:40:21] [INFO] Base - Waiting for 2 seconds for animations to load properly
[2025-03-28 10:40:22] [INFO] Base - Test Passed: PASS: NavigatingToBikesPageTest
[2025-03-28 10:40:27] [INFO] Base - Test suite finished. Passed: 1, Failed: 0, Skipped: 0
[2025-03-28 10:43:12] [INFO] Base - Test suite started: ZigWheelsAutomationProject
[2025-03-28 10:43:22] [INFO] Base - Chrome has been selected
[2025-03-28 10:43:22] [INFO] Base - PageFactory initialised
[2025-03-28 10:43:23] [INFO] Base - Pagefactory for Navigating to bikes page initialised
[2025-03-28 10:43:26] [INFO] Base - Started test: Navigating to Bikes page Test
[2025-03-28 10:43:29] [INFO] Base - Waiting 5 seconds for accept cookies button to display
[2025-03-28 10:43:29] [INFO] Base - accepted cookies
[2025-03-28 10:43:32] [INFO] Base - New bikes link pressed
[2025-03-28 10:43:32] [INFO] Base - Navigated to Upcoming bikes tab
[2025-03-28 10:43:32] [INFO] Base - scrolled down by 800 pixels
[2025-03-28 10:43:33] [INFO] Base - All upcoming bikes link pressed
[2025-03-28 10:43:33] [INFO] Base - Upcoming Bikes page has fully loaded.
[2025-03-28 10:43:36] [INFO] Base - Filtered by Manufacturer: Honda
[2025-03-28 10:43:37] [INFO] Base - Test Passed: PASS: NavigatingToBikesPageTest
[2025-03-28 10:43:43] [INFO] Base - Test suite finished. Passed: 1, Failed: 0, Skipped: 0
[2025-03-28 10:43:59] [INFO] Base - Test suite started: ZigWheelsAutomationProject
[2025-03-28 10:44:08] [INFO] Base - Chrome has been selected
[2025-03-28 10:44:08] [INFO] Base - PageFactory initialised
[2025-03-28 10:44:11] [INFO] Base - Pagefactory for Navigating to bikes page initialised
[2025-03-28 10:44:12] [INFO] Base - Started test: Navigating to Bikes page Test
[2025-03-28 10:44:15] [INFO] Base - Waiting 5 seconds for accept cookies button to display
[2025-03-28 10:44:15] [INFO] Base - accepted cookies
[2025-03-28 10:44:17] [INFO] Base - New bikes link pressed
[2025-03-28 10:44:18] [INFO] Base - Navigated to Upcoming bikes tab
[2025-03-28 10:44:18] [INFO] Base - scrolled down by 800 pixels
[2025-03-28 10:44:20] [INFO] Base - All upcoming bikes link pressed
[2025-03-28 10:44:20] [INFO] Base - Upcoming Bikes page has fully loaded.
[2025-03-28 10:44:22] [INFO] Base - Filtered by Manufacturer: Honda
[2025-03-28 10:44:22] [INFO] Base - Test Passed: PASS: NavigatingToBikesPageTest
[2025-03-28 10:44:29] [INFO] Base - Test suite finished. Passed: 1, Failed: 0, Skipped: 0
