[2025-03-24 21:29:39] [INFO] TestCases - test test
[2025-03-24 21:55:10] [ERROR] Base - There was an error opening the url Cannot invoke "org.openqa.selenium.WebDriver.get(String)" because "utils.Base.driver" is null
[2025-03-24 21:55:23] [ERROR] Base - There was an error opening the url Cannot invoke "org.openqa.selenium.WebDriver.get(String)" because "utils.Base.driver" is null
[2025-03-24 21:55:50] [INFO] Base - Default browser has been selected - Chrome
[2025-03-24 21:55:50] [ERROR] Base - There was an error opening the url invalid argument
  (Session info: chrome=131.0.6778.205)
Build info: version: '4.29.0', revision: '5fc1ec94cb'
System info: os.name: 'Windows 11', os.arch: 'amd64', os.version: '10.0', java.version: '21.0.6'
Driver info: org.openqa.selenium.chrome.ChromeDriver
Command: [45d9429af2202ed7d6dbfd37ae472724, get {url="https://www.zigwheels.com/"}]
Capabilities {acceptInsecureCerts: false, browserName: chrome, browserVersion: 131.0.6778.205, chrome: {chromedriverVersion: 131.0.6778.264 (2d05e315153..., userDataDir: C:\Users\2391448\AppData\Lo...}, fedcm:accounts: true, goog:chromeOptions: {debuggerAddress: localhost:62526}, networkConnectionEnabled: false, pageLoadStrategy: normal, platformName: windows, proxy: Proxy(), se:cdp: ws://localhost:62526/devtoo..., se:cdpVersion: 131.0.6778.205, setWindowRect: true, strictFileInteractability: false, timeouts: {implicit: 0, pageLoad: 300000, script: 30000}, unhandledPromptBehavior: dismiss and notify, webauthn:extension:credBlob: true, webauthn:extension:largeBlob: true, webauthn:extension:minPinLength: true, webauthn:extension:prf: true, webauthn:virtualAuthenticators: true}
Session ID: 45d9429af2202ed7d6dbfd37ae472724
[2025-03-24 22:00:41] [INFO] Base - Default browser has been selected - Chrome
[2025-03-24 22:00:41] [ERROR] Base - There was an error opening the url invalid argument
  (Session info: chrome=131.0.6778.205)
Build info: version: '4.29.0', revision: '5fc1ec94cb'
System info: os.name: 'Windows 11', os.arch: 'amd64', os.version: '10.0', java.version: '21.0.6'
Driver info: org.openqa.selenium.chrome.ChromeDriver
Command: [52cc28eb063fca207fb4388f3639ef3d, get {url="https://www.zigwheels.com/"}]
Capabilities {acceptInsecureCerts: false, browserName: chrome, browserVersion: 131.0.6778.205, chrome: {chromedriverVersion: 131.0.6778.264 (2d05e315153..., userDataDir: C:\Users\2391448\AppData\Lo...}, fedcm:accounts: true, goog:chromeOptions: {debuggerAddress: localhost:62736}, networkConnectionEnabled: false, pageLoadStrategy: normal, platformName: windows, proxy: Proxy(), se:cdp: ws://localhost:62736/devtoo..., se:cdpVersion: 131.0.6778.205, setWindowRect: true, strictFileInteractability: false, timeouts: {implicit: 0, pageLoad: 300000, script: 30000}, unhandledPromptBehavior: dismiss and notify, webauthn:extension:credBlob: true, webauthn:extension:largeBlob: true, webauthn:extension:minPinLength: true, webauthn:extension:prf: true, webauthn:virtualAuthenticators: true}
Session ID: 52cc28eb063fca207fb4388f3639ef3d
[2025-03-24 22:01:31] [INFO] Base - Default browser has been selected - Chrome
[2025-03-24 22:01:31] [ERROR] Base - There was an error opening the url invalid argument
  (Session info: chrome=131.0.6778.205)
Build info: version: '4.29.0', revision: '5fc1ec94cb'
System info: os.name: 'Windows 11', os.arch: 'amd64', os.version: '10.0', java.version: '21.0.6'
Driver info: org.openqa.selenium.chrome.ChromeDriver
Command: [4941c6a2565fd8472b1d114f327cf1e8, get {url="https://www.zigwheels.com/"}]
Capabilities {acceptInsecureCerts: false, browserName: chrome, browserVersion: 131.0.6778.205, chrome: {chromedriverVersion: 131.0.6778.264 (2d05e315153..., userDataDir: C:\Users\2391448\AppData\Lo...}, fedcm:accounts: true, goog:chromeOptions: {debuggerAddress: localhost:62787}, networkConnectionEnabled: false, pageLoadStrategy: normal, platformName: windows, proxy: Proxy(), se:cdp: ws://localhost:62787/devtoo..., se:cdpVersion: 131.0.6778.205, setWindowRect: true, strictFileInteractability: false, timeouts: {implicit: 0, pageLoad: 300000, script: 30000}, unhandledPromptBehavior: dismiss and notify, webauthn:extension:credBlob: true, webauthn:extension:largeBlob: true, webauthn:extension:minPinLength: true, webauthn:extension:prf: true, webauthn:virtualAuthenticators: true}
Session ID: 4941c6a2565fd8472b1d114f327cf1e8
[2025-03-24 22:08:55] [INFO] Base - Default browser has been selected - Chrome
[2025-03-24 22:08:55] [ERROR] Base - There was an error opening the url invalid argument
  (Session info: chrome=131.0.6778.205)
Build info: version: '4.29.0', revision: '5fc1ec94cb'
System info: os.name: 'Windows 11', os.arch: 'amd64', os.version: '10.0', java.version: '21.0.6'
Driver info: org.openqa.selenium.chrome.ChromeDriver
Command: [bc28f9df9d70883f7939725d6686b0e1, get {url="https://www.zigwheels.com/"}]
Capabilities {acceptInsecureCerts: false, browserName: chrome, browserVersion: 131.0.6778.205, chrome: {chromedriverVersion: 131.0.6778.264 (2d05e315153..., userDataDir: C:\Users\2391448\AppData\Lo...}, fedcm:accounts: true, goog:chromeOptions: {debuggerAddress: localhost:63124}, networkConnectionEnabled: false, pageLoadStrategy: normal, platformName: windows, proxy: Proxy(), se:cdp: ws://localhost:63124/devtoo..., se:cdpVersion: 131.0.6778.205, setWindowRect: true, strictFileInteractability: false, timeouts: {implicit: 0, pageLoad: 300000, script: 30000}, unhandledPromptBehavior: dismiss and notify, webauthn:extension:credBlob: true, webauthn:extension:largeBlob: true, webauthn:extension:minPinLength: true, webauthn:extension:prf: true, webauthn:virtualAuthenticators: true}
Session ID: bc28f9df9d70883f7939725d6686b0e1
[2025-03-24 22:16:21] [INFO] Base - Default browser has been selected - Chrome
[2025-03-24 22:16:21] [ERROR] Base - There was an error opening the url invalid argument
  (Session info: chrome=131.0.6778.205)
Build info: version: '4.29.0', revision: '5fc1ec94cb'
System info: os.name: 'Windows 11', os.arch: 'amd64', os.version: '10.0', java.version: '21.0.6'
Driver info: org.openqa.selenium.chrome.ChromeDriver
Command: [875a36253afb23fe9e6c623b591a2b97, get {url="https://www.zigwheels.com/"}]
Capabilities {acceptInsecureCerts: false, browserName: chrome, browserVersion: 131.0.6778.205, chrome: {chromedriverVersion: 131.0.6778.264 (2d05e315153..., userDataDir: C:\Users\2391448\AppData\Lo...}, fedcm:accounts: true, goog:chromeOptions: {debuggerAddress: localhost:63502}, networkConnectionEnabled: false, pageLoadStrategy: normal, platformName: windows, proxy: Proxy(), se:cdp: ws://localhost:63502/devtoo..., se:cdpVersion: 131.0.6778.205, setWindowRect: true, strictFileInteractability: false, timeouts: {implicit: 0, pageLoad: 300000, script: 30000}, unhandledPromptBehavior: dismiss and notify, webauthn:extension:credBlob: true, webauthn:extension:largeBlob: true, webauthn:extension:minPinLength: true, webauthn:extension:prf: true, webauthn:virtualAuthenticators: true}
Session ID: 875a36253afb23fe9e6c623b591a2b97
[2025-03-24 22:17:42] [INFO] Base - Default browser has been selected - Chrome
[2025-03-24 22:17:42] [ERROR] Base - There was an error opening the url invalid argument
  (Session info: chrome=131.0.6778.205)
Build info: version: '4.29.0', revision: '5fc1ec94cb'
System info: os.name: 'Windows 11', os.arch: 'amd64', os.version: '10.0', java.version: '21.0.6'
Driver info: org.openqa.selenium.chrome.ChromeDriver
Command: [2dc37ad5454d6f8bc189c7285e707ce4, get {url="https://www.zigwheels.com/"}]
Capabilities {acceptInsecureCerts: false, browserName: chrome, browserVersion: 131.0.6778.205, chrome: {chromedriverVersion: 131.0.6778.264 (2d05e315153..., userDataDir: C:\Users\2391448\AppData\Lo...}, fedcm:accounts: true, goog:chromeOptions: {debuggerAddress: localhost:63738}, networkConnectionEnabled: false, pageLoadStrategy: normal, platformName: windows, proxy: Proxy(), se:cdp: ws://localhost:63738/devtoo..., se:cdpVersion: 131.0.6778.205, setWindowRect: true, strictFileInteractability: false, timeouts: {implicit: 0, pageLoad: 300000, script: 30000}, unhandledPromptBehavior: dismiss and notify, webauthn:extension:credBlob: true, webauthn:extension:largeBlob: true, webauthn:extension:minPinLength: true, webauthn:extension:prf: true, webauthn:virtualAuthenticators: true}
Session ID: 2dc37ad5454d6f8bc189c7285e707ce4
[2025-03-24 22:31:50] [INFO] Base - Default browser has been selected - Chrome
[2025-03-24 22:31:50] [ERROR] Base - There was an error opening the url invalid argument
  (Session info: chrome=131.0.6778.205)
Build info: version: '4.29.0', revision: '5fc1ec94cb'
System info: os.name: 'Windows 11', os.arch: 'amd64', os.version: '10.0', java.version: '21.0.6'
Driver info: org.openqa.selenium.chrome.ChromeDriver
Command: [7c69e44fb66f8b5a92004f7e589cddfc, get {url="https://www.zigwheels.com/"}]
Capabilities {acceptInsecureCerts: false, browserName: chrome, browserVersion: 131.0.6778.205, chrome: {chromedriverVersion: 131.0.6778.264 (2d05e315153..., userDataDir: C:\Users\2391448\AppData\Lo...}, fedcm:accounts: true, goog:chromeOptions: {debuggerAddress: localhost:64326}, networkConnectionEnabled: false, pageLoadStrategy: normal, platformName: windows, proxy: Proxy(), se:cdp: ws://localhost:64326/devtoo..., se:cdpVersion: 131.0.6778.205, setWindowRect: true, strictFileInteractability: false, timeouts: {implicit: 0, pageLoad: 300000, script: 30000}, unhandledPromptBehavior: dismiss and notify, webauthn:extension:credBlob: true, webauthn:extension:largeBlob: true, webauthn:extension:minPinLength: true, webauthn:extension:prf: true, webauthn:virtualAuthenticators: true}
Session ID: 7c69e44fb66f8b5a92004f7e589cddfc
[2025-03-24 22:45:16] [INFO] Base - Default browser has been selected - Chrome
[2025-03-24 22:45:16] [ERROR] Base - There was an error opening the url invalid argument
  (Session info: chrome=131.0.6778.205)
Build info: version: '4.29.0', revision: '5fc1ec94cb'
System info: os.name: 'Windows 11', os.arch: 'amd64', os.version: '10.0', java.version: '21.0.6'
Driver info: org.openqa.selenium.chrome.ChromeDriver
Command: [a509a5245f83ba1974d33a28f6e4466a, get {url="https://www.zigwheels.com/"}]
Capabilities {acceptInsecureCerts: false, browserName: chrome, browserVersion: 131.0.6778.205, chrome: {chromedriverVersion: 131.0.6778.264 (2d05e315153..., userDataDir: C:\Users\2391448\AppData\Lo...}, fedcm:accounts: true, goog:chromeOptions: {debuggerAddress: localhost:50340}, networkConnectionEnabled: false, pageLoadStrategy: normal, platformName: windows, proxy: Proxy(), se:cdp: ws://localhost:50340/devtoo..., se:cdpVersion: 131.0.6778.205, setWindowRect: true, strictFileInteractability: false, timeouts: {implicit: 0, pageLoad: 300000, script: 30000}, unhandledPromptBehavior: dismiss and notify, webauthn:extension:credBlob: true, webauthn:extension:largeBlob: true, webauthn:extension:minPinLength: true, webauthn:extension:prf: true, webauthn:virtualAuthenticators: true}
Session ID: a509a5245f83ba1974d33a28f6e4466a
[2025-03-24 22:45:26] [INFO] Base - Default browser has been selected - Chrome
[2025-03-24 22:45:26] [ERROR] Base - There was an error opening the url invalid argument
  (Session info: chrome=131.0.6778.205)
Build info: version: '4.29.0', revision: '5fc1ec94cb'
System info: os.name: 'Windows 11', os.arch: 'amd64', os.version: '10.0', java.version: '21.0.6'
Driver info: org.openqa.selenium.chrome.ChromeDriver
Command: [4d326631393609e25f02d46a554796e7, get {url="https://www.zigwheels.com/"}]
Capabilities {acceptInsecureCerts: false, browserName: chrome, browserVersion: 131.0.6778.205, chrome: {chromedriverVersion: 131.0.6778.264 (2d05e315153..., userDataDir: C:\Users\2391448\AppData\Lo...}, fedcm:accounts: true, goog:chromeOptions: {debuggerAddress: localhost:50365}, networkConnectionEnabled: false, pageLoadStrategy: normal, platformName: windows, proxy: Proxy(), se:cdp: ws://localhost:50365/devtoo..., se:cdpVersion: 131.0.6778.205, setWindowRect: true, strictFileInteractability: false, timeouts: {implicit: 0, pageLoad: 300000, script: 30000}, unhandledPromptBehavior: dismiss and notify, webauthn:extension:credBlob: true, webauthn:extension:largeBlob: true, webauthn:extension:minPinLength: true, webauthn:extension:prf: true, webauthn:virtualAuthenticators: true}
Session ID: 4d326631393609e25f02d46a554796e7
[2025-03-24 22:45:36] [INFO] Base - Default browser has been selected - Chrome
[2025-03-24 22:45:36] [ERROR] Base - There was an error opening the url invalid argument
  (Session info: chrome=131.0.6778.205)
Build info: version: '4.29.0', revision: '5fc1ec94cb'
System info: os.name: 'Windows 11', os.arch: 'amd64', os.version: '10.0', java.version: '21.0.6'
Driver info: org.openqa.selenium.chrome.ChromeDriver
Command: [f9ccf64e5baf30fa63cf373cb3e4bcdd, get {url="https://www.zigwheels.com/"}]
Capabilities {acceptInsecureCerts: false, browserName: chrome, browserVersion: 131.0.6778.205, chrome: {chromedriverVersion: 131.0.6778.264 (2d05e315153..., userDataDir: C:\Users\2391448\AppData\Lo...}, fedcm:accounts: true, goog:chromeOptions: {debuggerAddress: localhost:50388}, networkConnectionEnabled: false, pageLoadStrategy: normal, platformName: windows, proxy: Proxy(), se:cdp: ws://localhost:50388/devtoo..., se:cdpVersion: 131.0.6778.205, setWindowRect: true, strictFileInteractability: false, timeouts: {implicit: 0, pageLoad: 300000, script: 30000}, unhandledPromptBehavior: dismiss and notify, webauthn:extension:credBlob: true, webauthn:extension:largeBlob: true, webauthn:extension:minPinLength: true, webauthn:extension:prf: true, webauthn:virtualAuthenticators: true}
Session ID: f9ccf64e5baf30fa63cf373cb3e4bcdd
[2025-03-24 22:51:48] [INFO] Base - Default browser has been selected - Chrome
[2025-03-24 22:51:48] [ERROR] Base - There was an error opening the url invalid argument
  (Session info: chrome=131.0.6778.205)
Build info: version: '4.29.0', revision: '5fc1ec94cb'
System info: os.name: 'Windows 11', os.arch: 'amd64', os.version: '10.0', java.version: '21.0.6'
Driver info: org.openqa.selenium.chrome.ChromeDriver
Command: [9c74ba55ce16f73e0fa0e7ee28719451, get {url="https://www.zigwheels.com/"}]
Capabilities {acceptInsecureCerts: false, browserName: chrome, browserVersion: 131.0.6778.205, chrome: {chromedriverVersion: 131.0.6778.264 (2d05e315153..., userDataDir: C:\Users\2391448\AppData\Lo...}, fedcm:accounts: true, goog:chromeOptions: {debuggerAddress: localhost:50811}, networkConnectionEnabled: false, pageLoadStrategy: normal, platformName: windows, proxy: Proxy(), se:cdp: ws://localhost:50811/devtoo..., se:cdpVersion: 131.0.6778.205, setWindowRect: true, strictFileInteractability: false, timeouts: {implicit: 0, pageLoad: 300000, script: 30000}, unhandledPromptBehavior: dismiss and notify, webauthn:extension:credBlob: true, webauthn:extension:largeBlob: true, webauthn:extension:minPinLength: true, webauthn:extension:prf: true, webauthn:virtualAuthenticators: true}
Session ID: 9c74ba55ce16f73e0fa0e7ee28719451
[2025-03-24 22:51:48] [ERROR] Base - Error while verifying ZigWheels logo: no such element: Unable to locate element: {"method":"css selector","selector":"img[alt='Home']"}
  (Session info: chrome=131.0.6778.205)
For documentation on this error, please visit: https://www.selenium.dev/documentation/webdriver/troubleshooting/errors#no-such-element-exception
Build info: version: '4.29.0', revision: '5fc1ec94cb'
System info: os.name: 'Windows 11', os.arch: 'amd64', os.version: '10.0', java.version: '21.0.6'
Driver info: org.openqa.selenium.chrome.ChromeDriver
Command: [9c74ba55ce16f73e0fa0e7ee28719451, findElement {value=img[alt='Home'], using=css selector}]
Capabilities {acceptInsecureCerts: false, browserName: chrome, browserVersion: 131.0.6778.205, chrome: {chromedriverVersion: 131.0.6778.264 (2d05e315153..., userDataDir: C:\Users\2391448\AppData\Lo...}, fedcm:accounts: true, goog:chromeOptions: {debuggerAddress: localhost:50811}, networkConnectionEnabled: false, pageLoadStrategy: normal, platformName: windows, proxy: Proxy(), se:cdp: ws://localhost:50811/devtoo..., se:cdpVersion: 131.0.6778.205, setWindowRect: true, strictFileInteractability: false, timeouts: {implicit: 0, pageLoad: 300000, script: 30000}, unhandledPromptBehavior: dismiss and notify, webauthn:extension:credBlob: true, webauthn:extension:largeBlob: true, webauthn:extension:minPinLength: true, webauthn:extension:prf: true, webauthn:virtualAuthenticators: true}
Session ID: 9c74ba55ce16f73e0fa0e7ee28719451
[2025-03-24 22:52:37] [INFO] Base - Default browser has been selected - Chrome
[2025-03-24 22:52:37] [ERROR] Base - There was an error opening the url invalid argument
  (Session info: chrome=131.0.6778.205)
Build info: version: '4.29.0', revision: '5fc1ec94cb'
System info: os.name: 'Windows 11', os.arch: 'amd64', os.version: '10.0', java.version: '21.0.6'
Driver info: org.openqa.selenium.chrome.ChromeDriver
Command: [60238d0daeda2b6694893232b5aac019, get {url="https://www.zigwheels.com/"}]
Capabilities {acceptInsecureCerts: false, browserName: chrome, browserVersion: 131.0.6778.205, chrome: {chromedriverVersion: 131.0.6778.264 (2d05e315153..., userDataDir: C:\Users\2391448\AppData\Lo...}, fedcm:accounts: true, goog:chromeOptions: {debuggerAddress: localhost:50884}, networkConnectionEnabled: false, pageLoadStrategy: normal, platformName: windows, proxy: Proxy(), se:cdp: ws://localhost:50884/devtoo..., se:cdpVersion: 131.0.6778.205, setWindowRect: true, strictFileInteractability: false, timeouts: {implicit: 0, pageLoad: 300000, script: 30000}, unhandledPromptBehavior: dismiss and notify, webauthn:extension:credBlob: true, webauthn:extension:largeBlob: true, webauthn:extension:minPinLength: true, webauthn:extension:prf: true, webauthn:virtualAuthenticators: true}
Session ID: 60238d0daeda2b6694893232b5aac019
[2025-03-24 22:52:37] [ERROR] Base - Error while verifying ZigWheels logo: no such element: Unable to locate element: {"method":"css selector","selector":"img[alt='Home']"}
  (Session info: chrome=131.0.6778.205)
For documentation on this error, please visit: https://www.selenium.dev/documentation/webdriver/troubleshooting/errors#no-such-element-exception
Build info: version: '4.29.0', revision: '5fc1ec94cb'
System info: os.name: 'Windows 11', os.arch: 'amd64', os.version: '10.0', java.version: '21.0.6'
Driver info: org.openqa.selenium.chrome.ChromeDriver
Command: [60238d0daeda2b6694893232b5aac019, findElement {value=img[alt='Home'], using=css selector}]
Capabilities {acceptInsecureCerts: false, browserName: chrome, browserVersion: 131.0.6778.205, chrome: {chromedriverVersion: 131.0.6778.264 (2d05e315153..., userDataDir: C:\Users\2391448\AppData\Lo...}, fedcm:accounts: true, goog:chromeOptions: {debuggerAddress: localhost:50884}, networkConnectionEnabled: false, pageLoadStrategy: normal, platformName: windows, proxy: Proxy(), se:cdp: ws://localhost:50884/devtoo..., se:cdpVersion: 131.0.6778.205, setWindowRect: true, strictFileInteractability: false, timeouts: {implicit: 0, pageLoad: 300000, script: 30000}, unhandledPromptBehavior: dismiss and notify, webauthn:extension:credBlob: true, webauthn:extension:largeBlob: true, webauthn:extension:minPinLength: true, webauthn:extension:prf: true, webauthn:virtualAuthenticators: true}
Session ID: 60238d0daeda2b6694893232b5aac019
[2025-03-24 22:54:15] [INFO] Base - Default browser has been selected - Chrome
[2025-03-24 22:54:15] [ERROR] Base - There was an error opening the url invalid argument
  (Session info: chrome=131.0.6778.205)
Build info: version: '4.29.0', revision: '5fc1ec94cb'
System info: os.name: 'Windows 11', os.arch: 'amd64', os.version: '10.0', java.version: '21.0.6'
Driver info: org.openqa.selenium.chrome.ChromeDriver
Command: [0425c190cadddd547fda3867090bfa14, get {url="https://www.zigwheels.com/"}]
Capabilities {acceptInsecureCerts: false, browserName: chrome, browserVersion: 131.0.6778.205, chrome: {chromedriverVersion: 131.0.6778.264 (2d05e315153..., userDataDir: C:\Users\2391448\AppData\Lo...}, fedcm:accounts: true, goog:chromeOptions: {debuggerAddress: localhost:50996}, networkConnectionEnabled: false, pageLoadStrategy: normal, platformName: windows, proxy: Proxy(), se:cdp: ws://localhost:50996/devtoo..., se:cdpVersion: 131.0.6778.205, setWindowRect: true, strictFileInteractability: false, timeouts: {implicit: 0, pageLoad: 300000, script: 30000}, unhandledPromptBehavior: dismiss and notify, webauthn:extension:credBlob: true, webauthn:extension:largeBlob: true, webauthn:extension:minPinLength: true, webauthn:extension:prf: true, webauthn:virtualAuthenticators: true}
Session ID: 0425c190cadddd547fda3867090bfa14
[2025-03-24 22:54:15] [ERROR] Base - Error while verifying ZigWheels logo: no such element: Unable to locate element: {"method":"css selector","selector":"img[alt='Home']"}
  (Session info: chrome=131.0.6778.205)
For documentation on this error, please visit: https://www.selenium.dev/documentation/webdriver/troubleshooting/errors#no-such-element-exception
Build info: version: '4.29.0', revision: '5fc1ec94cb'
System info: os.name: 'Windows 11', os.arch: 'amd64', os.version: '10.0', java.version: '21.0.6'
Driver info: org.openqa.selenium.chrome.ChromeDriver
Command: [0425c190cadddd547fda3867090bfa14, findElement {using=css selector, value=img[alt='Home']}]
Capabilities {acceptInsecureCerts: false, browserName: chrome, browserVersion: 131.0.6778.205, chrome: {chromedriverVersion: 131.0.6778.264 (2d05e315153..., userDataDir: C:\Users\2391448\AppData\Lo...}, fedcm:accounts: true, goog:chromeOptions: {debuggerAddress: localhost:50996}, networkConnectionEnabled: false, pageLoadStrategy: normal, platformName: windows, proxy: Proxy(), se:cdp: ws://localhost:50996/devtoo..., se:cdpVersion: 131.0.6778.205, setWindowRect: true, strictFileInteractability: false, timeouts: {implicit: 0, pageLoad: 300000, script: 30000}, unhandledPromptBehavior: dismiss and notify, webauthn:extension:credBlob: true, webauthn:extension:largeBlob: true, webauthn:extension:minPinLength: true, webauthn:extension:prf: true, webauthn:virtualAuthenticators: true}
Session ID: 0425c190cadddd547fda3867090bfa14
[2025-03-24 22:55:40] [INFO] Base - Default browser has been selected - Chrome
[2025-03-24 22:55:40] [ERROR] Base - There was an error opening the url invalid argument
  (Session info: chrome=131.0.6778.205)
Build info: version: '4.29.0', revision: '5fc1ec94cb'
System info: os.name: 'Windows 11', os.arch: 'amd64', os.version: '10.0', java.version: '21.0.6'
Driver info: org.openqa.selenium.chrome.ChromeDriver
Command: [cff0af8dd5269411dd4fd421d187939a, get {url="https://www.zigwheels.com/"}]
Capabilities {acceptInsecureCerts: false, browserName: chrome, browserVersion: 131.0.6778.205, chrome: {chromedriverVersion: 131.0.6778.264 (2d05e315153..., userDataDir: C:\Users\2391448\AppData\Lo...}, fedcm:accounts: true, goog:chromeOptions: {debuggerAddress: localhost:51121}, networkConnectionEnabled: false, pageLoadStrategy: normal, platformName: windows, proxy: Proxy(), se:cdp: ws://localhost:51121/devtoo..., se:cdpVersion: 131.0.6778.205, setWindowRect: true, strictFileInteractability: false, timeouts: {implicit: 0, pageLoad: 300000, script: 30000}, unhandledPromptBehavior: dismiss and notify, webauthn:extension:credBlob: true, webauthn:extension:largeBlob: true, webauthn:extension:minPinLength: true, webauthn:extension:prf: true, webauthn:virtualAuthenticators: true}
Session ID: cff0af8dd5269411dd4fd421d187939a
[2025-03-24 22:55:40] [ERROR] Base - Error while verifying ZigWheels logo: no such element: Unable to locate element: {"method":"css selector","selector":"img[alt='Home']"}
  (Session info: chrome=131.0.6778.205)
For documentation on this error, please visit: https://www.selenium.dev/documentation/webdriver/troubleshooting/errors#no-such-element-exception
Build info: version: '4.29.0', revision: '5fc1ec94cb'
System info: os.name: 'Windows 11', os.arch: 'amd64', os.version: '10.0', java.version: '21.0.6'
Driver info: org.openqa.selenium.chrome.ChromeDriver
Command: [cff0af8dd5269411dd4fd421d187939a, findElement {value=img[alt='Home'], using=css selector}]
Capabilities {acceptInsecureCerts: false, browserName: chrome, browserVersion: 131.0.6778.205, chrome: {chromedriverVersion: 131.0.6778.264 (2d05e315153..., userDataDir: C:\Users\2391448\AppData\Lo...}, fedcm:accounts: true, goog:chromeOptions: {debuggerAddress: localhost:51121}, networkConnectionEnabled: false, pageLoadStrategy: normal, platformName: windows, proxy: Proxy(), se:cdp: ws://localhost:51121/devtoo..., se:cdpVersion: 131.0.6778.205, setWindowRect: true, strictFileInteractability: false, timeouts: {implicit: 0, pageLoad: 300000, script: 30000}, unhandledPromptBehavior: dismiss and notify, webauthn:extension:credBlob: true, webauthn:extension:largeBlob: true, webauthn:extension:minPinLength: true, webauthn:extension:prf: true, webauthn:virtualAuthenticators: true}
Session ID: cff0af8dd5269411dd4fd421d187939a
[2025-03-24 23:00:38] [INFO] Base - Default browser has been selected - Chrome
[2025-03-24 23:00:38] [ERROR] Base - There was an error opening the url invalid argument
  (Session info: chrome=131.0.6778.205)
Build info: version: '4.29.0', revision: '5fc1ec94cb'
System info: os.name: 'Windows 11', os.arch: 'amd64', os.version: '10.0', java.version: '21.0.6'
Driver info: org.openqa.selenium.chrome.ChromeDriver
Command: [4932431d86ef5ca1c62da015705f4ecd, get {url="https://www.zigwheels.com/"}]
Capabilities {acceptInsecureCerts: false, browserName: chrome, browserVersion: 131.0.6778.205, chrome: {chromedriverVersion: 131.0.6778.264 (2d05e315153..., userDataDir: C:\Users\2391448\AppData\Lo...}, fedcm:accounts: true, goog:chromeOptions: {debuggerAddress: localhost:51459}, networkConnectionEnabled: false, pageLoadStrategy: normal, platformName: windows, proxy: Proxy(), se:cdp: ws://localhost:51459/devtoo..., se:cdpVersion: 131.0.6778.205, setWindowRect: true, strictFileInteractability: false, timeouts: {implicit: 0, pageLoad: 300000, script: 30000}, unhandledPromptBehavior: dismiss and notify, webauthn:extension:credBlob: true, webauthn:extension:largeBlob: true, webauthn:extension:minPinLength: true, webauthn:extension:prf: true, webauthn:virtualAuthenticators: true}
Session ID: 4932431d86ef5ca1c62da015705f4ecd
[2025-03-24 23:00:38] [ERROR] Base - Error while verifying ZigWheels logo: no such element: Unable to locate element: {"method":"css selector","selector":"img[alt='Home']"}
  (Session info: chrome=131.0.6778.205)
For documentation on this error, please visit: https://www.selenium.dev/documentation/webdriver/troubleshooting/errors#no-such-element-exception
Build info: version: '4.29.0', revision: '5fc1ec94cb'
System info: os.name: 'Windows 11', os.arch: 'amd64', os.version: '10.0', java.version: '21.0.6'
Driver info: org.openqa.selenium.chrome.ChromeDriver
Command: [4932431d86ef5ca1c62da015705f4ecd, findElement {using=css selector, value=img[alt='Home']}]
Capabilities {acceptInsecureCerts: false, browserName: chrome, browserVersion: 131.0.6778.205, chrome: {chromedriverVersion: 131.0.6778.264 (2d05e315153..., userDataDir: C:\Users\2391448\AppData\Lo...}, fedcm:accounts: true, goog:chromeOptions: {debuggerAddress: localhost:51459}, networkConnectionEnabled: false, pageLoadStrategy: normal, platformName: windows, proxy: Proxy(), se:cdp: ws://localhost:51459/devtoo..., se:cdpVersion: 131.0.6778.205, setWindowRect: true, strictFileInteractability: false, timeouts: {implicit: 0, pageLoad: 300000, script: 30000}, unhandledPromptBehavior: dismiss and notify, webauthn:extension:credBlob: true, webauthn:extension:largeBlob: true, webauthn:extension:minPinLength: true, webauthn:extension:prf: true, webauthn:virtualAuthenticators: true}
Session ID: 4932431d86ef5ca1c62da015705f4ecd
[2025-03-24 23:02:07] [INFO] Base - ConfigFile path: C:\Users\2391448\IdeaProjects\ZigWheelsAutomationProject\src\test\resources\config.properties
[2025-03-24 23:02:18] [INFO] Base - Default browser has been selected - Chrome
[2025-03-24 23:02:18] [ERROR] Base - There was an error opening the url invalid argument
  (Session info: chrome=131.0.6778.205)
Build info: version: '4.29.0', revision: '5fc1ec94cb'
System info: os.name: 'Windows 11', os.arch: 'amd64', os.version: '10.0', java.version: '21.0.6'
Driver info: org.openqa.selenium.chrome.ChromeDriver
Command: [c3262b0a9a7eb6b34b744cfec6dc4d1e, get {url="https://www.zigwheels.com/"}]
Capabilities {acceptInsecureCerts: false, browserName: chrome, browserVersion: 131.0.6778.205, chrome: {chromedriverVersion: 131.0.6778.264 (2d05e315153..., userDataDir: C:\Users\2391448\AppData\Lo...}, fedcm:accounts: true, goog:chromeOptions: {debuggerAddress: localhost:51603}, networkConnectionEnabled: false, pageLoadStrategy: normal, platformName: windows, proxy: Proxy(), se:cdp: ws://localhost:51603/devtoo..., se:cdpVersion: 131.0.6778.205, setWindowRect: true, strictFileInteractability: false, timeouts: {implicit: 0, pageLoad: 300000, script: 30000}, unhandledPromptBehavior: dismiss and notify, webauthn:extension:credBlob: true, webauthn:extension:largeBlob: true, webauthn:extension:minPinLength: true, webauthn:extension:prf: true, webauthn:virtualAuthenticators: true}
Session ID: c3262b0a9a7eb6b34b744cfec6dc4d1e
[2025-03-24 23:02:18] [ERROR] Base - Error while verifying ZigWheels logo: no such element: Unable to locate element: {"method":"css selector","selector":"img[alt='Home']"}
  (Session info: chrome=131.0.6778.205)
For documentation on this error, please visit: https://www.selenium.dev/documentation/webdriver/troubleshooting/errors#no-such-element-exception
Build info: version: '4.29.0', revision: '5fc1ec94cb'
System info: os.name: 'Windows 11', os.arch: 'amd64', os.version: '10.0', java.version: '21.0.6'
Driver info: org.openqa.selenium.chrome.ChromeDriver
Command: [c3262b0a9a7eb6b34b744cfec6dc4d1e, findElement {value=img[alt='Home'], using=css selector}]
Capabilities {acceptInsecureCerts: false, browserName: chrome, browserVersion: 131.0.6778.205, chrome: {chromedriverVersion: 131.0.6778.264 (2d05e315153..., userDataDir: C:\Users\2391448\AppData\Lo...}, fedcm:accounts: true, goog:chromeOptions: {debuggerAddress: localhost:51603}, networkConnectionEnabled: false, pageLoadStrategy: normal, platformName: windows, proxy: Proxy(), se:cdp: ws://localhost:51603/devtoo..., se:cdpVersion: 131.0.6778.205, setWindowRect: true, strictFileInteractability: false, timeouts: {implicit: 0, pageLoad: 300000, script: 30000}, unhandledPromptBehavior: dismiss and notify, webauthn:extension:credBlob: true, webauthn:extension:largeBlob: true, webauthn:extension:minPinLength: true, webauthn:extension:prf: true, webauthn:virtualAuthenticators: true}
Session ID: c3262b0a9a7eb6b34b744cfec6dc4d1e
[2025-03-24 23:04:34] [INFO] Base - ConfigFile path: C:\Users\2391448\IdeaProjects\ZigWheelsAutomationProject\src\test\resources\config.properties
[2025-03-24 23:04:45] [INFO] Base - Default browser has been selected - Chrome
[2025-03-24 23:04:45] [INFO] Base - ConfigFile path: C:\Users\2391448\IdeaProjects\ZigWheelsAutomationProject\src\test\resources\config.properties
[2025-03-24 23:04:45] [ERROR] Base - There was an error opening the url invalid argument
  (Session info: chrome=131.0.6778.205)
Build info: version: '4.29.0', revision: '5fc1ec94cb'
System info: os.name: 'Windows 11', os.arch: 'amd64', os.version: '10.0', java.version: '21.0.6'
Driver info: org.openqa.selenium.chrome.ChromeDriver
Command: [a4513390af46b14ff6e50b3084dfefe0, get {url="https://www.zigwheels.com/"}]
Capabilities {acceptInsecureCerts: false, browserName: chrome, browserVersion: 131.0.6778.205, chrome: {chromedriverVersion: 131.0.6778.264 (2d05e315153..., userDataDir: C:\Users\2391448\AppData\Lo...}, fedcm:accounts: true, goog:chromeOptions: {debuggerAddress: localhost:51828}, networkConnectionEnabled: false, pageLoadStrategy: normal, platformName: windows, proxy: Proxy(), se:cdp: ws://localhost:51828/devtoo..., se:cdpVersion: 131.0.6778.205, setWindowRect: true, strictFileInteractability: false, timeouts: {implicit: 0, pageLoad: 300000, script: 30000}, unhandledPromptBehavior: dismiss and notify, webauthn:extension:credBlob: true, webauthn:extension:largeBlob: true, webauthn:extension:minPinLength: true, webauthn:extension:prf: true, webauthn:virtualAuthenticators: true}
Session ID: a4513390af46b14ff6e50b3084dfefe0
[2025-03-24 23:04:45] [ERROR] Base - Error while verifying ZigWheels logo: no such element: Unable to locate element: {"method":"css selector","selector":"img[alt='Home']"}
  (Session info: chrome=131.0.6778.205)
For documentation on this error, please visit: https://www.selenium.dev/documentation/webdriver/troubleshooting/errors#no-such-element-exception
Build info: version: '4.29.0', revision: '5fc1ec94cb'
System info: os.name: 'Windows 11', os.arch: 'amd64', os.version: '10.0', java.version: '21.0.6'
Driver info: org.openqa.selenium.chrome.ChromeDriver
Command: [a4513390af46b14ff6e50b3084dfefe0, findElement {value=img[alt='Home'], using=css selector}]
Capabilities {acceptInsecureCerts: false, browserName: chrome, browserVersion: 131.0.6778.205, chrome: {chromedriverVersion: 131.0.6778.264 (2d05e315153..., userDataDir: C:\Users\2391448\AppData\Lo...}, fedcm:accounts: true, goog:chromeOptions: {debuggerAddress: localhost:51828}, networkConnectionEnabled: false, pageLoadStrategy: normal, platformName: windows, proxy: Proxy(), se:cdp: ws://localhost:51828/devtoo..., se:cdpVersion: 131.0.6778.205, setWindowRect: true, strictFileInteractability: false, timeouts: {implicit: 0, pageLoad: 300000, script: 30000}, unhandledPromptBehavior: dismiss and notify, webauthn:extension:credBlob: true, webauthn:extension:largeBlob: true, webauthn:extension:minPinLength: true, webauthn:extension:prf: true, webauthn:virtualAuthenticators: true}
Session ID: a4513390af46b14ff6e50b3084dfefe0
[2025-03-24 23:06:04] [INFO] Base - ConfigFile path: C:\Users\2391448\IdeaProjects\ZigWheelsAutomationProject\src\test\resources\config.properties
[2025-03-24 23:06:14] [INFO] Base - Default browser has been selected - Chrome
[2025-03-24 23:06:14] [INFO] Base - ConfigFile path: C:\Users\2391448\IdeaProjects\ZigWheelsAutomationProject\src\test\resources\config.properties
[2025-03-24 23:06:14] [ERROR] Base - There was an error opening the url invalid argument
  (Session info: chrome=131.0.6778.205)
Build info: version: '4.29.0', revision: '5fc1ec94cb'
System info: os.name: 'Windows 11', os.arch: 'amd64', os.version: '10.0', java.version: '21.0.6'
Driver info: org.openqa.selenium.chrome.ChromeDriver
Command: [3f04d0c221bf5c1ece50c374ca43b308, get {url="https://www.zigwheels.com/"}]
Capabilities {acceptInsecureCerts: false, browserName: chrome, browserVersion: 131.0.6778.205, chrome: {chromedriverVersion: 131.0.6778.264 (2d05e315153..., userDataDir: C:\Users\2391448\AppData\Lo...}, fedcm:accounts: true, goog:chromeOptions: {debuggerAddress: localhost:51955}, networkConnectionEnabled: false, pageLoadStrategy: normal, platformName: windows, proxy: Proxy(), se:cdp: ws://localhost:51955/devtoo..., se:cdpVersion: 131.0.6778.205, setWindowRect: true, strictFileInteractability: false, timeouts: {implicit: 0, pageLoad: 300000, script: 30000}, unhandledPromptBehavior: dismiss and notify, webauthn:extension:credBlob: true, webauthn:extension:largeBlob: true, webauthn:extension:minPinLength: true, webauthn:extension:prf: true, webauthn:virtualAuthenticators: true}
Session ID: 3f04d0c221bf5c1ece50c374ca43b308
[2025-03-24 23:06:14] [ERROR] Base - Error while verifying ZigWheels logo: no such element: Unable to locate element: {"method":"css selector","selector":"img[alt='Home']"}
  (Session info: chrome=131.0.6778.205)
For documentation on this error, please visit: https://www.selenium.dev/documentation/webdriver/troubleshooting/errors#no-such-element-exception
Build info: version: '4.29.0', revision: '5fc1ec94cb'
System info: os.name: 'Windows 11', os.arch: 'amd64', os.version: '10.0', java.version: '21.0.6'
Driver info: org.openqa.selenium.chrome.ChromeDriver
Command: [3f04d0c221bf5c1ece50c374ca43b308, findElement {value=img[alt='Home'], using=css selector}]
Capabilities {acceptInsecureCerts: false, browserName: chrome, browserVersion: 131.0.6778.205, chrome: {chromedriverVersion: 131.0.6778.264 (2d05e315153..., userDataDir: C:\Users\2391448\AppData\Lo...}, fedcm:accounts: true, goog:chromeOptions: {debuggerAddress: localhost:51955}, networkConnectionEnabled: false, pageLoadStrategy: normal, platformName: windows, proxy: Proxy(), se:cdp: ws://localhost:51955/devtoo..., se:cdpVersion: 131.0.6778.205, setWindowRect: true, strictFileInteractability: false, timeouts: {implicit: 0, pageLoad: 300000, script: 30000}, unhandledPromptBehavior: dismiss and notify, webauthn:extension:credBlob: true, webauthn:extension:largeBlob: true, webauthn:extension:minPinLength: true, webauthn:extension:prf: true, webauthn:virtualAuthenticators: true}
Session ID: 3f04d0c221bf5c1ece50c374ca43b308
[2025-03-24 23:14:01] [INFO] Base - ConfigFile path: C:\Users\2391448\IdeaProjects\ZigWheelsAutomationProject\src\test\resources\config.properties
[2025-03-24 23:14:11] [INFO] Base - Default browser has been selected - Chrome
[2025-03-24 23:14:12] [ERROR] Base - There was an error opening the url invalid argument
  (Session info: chrome=131.0.6778.205)
Build info: version: '4.29.0', revision: '5fc1ec94cb'
System info: os.name: 'Windows 11', os.arch: 'amd64', os.version: '10.0', java.version: '21.0.6'
Driver info: org.openqa.selenium.chrome.ChromeDriver
Command: [d39aa04b63d39f8466a7a339ef8f7939, get {url="https://www.zigwheels.com/"}]
Capabilities {acceptInsecureCerts: false, browserName: chrome, browserVersion: 131.0.6778.205, chrome: {chromedriverVersion: 131.0.6778.264 (2d05e315153..., userDataDir: C:\Users\2391448\AppData\Lo...}, fedcm:accounts: true, goog:chromeOptions: {debuggerAddress: localhost:52457}, networkConnectionEnabled: false, pageLoadStrategy: normal, platformName: windows, proxy: Proxy(), se:cdp: ws://localhost:52457/devtoo..., se:cdpVersion: 131.0.6778.205, setWindowRect: true, strictFileInteractability: false, timeouts: {implicit: 0, pageLoad: 300000, script: 30000}, unhandledPromptBehavior: dismiss and notify, webauthn:extension:credBlob: true, webauthn:extension:largeBlob: true, webauthn:extension:minPinLength: true, webauthn:extension:prf: true, webauthn:virtualAuthenticators: true}
Session ID: d39aa04b63d39f8466a7a339ef8f7939
[2025-03-24 23:14:12] [ERROR] Base - Error while verifying ZigWheels logo: no such element: Unable to locate element: {"method":"css selector","selector":"img[alt='Home']"}
  (Session info: chrome=131.0.6778.205)
For documentation on this error, please visit: https://www.selenium.dev/documentation/webdriver/troubleshooting/errors#no-such-element-exception
Build info: version: '4.29.0', revision: '5fc1ec94cb'
System info: os.name: 'Windows 11', os.arch: 'amd64', os.version: '10.0', java.version: '21.0.6'
Driver info: org.openqa.selenium.chrome.ChromeDriver
Command: [d39aa04b63d39f8466a7a339ef8f7939, findElement {value=img[alt='Home'], using=css selector}]
Capabilities {acceptInsecureCerts: false, browserName: chrome, browserVersion: 131.0.6778.205, chrome: {chromedriverVersion: 131.0.6778.264 (2d05e315153..., userDataDir: C:\Users\2391448\AppData\Lo...}, fedcm:accounts: true, goog:chromeOptions: {debuggerAddress: localhost:52457}, networkConnectionEnabled: false, pageLoadStrategy: normal, platformName: windows, proxy: Proxy(), se:cdp: ws://localhost:52457/devtoo..., se:cdpVersion: 131.0.6778.205, setWindowRect: true, strictFileInteractability: false, timeouts: {implicit: 0, pageLoad: 300000, script: 30000}, unhandledPromptBehavior: dismiss and notify, webauthn:extension:credBlob: true, webauthn:extension:largeBlob: true, webauthn:extension:minPinLength: true, webauthn:extension:prf: true, webauthn:virtualAuthenticators: true}
Session ID: d39aa04b63d39f8466a7a339ef8f7939
[2025-03-24 23:14:47] [INFO] Base - ConfigFile path: C:\Users\2391448\IdeaProjects\ZigWheelsAutomationProject\src\test\resources\config.properties
[2025-03-24 23:14:58] [INFO] Base - Default browser has been selected - Chrome
[2025-03-24 23:14:58] [ERROR] Base - There was an error opening the url invalid argument
  (Session info: chrome=131.0.6778.205)
Build info: version: '4.29.0', revision: '5fc1ec94cb'
System info: os.name: 'Windows 11', os.arch: 'amd64', os.version: '10.0', java.version: '21.0.6'
Driver info: org.openqa.selenium.chrome.ChromeDriver
Command: [9bb890148692bcceafc4398db74a582d, get {url="https://www.zigwheels.com"}]
Capabilities {acceptInsecureCerts: false, browserName: chrome, browserVersion: 131.0.6778.205, chrome: {chromedriverVersion: 131.0.6778.264 (2d05e315153..., userDataDir: C:\Users\2391448\AppData\Lo...}, fedcm:accounts: true, goog:chromeOptions: {debuggerAddress: localhost:52529}, networkConnectionEnabled: false, pageLoadStrategy: normal, platformName: windows, proxy: Proxy(), se:cdp: ws://localhost:52529/devtoo..., se:cdpVersion: 131.0.6778.205, setWindowRect: true, strictFileInteractability: false, timeouts: {implicit: 0, pageLoad: 300000, script: 30000}, unhandledPromptBehavior: dismiss and notify, webauthn:extension:credBlob: true, webauthn:extension:largeBlob: true, webauthn:extension:minPinLength: true, webauthn:extension:prf: true, webauthn:virtualAuthenticators: true}
Session ID: 9bb890148692bcceafc4398db74a582d
[2025-03-24 23:14:58] [ERROR] Base - Error while verifying ZigWheels logo: no such element: Unable to locate element: {"method":"css selector","selector":"img[alt='Home']"}
  (Session info: chrome=131.0.6778.205)
For documentation on this error, please visit: https://www.selenium.dev/documentation/webdriver/troubleshooting/errors#no-such-element-exception
Build info: version: '4.29.0', revision: '5fc1ec94cb'
System info: os.name: 'Windows 11', os.arch: 'amd64', os.version: '10.0', java.version: '21.0.6'
Driver info: org.openqa.selenium.chrome.ChromeDriver
Command: [9bb890148692bcceafc4398db74a582d, findElement {using=css selector, value=img[alt='Home']}]
Capabilities {acceptInsecureCerts: false, browserName: chrome, browserVersion: 131.0.6778.205, chrome: {chromedriverVersion: 131.0.6778.264 (2d05e315153..., userDataDir: C:\Users\2391448\AppData\Lo...}, fedcm:accounts: true, goog:chromeOptions: {debuggerAddress: localhost:52529}, networkConnectionEnabled: false, pageLoadStrategy: normal, platformName: windows, proxy: Proxy(), se:cdp: ws://localhost:52529/devtoo..., se:cdpVersion: 131.0.6778.205, setWindowRect: true, strictFileInteractability: false, timeouts: {implicit: 0, pageLoad: 300000, script: 30000}, unhandledPromptBehavior: dismiss and notify, webauthn:extension:credBlob: true, webauthn:extension:largeBlob: true, webauthn:extension:minPinLength: true, webauthn:extension:prf: true, webauthn:virtualAuthenticators: true}
Session ID: 9bb890148692bcceafc4398db74a582d
[2025-03-24 23:15:42] [INFO] Base - ConfigFile path: C:\Users\2391448\IdeaProjects\ZigWheelsAutomationProject\src\test\resources\config.properties
[2025-03-24 23:15:53] [INFO] Base - Chrome has been selected
[2025-03-24 23:15:55] [INFO] Base - Opening https://www.zigwheels.com/
[2025-03-24 23:15:56] [INFO] Base - ZigWheels logo display status: true
[2025-03-25 21:19:53] [INFO] Base - ConfigFile path: C:\Users\2391448\IdeaProjects\ZigWheelsAutomationProject\src\test\resources\config.properties
[2025-03-25 21:20:03] [INFO] Base - Chrome has been selected
[2025-03-25 21:20:06] [INFO] Base - Opening https://www.zigwheels.com/
[2025-03-25 22:21:59] [INFO] Base - ConfigFile path: C:\Users\2391448\IdeaProjects\ZigWheelsAutomationProject\src\test\resources\config.properties
[2025-03-25 22:22:15] [INFO] Base - Chrome has been selected
[2025-03-25 22:22:17] [INFO] Base - Opening https://www.zigwheels.com/
[2025-03-25 22:25:49] [INFO] Base - ConfigFile path: C:\Users\2391448\IdeaProjects\ZigWheelsAutomationProject\src\test\resources\config.properties
[2025-03-25 22:26:03] [INFO] Base - Chrome has been selected
[2025-03-25 22:26:06] [INFO] Base - Opening https://www.zigwheels.com/
[2025-03-25 22:29:40] [INFO] Base - ConfigFile path: C:\Users\2391448\IdeaProjects\ZigWheelsAutomationProject\src\test\resources\config.properties
[2025-03-25 22:29:51] [INFO] Base - Chrome has been selected
[2025-03-25 22:29:54] [INFO] Base - Opening https://www.zigwheels.com/
[2025-03-25 22:33:21] [INFO] Base - ConfigFile path: C:\Users\2391448\IdeaProjects\ZigWheelsAutomationProject\src\test\resources\config.properties
[2025-03-25 22:33:27] [INFO] Base - ConfigFile path: C:\Users\2391448\IdeaProjects\ZigWheelsAutomationProject\src\test\resources\config.properties
[2025-03-25 22:33:40] [INFO] Base - Chrome has been selected
[2025-03-25 22:33:43] [INFO] Base - Opening https://www.zigwheels.com/
[2025-03-25 22:33:43] [INFO] Base - PageFactory initialised
[2025-03-25 22:33:47] [INFO] Base - Waiting 5 seconds for accept cookies button to display
[2025-03-25 22:33:47] [INFO] Base - accepted cookies
[2025-03-25 22:33:47] [INFO] Base - Waiting 5 seconds for banner image to load
[2025-03-25 22:33:47] [INFO] Base - The Banner image is present, navigated to home page successfully
[2025-03-25 22:38:34] [INFO] Base - Chrome has been selected
[2025-03-25 22:38:37] [INFO] Base - Opening https://www.zigwheels.com/
[2025-03-25 22:38:37] [INFO] Base - PageFactory initialised
[2025-03-25 22:38:40] [INFO] Base - Waiting 5 seconds for accept cookies button to display
[2025-03-25 22:38:40] [INFO] Base - accepted cookies
[2025-03-25 22:38:40] [INFO] Base - Waiting 5 seconds for banner image to load
[2025-03-25 22:38:40] [INFO] Base - The Banner image is present, navigated to home page successfully
[2025-03-25 22:47:49] [INFO] Base - Chrome has been selected
[2025-03-25 22:47:51] [INFO] Base - Opening https://www.zigwheels.com/
[2025-03-25 22:47:51] [INFO] Base - PageFactory initialised
[2025-03-25 22:47:54] [INFO] Base - Waiting 5 seconds for accept cookies button to display
[2025-03-25 22:47:54] [INFO] Base - accepted cookies
[2025-03-25 22:47:54] [INFO] Base - Waiting 5 seconds for banner image to load
[2025-03-25 22:47:54] [INFO] Base - The Banner image is present, navigated to home page successfully
[2025-03-25 22:59:38] [INFO] Base - Chrome has been selected
[2025-03-25 22:59:39] [ERROR] Base - There was an error opening the url invalid argument
  (Session info: chrome=131.0.6778.205)
Build info: version: '4.29.0', revision: '5fc1ec94cb'
System info: os.name: 'Windows 11', os.arch: 'amd64', os.version: '10.0', java.version: '21.0.6'
Driver info: org.openqa.selenium.chrome.ChromeDriver
Command: [3f622786f32a68a33f16c792895a197b, get {url=TestingSite}]
Capabilities {acceptInsecureCerts: false, browserName: chrome, browserVersion: 131.0.6778.205, chrome: {chromedriverVersion: 131.0.6778.264 (2d05e315153..., userDataDir: C:\Users\2391448\AppData\Lo...}, fedcm:accounts: true, goog:chromeOptions: {debuggerAddress: localhost:53194}, networkConnectionEnabled: false, pageLoadStrategy: normal, platformName: windows, proxy: Proxy(), se:cdp: ws://localhost:53194/devtoo..., se:cdpVersion: 131.0.6778.205, setWindowRect: true, strictFileInteractability: false, timeouts: {implicit: 0, pageLoad: 300000, script: 30000}, unhandledPromptBehavior: dismiss and notify, webauthn:extension:credBlob: true, webauthn:extension:largeBlob: true, webauthn:extension:minPinLength: true, webauthn:extension:prf: true, webauthn:virtualAuthenticators: true}
Session ID: 3f622786f32a68a33f16c792895a197b
[2025-03-25 23:03:28] [INFO] Base - Chrome has been selected
[2025-03-25 23:03:28] [ERROR] Base - There was an error opening the url invalid argument
  (Session info: chrome=131.0.6778.205)
Build info: version: '4.29.0', revision: '5fc1ec94cb'
System info: os.name: 'Windows 11', os.arch: 'amd64', os.version: '10.0', java.version: '21.0.6'
Driver info: org.openqa.selenium.chrome.ChromeDriver
Command: [c6fb6638ad74e16d1aa8362fc602f66b, get {url=TestingSite}]
Capabilities {acceptInsecureCerts: false, browserName: chrome, browserVersion: 131.0.6778.205, chrome: {chromedriverVersion: 131.0.6778.264 (2d05e315153..., userDataDir: C:\Users\2391448\AppData\Lo...}, fedcm:accounts: true, goog:chromeOptions: {debuggerAddress: localhost:53537}, networkConnectionEnabled: false, pageLoadStrategy: normal, platformName: windows, proxy: Proxy(), se:cdp: ws://localhost:53537/devtoo..., se:cdpVersion: 131.0.6778.205, setWindowRect: true, strictFileInteractability: false, timeouts: {implicit: 0, pageLoad: 300000, script: 30000}, unhandledPromptBehavior: dismiss and notify, webauthn:extension:credBlob: true, webauthn:extension:largeBlob: true, webauthn:extension:minPinLength: true, webauthn:extension:prf: true, webauthn:virtualAuthenticators: true}
Session ID: c6fb6638ad74e16d1aa8362fc602f66b
[2025-03-25 23:04:55] [INFO] Base - Chrome has been selected
[2025-03-25 23:04:57] [INFO] Base - Opening https://www.zigwheels.com/
[2025-03-25 23:09:44] [INFO] Base - Chrome has been selected
[2025-03-25 23:09:46] [INFO] Base - Opening https://www.zigwheels.com/
[2025-03-25 23:10:01] [INFO] Base - Chrome has been selected
[2025-03-25 23:10:01] [INFO] Base - PageFactory initialised
[2025-03-25 23:10:07] [ERROR] Base - Error occurred while trying to click accept cookies button: Expected condition failed: waiting for visibility of Proxy element for: DefaultElementLocator 'By.cssSelector: p.fc-button-label' (tried for 5 second(s) with 500 milliseconds interval)
[2025-03-25 23:10:12] [ERROR] Base - Banner image did not load, navigation to homepage unsuccessful: Expected condition failed: waiting for visibility of Proxy element for: DefaultElementLocator 'By.cssSelector: img.banner.mobileimage' (tried for 5 second(s) with 500 milliseconds interval)
[2025-03-25 23:14:53] [INFO] Base - Chrome has been selected
[2025-03-25 23:14:55] [INFO] Base - Opening https://www.zigwheels.com/
[2025-03-25 23:15:20] [INFO] Base - Chrome has been selected
[2025-03-25 23:15:20] [INFO] Base - PageFactory initialised
[2025-03-25 23:15:26] [ERROR] Base - Error occurred while trying to click accept cookies button: Expected condition failed: waiting for visibility of Proxy element for: DefaultElementLocator 'By.cssSelector: p.fc-button-label' (tried for 5 second(s) with 500 milliseconds interval)
[2025-03-25 23:15:31] [ERROR] Base - Banner image did not load, navigation to homepage unsuccessful: Expected condition failed: waiting for visibility of Proxy element for: DefaultElementLocator 'By.cssSelector: img.banner.mobileimage' (tried for 5 second(s) with 500 milliseconds interval)
[2025-03-25 23:16:47] [INFO] Base - PageFactory initialised
[2025-03-25 23:17:00] [INFO] Base - Chrome has been selected
[2025-03-25 23:17:03] [INFO] Base - Opening https://www.zigwheels.com/
[2025-03-25 23:17:03] [ERROR] Base - Error occurred while trying to click accept cookies button: Cannot invoke "org.openqa.selenium.SearchContext.findElement(org.openqa.selenium.By)" because "this.searchContext" is null
[2025-03-25 23:17:03] [ERROR] Base - Banner image did not load, navigation to homepage unsuccessful: Cannot invoke "org.openqa.selenium.SearchContext.findElement(org.openqa.selenium.By)" because "this.searchContext" is null
[2025-03-25 23:20:38] [INFO] Base - Chrome has been selected
[2025-03-25 23:20:41] [INFO] Base - Opening https://www.zigwheels.com/
[2025-03-25 23:20:41] [INFO] Base - PageFactory initialised
[2025-03-25 23:20:45] [INFO] Base - Waiting 5 seconds for accept cookies button to display
[2025-03-25 23:20:46] [INFO] Base - accepted cookies
[2025-03-25 23:20:46] [INFO] Base - Waiting 5 seconds for banner image to load
[2025-03-25 23:20:46] [INFO] Base - The Banner image is present, navigated to home page successfully
[2025-03-25 23:21:32] [INFO] Base - Chrome has been selected
[2025-03-25 23:21:35] [INFO] Base - Opening https://www.zigwheels.com/
[2025-03-25 23:21:35] [INFO] Base - PageFactory initialised
[2025-03-25 23:21:37] [INFO] Base - Waiting 5 seconds for accept cookies button to display
[2025-03-25 23:21:38] [INFO] Base - accepted cookies
[2025-03-25 23:21:38] [INFO] Base - Waiting 5 seconds for banner image to load
[2025-03-25 23:21:38] [INFO] Base - The Banner image is present, navigated to home page successfully
